do run
loading script "helix_air.py"
loading script "helix_pump_ms.py"
loading script "helix_air.py"
loading script "helix_pump_prep.py"
testing...
no interpolation path defined
executed snippet estimated_duration=156.88, duration=0.000239133834839
script duration name:air seconds:157.0
loading script "helix_air.py"
loading script "helix_pump_ms.py"
loading script "helix_air.py"
loading script "helix_pump_prep.py"
testing...
no interpolation path defined
executed snippet estimated_duration=0, duration=2.09808349609e-05
air in script context. using previous estimated duration
script duration name:air seconds:157.0
loading script "helix_air.py"
loading script "helix_pump_ms.py"
loading script "helix_air.py"
loading script "helix_pump_prep.py"
testing...
no interpolation path defined
executed snippet estimated_duration=4.0, duration=9.20295715332e-05
Script duration 314.0
Run total estimated duration= 315.000
run duration: 0:05:15
doing event level: 2
----------------- start -----------------
**************** Experiment Type: Ar/Ar, Ar/Ar
create new session 4945137392
close session 4945137392
$$$$$ Clearing conditionals
adding conditionals 
Add queue conditionals
add default conditionals
no Default Conditionals file. None
Start automated run a-01-H-02
loading script "helix_air.py"
loading script "helix_pump_ms.py"
loading script "helix_air.py"
loading script "helix_pump_prep.py"
%%%%%%%%%%%%%%%%%% setting automated run a-01-H-02
No value "eqtime" in metadata
No value "sensitivity_multiplier" in metadata
$$$$$$$$$$$$$$$ auto_save_detector_ic=False
============================= Pre Extraction Check =============================
loading queue conditionals pre_run_terminations
loading system conditionals pre_run_terminations
no system conditionals file located at None
=================================================================================
start extraction
do extraction
Analysis started at 14:00:01.046524
Extraction Started helix_air.py
14:00:01 -- ******* Extraction Started helix_air.py *******
state changed from not run to extraction
DO EXTRACTION <pychron.extraction_line.pyscript_runner.PyScriptRunner object at 0x12862b770>
testing...
no interpolation path defined
executed snippet estimated_duration=64.0, duration=0.000405073165894
Air pipette
open ('3',) {}
open name=3 desc=---
check software interlocks 3
interlocks []
actuate state mode=None-script, software_lock=False
doing actuation None-script open_channel False
ROUT:OPEN (@103)
change switch state (True, True)
update switch state 3 True args=() kw={} ncanvase=2
14:00:01 -- OPEN   VALVE-3 (SecondToIP)
-------------------------- open 3 () result=[(True, True)]
action=open, ok=True, locked=[False]
close ('2',) {}
close name=2 desc=---
check software interlocks 2
interlocks []
actuate state mode=None-script, software_lock=False
doing actuation None-script close_channel False
ROUT:CLOSE (@102)
change switch state (True, True)
update switch state 2 False args=() kw={} ncanvase=2
14:00:01 -- CLOSE  VALVE-2 (ExtrToMS)
-------------------------- close 2 () result=[(True, True)]
action=close, ok=True, locked=[False]
open ('1',) {}
open name=1 desc=---
check software interlocks 1
interlocks []
actuate state mode=None-script, software_lock=False
doing actuation None-script open_channel False
Open Valve Ion Pump Set ===>> OK
change switch state (True, True)
update switch state 1 True args=() kw={} ncanvase=2
14:00:01 -- OPEN   VALVE-1 (MSIonPump)
-------------------------- open 1 () result=[(True, True)]
action=open, ok=True, locked=[False]
close ('8',) {}
close name=8 desc=---
check software interlocks 8
interlocks []
actuate state mode=None-script, software_lock=False
doing actuation None-script close_channel False
ROUT:CLOSE (@108)
change switch state (True, True)
update switch state 8 False args=() kw={} ncanvase=2
14:00:01 -- CLOSE  VALVE-8 (Sample1toFirst)
-------------------------- close 8 () result=[(True, True)]
action=close, ok=True, locked=[False]
close ('9',) {}
close name=9 desc=---
check software interlocks 9
interlocks []
actuate state mode=None-script, software_lock=False
doing actuation None-script close_channel False
ROUT:CLOSE (@109)
change switch state (True, True)
update switch state 9 False args=() kw={} ncanvase=2
14:00:02 -- CLOSE  VALVE-9 (Sample2toFirst)
-------------------------- close 9 () result=[(True, True)]
action=close, ok=True, locked=[False]
close ('7',) {}
close name=7 desc=---
check software interlocks 7
interlocks ['6']
actuate state mode=None-script, software_lock=False
doing actuation None-script close_channel False
ROUT:CLOSE (@107)
change switch state (True, True)
update switch state 7 False args=() kw={} ncanvase=2
14:00:02 -- CLOSE  VALVE-7 (APInner)
-------------------------- close 7 () result=[(True, True)]
action=close, ok=True, locked=[False]
open ('5',) {}
open name=5 desc=---
check software interlocks 5
interlocks []
actuate state mode=None-script, software_lock=False
doing actuation None-script open_channel False
ROUT:OPEN (@105)
change switch state (True, True)
update switch state 5 True args=() kw={} ncanvase=2
14:00:02 -- OPEN   VALVE-5 (FirstToTurbo)
-------------------------- open 5 () result=[(True, True)]
action=open, ok=True, locked=[False]
open ('11',) {}
open name=11 desc=---
check software interlocks 11
interlocks []
actuate state mode=None-script, software_lock=False
doing actuation None-script open_channel False
ROUT:OPEN (@111)
change switch state (True, True)
update switch state 11 True args=() kw={} ncanvase=2
14:00:03 -- OPEN   VALVE-11 (APSafety)
-------------------------- open 11 () result=[(True, True)]
action=open, ok=True, locked=[False]
open ('6',) {}
open name=6 desc=---
check software interlocks 6
interlocks ['7']
actuate state mode=None-script, software_lock=False
doing actuation None-script open_channel True
ROUT:OPEN (@106)
change switch state (True, True)
update switch state 6 True args=() kw={} ncanvase=2
14:00:03 -- OPEN   VALVE-6 (APOuter)
-------------------------- open 6 () result=[(True, True)]
action=open, ok=True, locked=[False]
sleep (15,) {}
SLEEP 15.0
block started
WaitControl setup for 15.0  
load indicator states
Switch indicator state True, Open
handle state ('11', True, False)
update switch state 11 True args=(False,) kw={} ncanvase=2
Switch indicator state True, Open
handle state ('10', True, False)
update switch state 10 True args=(False,) kw={} ncanvase=2
Switch indicator state True, Open
handle state ('1', True, False)
update switch state 1 True args=(False,) kw={} ncanvase=2
Switch indicator state True, Open
handle state ('3', True, False)
update switch state 3 True args=(False,) kw={} ncanvase=2
Switch indicator state False, Closed
handle state ('2', False, False)
update switch state 2 False args=(False,) kw={} ncanvase=2
Switch indicator state True, Open
handle state ('5', True, False)
update switch state 5 True args=(False,) kw={} ncanvase=2
Switch indicator state False, Closed
handle state ('4', False, False)
update switch state 4 False args=(False,) kw={} ncanvase=2
Switch indicator state False, Closed
handle state ('7', False, False)
update switch state 7 False args=(False,) kw={} ncanvase=2
Switch indicator state True, Open
handle state ('6', True, False)
update switch state 6 True args=(False,) kw={} ncanvase=2
Switch indicator state False, Closed
handle state ('9', False, False)
update switch state 9 False args=(False,) kw={} ncanvase=2
Switch indicator state False, Closed
handle state ('8', False, False)
update switch state 8 False args=(False,) kw={} ncanvase=2
Join finished
block finished. duration 15.0746328831
close ('6',) {}
close name=6 desc=---
check software interlocks 6
interlocks ['7']
actuate state mode=None-script, software_lock=False
doing actuation None-script close_channel True
ROUT:CLOSE (@106)
change switch state (True, True)
update switch state 6 False args=() kw={} ncanvase=2
14:00:18 -- CLOSE  VALVE-6 (APOuter)
-------------------------- close 6 () result=[(True, True)]
action=close, ok=True, locked=[False]
Filling pipette
open ('7',) {}
open name=7 desc=---
check software interlocks 7
interlocks ['6']
actuate state mode=None-script, software_lock=False
doing actuation None-script open_channel True
ROUT:OPEN (@107)
change switch state (True, True)
update switch state 7 True args=() kw={} ncanvase=2
14:00:19 -- OPEN   VALVE-7 (APInner)
-------------------------- open 7 () result=[(True, True)]
action=open, ok=True, locked=[False]
sleep (15,) {}
SLEEP 15.0
block started
WaitControl setup for 15.0  
load indicator states
Switch indicator state True, Open
handle state ('11', True, False)
update switch state 11 True args=(False,) kw={} ncanvase=2
Switch indicator state True, Open
handle state ('10', True, False)
update switch state 10 True args=(False,) kw={} ncanvase=2
Switch indicator state True, Open
handle state ('1', True, False)
update switch state 1 True args=(False,) kw={} ncanvase=2
Switch indicator state True, Open
handle state ('3', True, False)
update switch state 3 True args=(False,) kw={} ncanvase=2
Switch indicator state False, Closed
handle state ('2', False, False)
update switch state 2 False args=(False,) kw={} ncanvase=2
Switch indicator state True, Open
handle state ('5', True, False)
update switch state 5 True args=(False,) kw={} ncanvase=2
Switch indicator state False, Closed
handle state ('4', False, False)
update switch state 4 False args=(False,) kw={} ncanvase=2
Switch indicator state True, Open
handle state ('7', True, False)
update switch state 7 True args=(False,) kw={} ncanvase=2
Switch indicator state False, Closed
handle state ('6', False, False)
update switch state 6 False args=(False,) kw={} ncanvase=2
Switch indicator state False, Closed
handle state ('9', False, False)
update switch state 9 False args=(False,) kw={} ncanvase=2
Switch indicator state False, Closed
handle state ('8', False, False)
update switch state 8 False args=(False,) kw={} ncanvase=2
load indicator states
Switch indicator state True, Open
handle state ('11', True, False)
update switch state 11 True args=(False,) kw={} ncanvase=2
Switch indicator state True, Open
handle state ('10', True, False)
update switch state 10 True args=(False,) kw={} ncanvase=2
Switch indicator state True, Open
handle state ('1', True, False)
update switch state 1 True args=(False,) kw={} ncanvase=2
Switch indicator state True, Open
handle state ('3', True, False)
update switch state 3 True args=(False,) kw={} ncanvase=2
Switch indicator state False, Closed
handle state ('2', False, False)
update switch state 2 False args=(False,) kw={} ncanvase=2
Switch indicator state True, Open
handle state ('5', True, False)
update switch state 5 True args=(False,) kw={} ncanvase=2
Switch indicator state False, Closed
handle state ('4', False, False)
update switch state 4 False args=(False,) kw={} ncanvase=2
Switch indicator state True, Open
handle state ('7', True, False)
update switch state 7 True args=(False,) kw={} ncanvase=2
Switch indicator state False, Closed
handle state ('6', False, False)
update switch state 6 False args=(False,) kw={} ncanvase=2
Switch indicator state False, Closed
handle state ('9', False, False)
update switch state 9 False args=(False,) kw={} ncanvase=2
Switch indicator state False, Closed
handle state ('8', False, False)
update switch state 8 False args=(False,) kw={} ncanvase=2
Join finished
block finished. duration 15.0717320442
close ('7',) {}
close name=7 desc=---
check software interlocks 7
interlocks ['6']
actuate state mode=None-script, software_lock=False
doing actuation None-script close_channel True
ROUT:CLOSE (@107)
change switch state (True, True)
update switch state 7 False args=() kw={} ncanvase=2
14:00:34 -- CLOSE  VALVE-7 (APInner)
-------------------------- close 7 () result=[(True, True)]
action=close, ok=True, locked=[False]
close ('5',) {}
close name=5 desc=---
check software interlocks 5
interlocks []
actuate state mode=None-script, software_lock=False
doing actuation None-script close_channel True
ROUT:CLOSE (@105)
change switch state (True, True)
update switch state 5 False args=() kw={} ncanvase=2
14:00:34 -- CLOSE  VALVE-5 (FirstToTurbo)
-------------------------- close 5 () result=[(True, True)]
action=close, ok=True, locked=[False]
close ('3',) {}
close name=3 desc=---
check software interlocks 3
interlocks []
actuate state mode=None-script, software_lock=False
doing actuation None-script close_channel True
ROUT:CLOSE (@103)
change switch state (True, True)
update switch state 3 False args=() kw={} ncanvase=2
14:00:35 -- CLOSE  VALVE-3 (SecondToIP)
-------------------------- close 3 () result=[(True, True)]
action=close, ok=True, locked=[False]
sleep (2,) {}
SLEEP 2.0
block started
WaitControl setup for 2.0  
Join finished
block finished. duration 2.01874804497
open ('4',) {}
open name=4 desc=---
check software interlocks 4
interlocks []
actuate state mode=None-script, software_lock=False
doing actuation None-script open_channel True
ROUT:OPEN (@104)
change switch state (True, True)
update switch state 4 True args=() kw={} ncanvase=2
14:00:37 -- OPEN   VALVE-4 (FirstToSecondStage)
-------------------------- open 4 () result=[(True, True)]
action=open, ok=True, locked=[False]
open ('6',) {}
open name=6 desc=---
check software interlocks 6
interlocks ['7']
actuate state mode=None-script, software_lock=False
doing actuation None-script open_channel True
ROUT:OPEN (@106)
increment shot count 4
saved current shot count 4
change switch state (True, True)
update switch state 6 True args=() kw={} ncanvase=2
14:00:37 -- OPEN   VALVE-6 (APOuter)
-------------------------- open 6 () result=[(True, True)]
action=open, ok=True, locked=[False]
executed snippet estimated_duration=96.0, duration=36.8202271461
helix_air.py completed successfully
no extraction action
Requested Output= 0.000
Achieved Output=  0.000
no extraction action
no extraction action
no extraction action
no extraction action
persistence save...
persistence save - db
AutomatedRunPersister post_extraction_save deprecated
persistence save - dvc
no extraction position for 
Extraction Finished
14:00:37 -- ******* Extraction Finished *******
no overlap. not waiting for min ms pumptime
start measurement
do measurement
L#=a-01-H analysis type=air
Measurement Started helix_air.py
14:00:37 -- ******* Measurement Started helix_air.py *******
state changed from extraction to measurement
setting spec, defl, and gains
GetExtractionLens ===>> 53.17
GetYSymmetry ===>> 21.3198412698413
GetZSymmetry ===>> 0
GetZFocus ===>> 0
GetDeflection L2(CDD) ===>> Error: Invalid Command
Failed reading L2(CDD) deflection. Error=could not convert string to float: Error: Invalid Command. Using previous value 0
GetGain H2 ===>> 0.986801698763664
GetGain H1 ===>> 1.00965220605837
GetGain AX ===>> 1.0074395083375
GetGain L1 ===>> 1.00823694673985
GetGain L2(CDD) ===>> 0
pre measurement save
New frame /Users/labuser/Pychron/data/isotopes/87/819e88-d2ed-4ec1-9965-a128b36f5599.h5
flush and close file /Users/labuser/Pychron/data/isotopes/87/819e88-d2ed-4ec1-9965-a128b36f5599.h5
testing...
no interpolation path defined
executed snippet estimated_duration=156.88, duration=0.000247001647949
activate_detectors ('H2', 'H1', 'AX', 'L1', 'L2(CDD)') {}
activate detectors
*************** Set Analysis View Ar/Ar
create graphs
clearing graphs
clear isotope group
setting isotope det=H2, iso=Ar40
setting isotope det=H1, iso=Ar39
setting isotope det=AX, iso=Ar38
setting isotope det=L1, iso=Ar37
setting isotope det=L2(CDD), iso=Ar36
setting previous blanks
 - setting Ar40 blank 0.022+/-0.033
 - setting Ar36 blank 0.0352+/-0.0008
 - setting Ar37 blank 0.17+/-0.04
 - setting Ar38 blank 0.06+/-0.04
 - setting Ar39 blank -0.03+/-0.05
load analysis view
position_magnet ('Ar40',) {'detector': 'H2'}
detector Detector(H2)
POSITION Ar40 H2
setting detector H2 to Ar40 (39.962)
setting detector H1 to Ar39 (38.962)
setting detector AX to Ar38 (37.962)
setting detector L1 to Ar37 (36.962)
setting detector L2(CDD) to Ar36 (35.962)
Mapping mass to dac mass func: "parabolic"
H2 map mass coeffs = [  2.53589168e-02  -1.84786063e+00   3.71388543e+01]
H2 map mass to dac 39.962 >> 3.79186
GetHighVoltage ===>> 9900
positioning Ar40 (3.79186) on H2
setting magnet DAC
current  : 3.728809
requested: 3.791860
Delta Dac: 0.063051
SetMagnetDAC 3.79186 ===>> OK
Magnet settling time: 0.500
Magnet settling complete
set_dac. change=True
update labels <pychron.experiment.plot_panel.PlotPanel object at 0x12a4b1d70>
update labels "<pychron.graph.stacked_regression_graph.StackedRegressionGraph object at 0x1294e2dd0>"
setting label 0 H2 Ar40
setting label 1 H1 Ar39
setting label 2 AX Ar38
setting label 3 L1 Ar37
setting label 4 L2(CDD) Ar36
update labels "<pychron.graph.stacked_graph.StackedGraph object at 0x12a4b11d0>"
setting label 0 H2 Ar40
setting label 1 H1 Ar39
setting label 2 AX Ar38
setting label 3 L1 Ar37
setting label 4 L2(CDD) Ar36
equilibrate () {'inlet': '2', 'outlet': '1', 'eqtime': 15}
Equilibration Started
14:00:39 -- ******* Equilibration Started *******
check software interlocks 1
interlocks []
actuate state mode=None-script, software_lock=False
doing actuation None-script close_channel True
Close Valve Ion Pump Set ===>> OK
change switch state (True, True)
update switch state 1 False args=() kw={} ncanvase=2
14:00:39 -- CLOSE  VALVE-1 (MSIonPump)
waiting 3s before opening inlet value ('2',)
load indicator states
Switch indicator state True, Open
handle state ('11', True, False)
update switch state 11 True args=(False,) kw={} ncanvase=2
Switch indicator state True, Open
handle state ('10', True, False)
update switch state 10 True args=(False,) kw={} ncanvase=2
Switch indicator state False, Closed
handle state ('1', False, False)
update switch state 1 False args=(False,) kw={} ncanvase=2
Switch indicator state False, Closed
handle state ('3', False, False)
update switch state 3 False args=(False,) kw={} ncanvase=2
Switch indicator state False, Closed
handle state ('2', False, False)
update switch state 2 False args=(False,) kw={} ncanvase=2
Switch indicator state False, Closed
handle state ('5', False, False)
update switch state 5 False args=(False,) kw={} ncanvase=2
Switch indicator state True, Open
handle state ('4', True, False)
update switch state 4 True args=(False,) kw={} ncanvase=2
Switch indicator state False, Closed
handle state ('7', False, False)
update switch state 7 False args=(False,) kw={} ncanvase=2
Switch indicator state True, Open
handle state ('6', True, False)
update switch state 6 True args=(False,) kw={} ncanvase=2
Switch indicator state False, Closed
handle state ('9', False, False)
update switch state 9 False args=(False,) kw={} ncanvase=2
Switch indicator state False, Closed
handle state ('8', False, False)
update switch state 8 False args=(False,) kw={} ncanvase=2
check software interlocks 2
interlocks []
actuate state mode=None-script, software_lock=False
doing actuation None-script open_channel True
ROUT:OPEN (@102)
change switch state (True, True)
update switch state 2 True args=() kw={} ncanvase=2
14:00:42 -- OPEN   VALVE-2 (ExtrToMS)
set_time_zero () {}
equilibrating for 15sec
sniff (15,) {}
py_sniff
build tables- sniff [Detector(H2), Detector(H1), Detector(AX), Detector(L1), Detector(L2(CDD))]
add group /sniff/Ar40 (Group) '' table H2
add group /sniff/Ar39 (Group) '' table H1
add group /sniff/Ar38 (Group) '' table AX
add group /sniff/Ar37 (Group) '' table L1
add group /sniff/Ar36 (Group) '' table L2(CDD)
flush and close file /Users/labuser/Pychron/data/isotopes/87/819e88-d2ed-4ec1-9965-a128b36f5599.h5
measuring sniff. ncounts=15
"sniff" increment series count="1" fit count="0" regressing="False"
starting measurement
load indicator states
Switch indicator state True, Open
handle state ('11', True, False)
update switch state 11 True args=(False,) kw={} ncanvase=2
Switch indicator state True, Open
handle state ('10', True, False)
update switch state 10 True args=(False,) kw={} ncanvase=2
Switch indicator state False, Closed
handle state ('1', False, False)
update switch state 1 False args=(False,) kw={} ncanvase=2
Switch indicator state False, Closed
handle state ('3', False, False)
update switch state 3 False args=(False,) kw={} ncanvase=2
Switch indicator state True, Open
handle state ('2', True, False)
update switch state 2 True args=(False,) kw={} ncanvase=2
Switch indicator state False, Closed
handle state ('5', False, False)
update switch state 5 False args=(False,) kw={} ncanvase=2
Switch indicator state True, Open
handle state ('4', True, False)
update switch state 4 True args=(False,) kw={} ncanvase=2
Switch indicator state False, Closed
handle state ('7', False, False)
update switch state 7 False args=(False,) kw={} ncanvase=2
Switch indicator state True, Open
handle state ('6', True, False)
update switch state 6 True args=(False,) kw={} ncanvase=2
Switch indicator state False, Closed
handle state ('9', False, False)
update switch state 9 False args=(False,) kw={} ncanvase=2
Switch indicator state False, Closed
handle state ('8', False, False)
update switch state 8 False args=(False,) kw={} ncanvase=2
Equilibration Finished
14:00:57 -- ******* Equilibration Finished *******
check software interlocks 2
interlocks []
actuate state mode=None-script, software_lock=False
doing actuation None-script close_channel True
ROUT:CLOSE (@102)
change switch state (True, True)
update switch state 2 False args=() kw={} ncanvase=2
14:00:57 -- CLOSE  VALVE-2 (ExtrToMS)
Post Equilibration Started helix_pump_prep.py
14:00:57 -- ******* Post Equilibration Started helix_pump_prep.py *******
testing...
no interpolation path defined
executed snippet estimated_duration=4.0, duration=0.000164031982422
close ('6',) {}
close name=6 desc=---
check software interlocks 6
interlocks ['7']
actuate state mode=None-script, software_lock=False
doing actuation None-script close_channel True
ROUT:CLOSE (@106)
change switch state (True, True)
update switch state 6 False args=() kw={} ncanvase=2
14:00:57 -- CLOSE  VALVE-6 (APOuter)
-------------------------- close 6 () result=[(True, True)]
action=close, ok=True, locked=[False]
close ('4',) {}
close name=4 desc=---
check software interlocks 4
interlocks []
actuate state mode=None-script, software_lock=False
doing actuation None-script close_channel True
ROUT:CLOSE (@104)
waiting for write to finish
measurement finished
estimated time: 15.000 actual time: :15.098
flush and close file /Users/labuser/Pychron/data/isotopes/87/819e88-d2ed-4ec1-9965-a128b36f5599.h5
set_fits () {}
using default fits file=/Users/labuser/Pychron/scripts/measurement/fits/nominal.yaml
change switch state (True, True)
set "Ar40" to "('Linear', 'SEM')"
update switch state 4 False args=() kw={} ncanvase=2
set "Ar36" to "('Linear', 'SEM')"
set "Ar37" to "('Linear', 'SEM')"
14:00:58 -- CLOSE  VALVE-4 (FirstToSecondStage)
set "Ar38" to "('Linear', 'SEM')"
-------------------------- close 4 () result=[(True, True)]
set "Ar39" to "('Linear', 'SEM')"
set_baseline_fits () {}
using default fits file=/Users/labuser/Pychron/scripts/measurement/fits/nominal.yaml
set "H2" to "('Average', 'SEM')"
set "L2(CDD)" to "('Average', 'SEM')"
set "L1" to "('Average', 'SEM')"
set "AX" to "('Average', 'SEM')"
set "H1" to "('Average', 'SEM')"
multicollect () {'ncounts': 60}
build tables- signal [Detector(H2), Detector(H1), Detector(AX), Detector(L1), Detector(L2(CDD))]
add group /signal/Ar40 (Group) '' table H2
add group /signal/Ar39 (Group) '' table H1
add group /signal/Ar38 (Group) '' table AX
add group /signal/Ar37 (Group) '' table L1
add group /signal/Ar36 (Group) '' table L2(CDD)
flush and close file /Users/labuser/Pychron/data/isotopes/87/819e88-d2ed-4ec1-9965-a128b36f5599.h5
measuring signal. ncounts=60
"signal" increment series count="2" fit count="1" regressing="True"
action=close, ok=True, locked=[False]
sleep (2,) {}
SLEEP 2.0
block started
WaitControl setup for 2.0  
starting measurement
Join finished
block finished. duration 2.04191803932
open ('3',) {}
open name=3 desc=---
check software interlocks 3
interlocks []
actuate state mode=None-script, software_lock=False
doing actuation None-script open_channel True
ROUT:OPEN (@103)
change switch state (True, True)
update switch state 3 True args=() kw={} ncanvase=2
14:01:00 -- OPEN   VALVE-3 (SecondToIP)
-------------------------- open 3 () result=[(True, True)]
action=open, ok=True, locked=[False]
open ('11',) {}
open name=11 desc=---
check software interlocks 11
interlocks []
actuate state mode=None-script, software_lock=False
doing actuation None-script open_channel False
ROUT:OPEN (@111)
change switch state (True, True)
update switch state 11 True args=() kw={} ncanvase=2
14:01:00 -- OPEN   VALVE-11 (APSafety)
-------------------------- open 11 () result=[(True, True)]
action=open, ok=True, locked=[False]
open ('5',) {}
open name=5 desc=---
check software interlocks 5
interlocks []
actuate state mode=None-script, software_lock=False
doing actuation None-script open_channel True
ROUT:OPEN (@105)
change switch state (True, True)
update switch state 5 True args=() kw={} ncanvase=2
14:01:01 -- OPEN   VALVE-5 (FirstToTurbo)
-------------------------- open 5 () result=[(True, True)]
load indicator states
Switch indicator state True, Open
handle state ('11', True, False)
update switch state 11 True args=(False,) kw={} ncanvase=2
Switch indicator state True, Open
handle state ('10', True, False)
update switch state 10 True args=(False,) kw={} ncanvase=2
Switch indicator state False, Closed
handle state ('1', False, False)
update switch state 1 False args=(False,) kw={} ncanvase=2
Switch indicator state True, Open
handle state ('3', True, False)
update switch state 3 True args=(False,) kw={} ncanvase=2
Switch indicator state False, Closed
handle state ('2', False, False)
update switch state 2 False args=(False,) kw={} ncanvase=2
action=open, ok=True, locked=[False]
executed snippet estimated_duration=6.0, duration=3.61984491348
helix_pump_prep.py completed successfully
Post Equilibration Finished
14:01:01 -- ******* Post Equilibration Finished *******
Switch indicator state True, Open
handle state ('5', True, False)
update switch state 5 True args=(False,) kw={} ncanvase=2
Switch indicator state False, Closed
handle state ('4', False, False)
update switch state 4 False args=(False,) kw={} ncanvase=2
Switch indicator state False, Closed
handle state ('7', False, False)
update switch state 7 False args=(False,) kw={} ncanvase=2
Switch indicator state False, Closed
handle state ('6', False, False)
update switch state 6 False args=(False,) kw={} ncanvase=2
Switch indicator state False, Closed
handle state ('9', False, False)
update switch state 9 False args=(False,) kw={} ncanvase=2
Switch indicator state False, Closed
handle state ('8', False, False)
update switch state 8 False args=(False,) kw={} ncanvase=2
load indicator states
Switch indicator state True, Open
handle state ('11', True, False)
update switch state 11 True args=(False,) kw={} ncanvase=2
Switch indicator state True, Open
handle state ('10', True, False)
update switch state 10 True args=(False,) kw={} ncanvase=2
Switch indicator state False, Closed
handle state ('1', False, False)
update switch state 1 False args=(False,) kw={} ncanvase=2
Switch indicator state True, Open
handle state ('3', True, False)
update switch state 3 True args=(False,) kw={} ncanvase=2
Switch indicator state False, Closed
handle state ('2', False, False)
update switch state 2 False args=(False,) kw={} ncanvase=2
Switch indicator state True, Open
handle state ('5', True, False)
update switch state 5 True args=(False,) kw={} ncanvase=2
Switch indicator state False, Closed
handle state ('4', False, False)
update switch state 4 False args=(False,) kw={} ncanvase=2
Switch indicator state False, Closed
handle state ('7', False, False)
update switch state 7 False args=(False,) kw={} ncanvase=2
Switch indicator state False, Closed
handle state ('6', False, False)
update switch state 6 False args=(False,) kw={} ncanvase=2
Switch indicator state False, Closed
handle state ('9', False, False)
update switch state 9 False args=(False,) kw={} ncanvase=2
Switch indicator state False, Closed
handle state ('8', False, False)
update switch state 8 False args=(False,) kw={} ncanvase=2
load indicator states
Switch indicator state True, Open
handle state ('11', True, False)
update switch state 11 True args=(False,) kw={} ncanvase=2
Switch indicator state True, Open
handle state ('10', True, False)
update switch state 10 True args=(False,) kw={} ncanvase=2
Switch indicator state False, Closed
handle state ('1', False, False)
update switch state 1 False args=(False,) kw={} ncanvase=2
Switch indicator state True, Open
handle state ('3', True, False)
update switch state 3 True args=(False,) kw={} ncanvase=2
Switch indicator state False, Closed
handle state ('2', False, False)
update switch state 2 False args=(False,) kw={} ncanvase=2
Switch indicator state True, Open
handle state ('5', True, False)
update switch state 5 True args=(False,) kw={} ncanvase=2
Switch indicator state False, Closed
handle state ('4', False, False)
update switch state 4 False args=(False,) kw={} ncanvase=2
Switch indicator state False, Closed
handle state ('7', False, False)
update switch state 7 False args=(False,) kw={} ncanvase=2
Switch indicator state False, Closed
handle state ('6', False, False)
update switch state 6 False args=(False,) kw={} ncanvase=2
Switch indicator state False, Closed
handle state ('9', False, False)
update switch state 9 False args=(False,) kw={} ncanvase=2
Switch indicator state False, Closed
handle state ('8', False, False)
update switch state 8 False args=(False,) kw={} ncanvase=2
14:01:22 -- collecting point 25
load indicator states
Switch indicator state True, Open
handle state ('11', True, False)
update switch state 11 True args=(False,) kw={} ncanvase=2
Switch indicator state True, Open
handle state ('10', True, False)
update switch state 10 True args=(False,) kw={} ncanvase=2
Switch indicator state False, Closed
handle state ('1', False, False)
update switch state 1 False args=(False,) kw={} ncanvase=2
Switch indicator state True, Open
handle state ('3', True, False)
update switch state 3 True args=(False,) kw={} ncanvase=2
Switch indicator state False, Closed
handle state ('2', False, False)
update switch state 2 False args=(False,) kw={} ncanvase=2
Switch indicator state True, Open
handle state ('5', True, False)
update switch state 5 True args=(False,) kw={} ncanvase=2
Switch indicator state False, Closed
handle state ('4', False, False)
update switch state 4 False args=(False,) kw={} ncanvase=2
Switch indicator state False, Closed
handle state ('7', False, False)
update switch state 7 False args=(False,) kw={} ncanvase=2
Switch indicator state False, Closed
handle state ('6', False, False)
update switch state 6 False args=(False,) kw={} ncanvase=2
Switch indicator state False, Closed
handle state ('9', False, False)
update switch state 9 False args=(False,) kw={} ncanvase=2
Switch indicator state False, Closed
handle state ('8', False, False)
update switch state 8 False args=(False,) kw={} ncanvase=2
load indicator states
Switch indicator state True, Open
handle state ('11', True, False)
update switch state 11 True args=(False,) kw={} ncanvase=2
Switch indicator state True, Open
handle state ('10', True, False)
update switch state 10 True args=(False,) kw={} ncanvase=2
Switch indicator state False, Closed
handle state ('1', False, False)
update switch state 1 False args=(False,) kw={} ncanvase=2
Switch indicator state True, Open
handle state ('3', True, False)
update switch state 3 True args=(False,) kw={} ncanvase=2
Switch indicator state False, Closed
handle state ('2', False, False)
update switch state 2 False args=(False,) kw={} ncanvase=2
Switch indicator state True, Open
handle state ('5', True, False)
update switch state 5 True args=(False,) kw={} ncanvase=2
Switch indicator state False, Closed
handle state ('4', False, False)
update switch state 4 False args=(False,) kw={} ncanvase=2
Switch indicator state False, Closed
handle state ('7', False, False)
update switch state 7 False args=(False,) kw={} ncanvase=2
Switch indicator state False, Closed
handle state ('6', False, False)
update switch state 6 False args=(False,) kw={} ncanvase=2
Switch indicator state False, Closed
handle state ('9', False, False)
update switch state 9 False args=(False,) kw={} ncanvase=2
Switch indicator state False, Closed
handle state ('8', False, False)
update switch state 8 False args=(False,) kw={} ncanvase=2
14:01:47 -- collecting point 50
load indicator states
Switch indicator state True, Open
handle state ('11', True, False)
update switch state 11 True args=(False,) kw={} ncanvase=2
Switch indicator state True, Open
handle state ('10', True, False)
update switch state 10 True args=(False,) kw={} ncanvase=2
Switch indicator state False, Closed
handle state ('1', False, False)
update switch state 1 False args=(False,) kw={} ncanvase=2
Switch indicator state True, Open
handle state ('3', True, False)
update switch state 3 True args=(False,) kw={} ncanvase=2
Switch indicator state False, Closed
handle state ('2', False, False)
update switch state 2 False args=(False,) kw={} ncanvase=2
Switch indicator state True, Open
handle state ('5', True, False)
update switch state 5 True args=(False,) kw={} ncanvase=2
Switch indicator state False, Closed
handle state ('4', False, False)
update switch state 4 False args=(False,) kw={} ncanvase=2
Switch indicator state False, Closed
handle state ('7', False, False)
update switch state 7 False args=(False,) kw={} ncanvase=2
Switch indicator state False, Closed
handle state ('6', False, False)
update switch state 6 False args=(False,) kw={} ncanvase=2
Switch indicator state False, Closed
handle state ('9', False, False)
update switch state 9 False args=(False,) kw={} ncanvase=2
Switch indicator state False, Closed
handle state ('8', False, False)
update switch state 8 False args=(False,) kw={} ncanvase=2
waiting for write to finish
measurement finished
estimated time: 60.000 actual time: :60.256
flush and close file /Users/labuser/Pychron/data/isotopes/87/819e88-d2ed-4ec1-9965-a128b36f5599.h5
baselines () {'detector': 'H2', 'mass': 39.59, 'ncounts': 10}
%%%%%%%%%%%%%%%%%%%%%%%%%%%%%%%% Baseline
build tables- baseline [Detector(H2), Detector(H1), Detector(AX), Detector(L1), Detector(L2(CDD))]
add group baseline table H2
add group baseline table H1
add group baseline table AX
add group baseline table L1
add group baseline table L2(CDD)
flush and close file /Users/labuser/Pychron/data/isotopes/87/819e88-d2ed-4ec1-9965-a128b36f5599.h5
detector Detector(H2)
POSITION 39.59 H2
Mapping mass to dac mass func: "parabolic"
H2 map mass coeffs = [  2.53589168e-02  -1.84786063e+00   3.71388543e+01]
H2 map mass to dac 39.59 >> 3.7288090071
GetHighVoltage ===>> 9900
positioning 39.59 (3.7288090071) on H2
setting magnet DAC
current  : 3.791860
requested: 3.728809
Delta Dac: 0.063051
SetMagnetDAC 3.7288090071 ===>> OK
Magnet settling time: 0.500
Magnet settling complete
set_dac. change=True
Delaying 4s for detectors to settle
load indicator states
Switch indicator state True, Open
handle state ('11', True, False)
update switch state 11 True args=(False,) kw={} ncanvase=2
Switch indicator state True, Open
handle state ('10', True, False)
update switch state 10 True args=(False,) kw={} ncanvase=2
Switch indicator state False, Closed
handle state ('1', False, False)
update switch state 1 False args=(False,) kw={} ncanvase=2
Switch indicator state True, Open
handle state ('3', True, False)
update switch state 3 True args=(False,) kw={} ncanvase=2
Switch indicator state False, Closed
handle state ('2', False, False)
update switch state 2 False args=(False,) kw={} ncanvase=2
Switch indicator state True, Open
handle state ('5', True, False)
update switch state 5 True args=(False,) kw={} ncanvase=2
Switch indicator state False, Closed
handle state ('4', False, False)
update switch state 4 False args=(False,) kw={} ncanvase=2
Switch indicator state False, Closed
handle state ('7', False, False)
update switch state 7 False args=(False,) kw={} ncanvase=2
Switch indicator state False, Closed
handle state ('6', False, False)
update switch state 6 False args=(False,) kw={} ncanvase=2
Join finished
measuring baseline. ncounts=10
Switch indicator state False, Closed
handle state ('9', False, False)
update switch state 9 False args=(False,) kw={} ncanvase=2
Switch indicator state False, Closed
handle state ('8', False, False)
update switch state 8 False args=(False,) kw={} ncanvase=2
"baseline" increment series count="2" fit count="1" regressing="True"
starting measurement
load indicator states
Switch indicator state True, Open
handle state ('11', True, False)
update switch state 11 True args=(False,) kw={} ncanvase=2
Switch indicator state True, Open
handle state ('10', True, False)
update switch state 10 True args=(False,) kw={} ncanvase=2
Switch indicator state False, Closed
handle state ('1', False, False)
update switch state 1 False args=(False,) kw={} ncanvase=2
Switch indicator state True, Open
handle state ('3', True, False)
update switch state 3 True args=(False,) kw={} ncanvase=2
Switch indicator state False, Closed
handle state ('2', False, False)
update switch state 2 False args=(False,) kw={} ncanvase=2
Switch indicator state True, Open
handle state ('5', True, False)
update switch state 5 True args=(False,) kw={} ncanvase=2
Switch indicator state False, Closed
handle state ('4', False, False)
update switch state 4 False args=(False,) kw={} ncanvase=2
Switch indicator state False, Closed
handle state ('7', False, False)
update switch state 7 False args=(False,) kw={} ncanvase=2
Switch indicator state False, Closed
handle state ('6', False, False)
update switch state 6 False args=(False,) kw={} ncanvase=2
Switch indicator state False, Closed
handle state ('9', False, False)
update switch state 9 False args=(False,) kw={} ncanvase=2
Switch indicator state False, Closed
handle state ('8', False, False)
update switch state 8 False args=(False,) kw={} ncanvase=2
waiting for write to finish
measurement finished
estimated time: 10.000 actual time: :10.093
flush and close file /Users/labuser/Pychron/data/isotopes/87/819e88-d2ed-4ec1-9965-a128b36f5599.h5
peak_center () {'detector': 'H2', 'isotope': 'Ar40'}
peak center: mean=5617.2400376 threshold=3
peak center started
setup peak center. detector=['H2'], isotope=Ar40
VersionedUnpickler [<apptools.sweet_pickle.versioned_unpickler.VersionedUnpickler object at 0x1320de4d0>] using Updater [<apptools.sweet_pickle.updater.Updater object at 0x13004e770>]
VersionedUnpickler [<apptools.sweet_pickle.versioned_unpickler.VersionedUnpickler object at 0x1320de4d0>] using Updater [<apptools.sweet_pickle.updater.Updater object at 0x13004e770>]
VersionedUnpickler [<apptools.sweet_pickle.versioned_unpickler.VersionedUnpickler object at 0x1320de4d0>] using Updater [<apptools.sweet_pickle.updater.Updater object at 0x13004e770>]
setting integration time = 0.262144
SetIntegrationTime 0.262144 ===>> OK
Mapping mass to dac mass func: "parabolic"
H2 map mass coeffs = [  2.53589168e-02  -1.84786063e+00   3.71388543e+01]
H2 map mass to dac 39.962 >> 3.79186
GetHighVoltage ===>> 9900
do peak center. <pychron.spectrometer.jobs.peak_center.PeakCenter object at 0x1320de4d0>
doing pc
starting peak center. center dac= 3.79186 step_width=5e-05
width = 5e-05
get scan parameters. half-width=0.005,window=0.005, i=0, scalar=1
Scan parameters center=3.79186 width=0.01000 (3.78686 - 3.79686)
Moving to starting dac 3.78686
setting magnet DAC
current  : 3.728809
requested: 3.786860
Delta Dac: 0.058051
SetMagnetDAC 3.78686 ===>> OK
Magnet settling time: 0.500
Magnet settling complete
set_dac. change=True
Wait until signal near baseline. tol= -0.0124656387155. timeout= 10
Peak center baseline intensity achieved
_do_sweep sm= 3.78686, em= 3.79686, stm= 5e-05
calculated step values: start=3.78686, end=3.79686, width=5e-05, nsteps=201.0
setting magnet DAC
current  : 3.786860
requested: 3.786860
Delta Dac: 0.000000
set_dac. change=False
setting magnet DAC
current  : 3.786860
requested: 3.786910
Delta Dac: 0.000050
Magnet settling time: 0.524
Magnet settling complete
set_dac. change=True
setting magnet DAC
current  : 3.786910
requested: 3.786961
Delta Dac: 0.000050
Magnet settling time: 0.524
Magnet settling complete
set_dac. change=True
setting magnet DAC
current  : 3.786961
requested: 3.787011
Delta Dac: 0.000050
Magnet settling time: 0.524
Magnet settling complete
set_dac. change=True
setting magnet DAC
current  : 3.787011
requested: 3.787061
Delta Dac: 0.000050
Magnet settling time: 0.524
Magnet settling complete
set_dac. change=True
setting magnet DAC
current  : 3.787061
requested: 3.787111
Delta Dac: 0.000050
Magnet settling time: 0.524
Magnet settling complete
set_dac. change=True
setting magnet DAC
current  : 3.787111
requested: 3.787162
Delta Dac: 0.000050
Magnet settling time: 0.524
Magnet settling complete
set_dac. change=True
setting magnet DAC
current  : 3.787162
requested: 3.787212
Delta Dac: 0.000050
Magnet settling time: 0.524
Magnet settling complete
set_dac. change=True
setting magnet DAC
current  : 3.787212
requested: 3.787262
Delta Dac: 0.000050
Magnet settling time: 0.524
Magnet settling complete
set_dac. change=True
setting magnet DAC
current  : 3.787262
requested: 3.787312
Delta Dac: 0.000050
Magnet settling time: 0.524
Magnet settling complete
set_dac. change=True
setting magnet DAC
current  : 3.787312
requested: 3.787363
Delta Dac: 0.000050
Magnet settling time: 0.524
load indicator states
Switch indicator state True, Open
handle state ('11', True, False)
update switch state 11 True args=(False,) kw={} ncanvase=2
Switch indicator state True, Open
handle state ('10', True, False)
update switch state 10 True args=(False,) kw={} ncanvase=2
Switch indicator state False, Closed
handle state ('1', False, False)
update switch state 1 False args=(False,) kw={} ncanvase=2
Switch indicator state True, Open
handle state ('3', True, False)
update switch state 3 True args=(False,) kw={} ncanvase=2
Switch indicator state False, Closed
handle state ('2', False, False)
update switch state 2 False args=(False,) kw={} ncanvase=2
Magnet settling complete
set_dac. change=True
setting magnet DAC
current  : 3.787363
requested: 3.787413
Delta Dac: 0.000050
Switch indicator state True, Open
handle state ('5', True, False)
update switch state 5 True args=(False,) kw={} ncanvase=2
Magnet settling time: 0.524
Switch indicator state False, Closed
handle state ('4', False, False)
update switch state 4 False args=(False,) kw={} ncanvase=2
Switch indicator state False, Closed
handle state ('7', False, False)
update switch state 7 False args=(False,) kw={} ncanvase=2
Switch indicator state False, Closed
handle state ('6', False, False)
update switch state 6 False args=(False,) kw={} ncanvase=2
Switch indicator state False, Closed
handle state ('9', False, False)
update switch state 9 False args=(False,) kw={} ncanvase=2
Switch indicator state False, Closed
handle state ('8', False, False)
update switch state 8 False args=(False,) kw={} ncanvase=2
Magnet settling complete
set_dac. change=True
setting magnet DAC
current  : 3.787413
requested: 3.787463
Delta Dac: 0.000050
Magnet settling time: 0.524
Magnet settling complete
set_dac. change=True
setting magnet DAC
current  : 3.787463
requested: 3.787513
Delta Dac: 0.000050
Magnet settling time: 0.524
Magnet settling complete
set_dac. change=True
setting magnet DAC
current  : 3.787513
requested: 3.787564
Delta Dac: 0.000050
Magnet settling time: 0.524
Magnet settling complete
set_dac. change=True
setting magnet DAC
current  : 3.787564
requested: 3.787614
Delta Dac: 0.000050
Magnet settling time: 0.524
Magnet settling complete
set_dac. change=True
setting magnet DAC
current  : 3.787614
requested: 3.787664
Delta Dac: 0.000050
Magnet settling time: 0.524
Magnet settling complete
set_dac. change=True
setting magnet DAC
current  : 3.787664
requested: 3.787714
Delta Dac: 0.000050
Magnet settling time: 0.524
Magnet settling complete
set_dac. change=True
setting magnet DAC
current  : 3.787714
requested: 3.787765
Delta Dac: 0.000050
Magnet settling time: 0.524
Magnet settling complete
set_dac. change=True
setting magnet DAC
current  : 3.787765
requested: 3.787815
Delta Dac: 0.000050
Magnet settling time: 0.524
Magnet settling complete
set_dac. change=True
setting magnet DAC
current  : 3.787815
requested: 3.787865
Delta Dac: 0.000050
Magnet settling time: 0.524
Magnet settling complete
set_dac. change=True
setting magnet DAC
current  : 3.787865
requested: 3.787915
Delta Dac: 0.000050
Magnet settling time: 0.524
Magnet settling complete
set_dac. change=True
setting magnet DAC
current  : 3.787915
requested: 3.787966
Delta Dac: 0.000050
Magnet settling time: 0.524
Magnet settling complete
set_dac. change=True
setting magnet DAC
current  : 3.787966
requested: 3.788016
Delta Dac: 0.000050
Magnet settling time: 0.524
Magnet settling complete
set_dac. change=True
setting magnet DAC
current  : 3.788016
requested: 3.788066
Delta Dac: 0.000050
Magnet settling time: 0.524
Magnet settling complete
set_dac. change=True
setting magnet DAC
current  : 3.788066
requested: 3.788116
Delta Dac: 0.000050
Magnet settling time: 0.524
Magnet settling complete
set_dac. change=True
setting magnet DAC
current  : 3.788116
requested: 3.788167
Delta Dac: 0.000050
Magnet settling time: 0.524
Magnet settling complete
set_dac. change=True
setting magnet DAC
current  : 3.788167
requested: 3.788217
Delta Dac: 0.000050
Magnet settling time: 0.524
Magnet settling complete
set_dac. change=True
setting magnet DAC
current  : 3.788217
requested: 3.788267
Delta Dac: 0.000050
Magnet settling time: 0.524
load indicator states
Switch indicator state True, Open
handle state ('11', True, False)
update switch state 11 True args=(False,) kw={} ncanvase=2
Switch indicator state True, Open
handle state ('10', True, False)
update switch state 10 True args=(False,) kw={} ncanvase=2
Switch indicator state False, Closed
handle state ('1', False, False)
update switch state 1 False args=(False,) kw={} ncanvase=2
Magnet settling complete
set_dac. change=True
setting magnet DAC
current  : 3.788267
requested: 3.788317
Delta Dac: 0.000050
Switch indicator state True, Open
handle state ('3', True, False)
update switch state 3 True args=(False,) kw={} ncanvase=2
Switch indicator state False, Closed
handle state ('2', False, False)
update switch state 2 False args=(False,) kw={} ncanvase=2
Magnet settling time: 0.524
Switch indicator state True, Open
handle state ('5', True, False)
update switch state 5 True args=(False,) kw={} ncanvase=2
Switch indicator state False, Closed
handle state ('4', False, False)
update switch state 4 False args=(False,) kw={} ncanvase=2
Switch indicator state False, Closed
handle state ('7', False, False)
update switch state 7 False args=(False,) kw={} ncanvase=2
Switch indicator state False, Closed
handle state ('6', False, False)
update switch state 6 False args=(False,) kw={} ncanvase=2
Switch indicator state False, Closed
handle state ('9', False, False)
update switch state 9 False args=(False,) kw={} ncanvase=2
Switch indicator state False, Closed
handle state ('8', False, False)
update switch state 8 False args=(False,) kw={} ncanvase=2
Magnet settling complete
set_dac. change=True
setting magnet DAC
current  : 3.788317
requested: 3.788368
Delta Dac: 0.000050
Magnet settling time: 0.524
Magnet settling complete
set_dac. change=True
setting magnet DAC
current  : 3.788368
requested: 3.788418
Delta Dac: 0.000050
Magnet settling time: 0.524
Magnet settling complete
set_dac. change=True
setting magnet DAC
current  : 3.788418
requested: 3.788468
Delta Dac: 0.000050
Magnet settling time: 0.524
Magnet settling complete
set_dac. change=True
setting magnet DAC
current  : 3.788468
requested: 3.788518
Delta Dac: 0.000050
Magnet settling time: 0.524
Magnet settling complete
set_dac. change=True
setting magnet DAC
current  : 3.788518
requested: 3.788569
Delta Dac: 0.000050
Magnet settling time: 0.524
Magnet settling complete
set_dac. change=True
setting magnet DAC
current  : 3.788569
requested: 3.788619
Delta Dac: 0.000050
Magnet settling time: 0.524
Magnet settling complete
set_dac. change=True
setting magnet DAC
current  : 3.788619
requested: 3.788669
Delta Dac: 0.000050
Magnet settling time: 0.524
Magnet settling complete
set_dac. change=True
setting magnet DAC
current  : 3.788669
requested: 3.788719
Delta Dac: 0.000050
Magnet settling time: 0.524
Magnet settling complete
set_dac. change=True
setting magnet DAC
current  : 3.788719
requested: 3.788770
Delta Dac: 0.000050
Magnet settling time: 0.524
Magnet settling complete
set_dac. change=True
setting magnet DAC
current  : 3.788770
requested: 3.788820
Delta Dac: 0.000050
Magnet settling time: 0.524
Magnet settling complete
set_dac. change=True
setting magnet DAC
current  : 3.788820
requested: 3.788870
Delta Dac: 0.000050
Magnet settling time: 0.524
Magnet settling complete
set_dac. change=True
setting magnet DAC
current  : 3.788870
requested: 3.788920
Delta Dac: 0.000050
Magnet settling time: 0.524
Magnet settling complete
set_dac. change=True
setting magnet DAC
current  : 3.788920
requested: 3.788971
Delta Dac: 0.000050
Magnet settling time: 0.524
Magnet settling complete
set_dac. change=True
setting magnet DAC
current  : 3.788971
requested: 3.789021
Delta Dac: 0.000050
Magnet settling time: 0.524
Magnet settling complete
set_dac. change=True
setting magnet DAC
current  : 3.789021
requested: 3.789071
Delta Dac: 0.000050
Magnet settling time: 0.524
Magnet settling complete
set_dac. change=True
setting magnet DAC
current  : 3.789071
requested: 3.789121
Delta Dac: 0.000050
Magnet settling time: 0.524
Magnet settling complete
set_dac. change=True
setting magnet DAC
current  : 3.789121
requested: 3.789172
Delta Dac: 0.000050
Magnet settling time: 0.524
load indicator states
Switch indicator state True, Open
handle state ('11', True, False)
update switch state 11 True args=(False,) kw={} ncanvase=2
Magnet settling complete
set_dac. change=True
Switch indicator state True, Open
handle state ('10', True, False)
update switch state 10 True args=(False,) kw={} ncanvase=2
setting magnet DAC
current  : 3.789172
requested: 3.789222
Delta Dac: 0.000050
Switch indicator state False, Closed
handle state ('1', False, False)
update switch state 1 False args=(False,) kw={} ncanvase=2
Switch indicator state True, Open
handle state ('3', True, False)
update switch state 3 True args=(False,) kw={} ncanvase=2
Magnet settling time: 0.524
Switch indicator state False, Closed
handle state ('2', False, False)
update switch state 2 False args=(False,) kw={} ncanvase=2
Switch indicator state True, Open
handle state ('5', True, False)
update switch state 5 True args=(False,) kw={} ncanvase=2
Switch indicator state False, Closed
handle state ('4', False, False)
update switch state 4 False args=(False,) kw={} ncanvase=2
Switch indicator state False, Closed
handle state ('7', False, False)
update switch state 7 False args=(False,) kw={} ncanvase=2
Switch indicator state False, Closed
handle state ('6', False, False)
update switch state 6 False args=(False,) kw={} ncanvase=2
Switch indicator state False, Closed
handle state ('9', False, False)
update switch state 9 False args=(False,) kw={} ncanvase=2
Switch indicator state False, Closed
handle state ('8', False, False)
update switch state 8 False args=(False,) kw={} ncanvase=2
Magnet settling complete
set_dac. change=True
setting magnet DAC
current  : 3.789222
requested: 3.789272
Delta Dac: 0.000050
Magnet settling time: 0.524
Magnet settling complete
set_dac. change=True
setting magnet DAC
current  : 3.789272
requested: 3.789322
Delta Dac: 0.000050
Magnet settling time: 0.524
Magnet settling complete
set_dac. change=True
setting magnet DAC
current  : 3.789322
requested: 3.789373
Delta Dac: 0.000050
Magnet settling time: 0.524
Magnet settling complete
set_dac. change=True
setting magnet DAC
current  : 3.789373
requested: 3.789423
Delta Dac: 0.000050
Magnet settling time: 0.524
Magnet settling complete
set_dac. change=True
setting magnet DAC
current  : 3.789423
requested: 3.789473
Delta Dac: 0.000050
Magnet settling time: 0.524
Magnet settling complete
set_dac. change=True
setting magnet DAC
current  : 3.789473
requested: 3.789523
Delta Dac: 0.000050
Magnet settling time: 0.524
Magnet settling complete
set_dac. change=True
setting magnet DAC
current  : 3.789523
requested: 3.789574
Delta Dac: 0.000050
Magnet settling time: 0.524
Magnet settling complete
set_dac. change=True
setting magnet DAC
current  : 3.789574
requested: 3.789624
Delta Dac: 0.000050
Magnet settling time: 0.524
Magnet settling complete
set_dac. change=True
setting magnet DAC
current  : 3.789624
requested: 3.789674
Delta Dac: 0.000050
Magnet settling time: 0.524
Magnet settling complete
set_dac. change=True
setting magnet DAC
current  : 3.789674
requested: 3.789724
Delta Dac: 0.000050
Magnet settling time: 0.524
Magnet settling complete
set_dac. change=True
setting magnet DAC
current  : 3.789724
requested: 3.789775
Delta Dac: 0.000050
Magnet settling time: 0.524
Magnet settling complete
set_dac. change=True
setting magnet DAC
current  : 3.789775
requested: 3.789825
Delta Dac: 0.000050
Magnet settling time: 0.524
Magnet settling complete
set_dac. change=True
setting magnet DAC
current  : 3.789825
requested: 3.789875
Delta Dac: 0.000050
Magnet settling time: 0.524
Magnet settling complete
set_dac. change=True
setting magnet DAC
current  : 3.789875
requested: 3.789925
Delta Dac: 0.000050
Magnet settling time: 0.524
Magnet settling complete
set_dac. change=True
setting magnet DAC
current  : 3.789925
requested: 3.789976
Delta Dac: 0.000050
Magnet settling time: 0.524
Magnet settling complete
set_dac. change=True
setting magnet DAC
current  : 3.789976
requested: 3.790026
Delta Dac: 0.000050
Magnet settling time: 0.524
Magnet settling complete
set_dac. change=True
setting magnet DAC
current  : 3.790026
requested: 3.790076
Delta Dac: 0.000050
Magnet settling time: 0.524
load indicator states
Switch indicator state True, Open
handle state ('11', True, False)
update switch state 11 True args=(False,) kw={} ncanvase=2
Switch indicator state True, Open
handle state ('10', True, False)
update switch state 10 True args=(False,) kw={} ncanvase=2
Magnet settling complete
set_dac. change=True
Switch indicator state False, Closed
handle state ('1', False, False)
setting magnet DAC
update switch state 1 False args=(False,) kw={} ncanvase=2
current  : 3.790076
requested: 3.790126
Delta Dac: 0.000050
Switch indicator state True, Open
handle state ('3', True, False)
update switch state 3 True args=(False,) kw={} ncanvase=2
Magnet settling time: 0.524
Switch indicator state False, Closed
handle state ('2', False, False)
update switch state 2 False args=(False,) kw={} ncanvase=2
Switch indicator state True, Open
handle state ('5', True, False)
update switch state 5 True args=(False,) kw={} ncanvase=2
Switch indicator state False, Closed
handle state ('4', False, False)
update switch state 4 False args=(False,) kw={} ncanvase=2
Switch indicator state False, Closed
handle state ('7', False, False)
update switch state 7 False args=(False,) kw={} ncanvase=2
Switch indicator state False, Closed
handle state ('6', False, False)
update switch state 6 False args=(False,) kw={} ncanvase=2
Switch indicator state False, Closed
handle state ('9', False, False)
update switch state 9 False args=(False,) kw={} ncanvase=2
Switch indicator state False, Closed
handle state ('8', False, False)
update switch state 8 False args=(False,) kw={} ncanvase=2
Magnet settling complete
set_dac. change=True
setting magnet DAC
current  : 3.790126
requested: 3.790177
Delta Dac: 0.000050
Magnet settling time: 0.524
Magnet settling complete
set_dac. change=True
setting magnet DAC
current  : 3.790177
requested: 3.790227
Delta Dac: 0.000050
Magnet settling time: 0.524
Magnet settling complete
set_dac. change=True
setting magnet DAC
current  : 3.790227
requested: 3.790277
Delta Dac: 0.000050
Magnet settling time: 0.524
Magnet settling complete
set_dac. change=True
setting magnet DAC
current  : 3.790277
requested: 3.790327
Delta Dac: 0.000050
Magnet settling time: 0.524
Magnet settling complete
set_dac. change=True
setting magnet DAC
current  : 3.790327
requested: 3.790378
Delta Dac: 0.000050
Magnet settling time: 0.524
Magnet settling complete
set_dac. change=True
setting magnet DAC
current  : 3.790378
requested: 3.790428
Delta Dac: 0.000050
Magnet settling time: 0.524
Magnet settling complete
set_dac. change=True
setting magnet DAC
current  : 3.790428
requested: 3.790478
Delta Dac: 0.000050
Magnet settling time: 0.524
Magnet settling complete
set_dac. change=True
setting magnet DAC
current  : 3.790478
requested: 3.790528
Delta Dac: 0.000050
Magnet settling time: 0.524
Magnet settling complete
set_dac. change=True
setting magnet DAC
current  : 3.790528
requested: 3.790579
Delta Dac: 0.000050
Magnet settling time: 0.524
Magnet settling complete
set_dac. change=True
setting magnet DAC
current  : 3.790579
requested: 3.790629
Delta Dac: 0.000050
Magnet settling time: 0.524
Magnet settling complete
set_dac. change=True
setting magnet DAC
current  : 3.790629
requested: 3.790679
Delta Dac: 0.000050
Magnet settling time: 0.524
Magnet settling complete
set_dac. change=True
setting magnet DAC
current  : 3.790679
requested: 3.790729
Delta Dac: 0.000050
Magnet settling time: 0.524
Magnet settling complete
set_dac. change=True
setting magnet DAC
current  : 3.790729
requested: 3.790780
Delta Dac: 0.000050
Magnet settling time: 0.524
Magnet settling complete
set_dac. change=True
setting magnet DAC
current  : 3.790780
requested: 3.790830
Delta Dac: 0.000050
Magnet settling time: 0.524
Magnet settling complete
set_dac. change=True
setting magnet DAC
current  : 3.790830
requested: 3.790880
Delta Dac: 0.000050
Magnet settling time: 0.524
Magnet settling complete
set_dac. change=True
setting magnet DAC
current  : 3.790880
requested: 3.790930
Delta Dac: 0.000050
Magnet settling time: 0.524
Magnet settling complete
set_dac. change=True
setting magnet DAC
current  : 3.790930
requested: 3.790981
Delta Dac: 0.000050
Magnet settling time: 0.524
load indicator states
Switch indicator state True, Open
handle state ('11', True, False)
update switch state 11 True args=(False,) kw={} ncanvase=2
Switch indicator state True, Open
handle state ('10', True, False)
update switch state 10 True args=(False,) kw={} ncanvase=2
Switch indicator state False, Closed
handle state ('1', False, False)
update switch state 1 False args=(False,) kw={} ncanvase=2
Switch indicator state True, Open
handle state ('3', True, False)
update switch state 3 True args=(False,) kw={} ncanvase=2
Magnet settling complete
set_dac. change=True
setting magnet DAC
current  : 3.790981
requested: 3.791031
Delta Dac: 0.000050
Switch indicator state False, Closed
handle state ('2', False, False)
update switch state 2 False args=(False,) kw={} ncanvase=2
Magnet settling time: 0.524
Switch indicator state True, Open
handle state ('5', True, False)
update switch state 5 True args=(False,) kw={} ncanvase=2
Switch indicator state False, Closed
handle state ('4', False, False)
update switch state 4 False args=(False,) kw={} ncanvase=2
Switch indicator state False, Closed
handle state ('7', False, False)
update switch state 7 False args=(False,) kw={} ncanvase=2
Switch indicator state False, Closed
handle state ('6', False, False)
update switch state 6 False args=(False,) kw={} ncanvase=2
Switch indicator state False, Closed
handle state ('9', False, False)
update switch state 9 False args=(False,) kw={} ncanvase=2
Switch indicator state False, Closed
handle state ('8', False, False)
update switch state 8 False args=(False,) kw={} ncanvase=2
Magnet settling complete
set_dac. change=True
setting magnet DAC
current  : 3.791031
requested: 3.791081
Delta Dac: 0.000050
Magnet settling time: 0.524
Magnet settling complete
set_dac. change=True
setting magnet DAC
current  : 3.791081
requested: 3.791131
Delta Dac: 0.000050
Magnet settling time: 0.524
Magnet settling complete
set_dac. change=True
setting magnet DAC
current  : 3.791131
requested: 3.791182
Delta Dac: 0.000050
Magnet settling time: 0.524
Magnet settling complete
set_dac. change=True
setting magnet DAC
current  : 3.791182
requested: 3.791232
Delta Dac: 0.000050
Magnet settling time: 0.524
Magnet settling complete
set_dac. change=True
setting magnet DAC
current  : 3.791232
requested: 3.791282
Delta Dac: 0.000050
Magnet settling time: 0.524
Magnet settling complete
set_dac. change=True
setting magnet DAC
current  : 3.791282
requested: 3.791332
Delta Dac: 0.000050
Magnet settling time: 0.524
Magnet settling complete
set_dac. change=True
setting magnet DAC
current  : 3.791332
requested: 3.791383
Delta Dac: 0.000050
Magnet settling time: 0.524
Magnet settling complete
set_dac. change=True
setting magnet DAC
current  : 3.791383
requested: 3.791433
Delta Dac: 0.000050
Magnet settling time: 0.524
Magnet settling complete
set_dac. change=True
setting magnet DAC
current  : 3.791433
requested: 3.791483
Delta Dac: 0.000050
Magnet settling time: 0.524
Magnet settling complete
set_dac. change=True
setting magnet DAC
current  : 3.791483
requested: 3.791533
Delta Dac: 0.000050
Magnet settling time: 0.524
Magnet settling complete
set_dac. change=True
setting magnet DAC
current  : 3.791533
requested: 3.791584
Delta Dac: 0.000050
Magnet settling time: 0.524
Magnet settling complete
set_dac. change=True
setting magnet DAC
current  : 3.791584
requested: 3.791634
Delta Dac: 0.000050
Magnet settling time: 0.524
Magnet settling complete
set_dac. change=True
setting magnet DAC
current  : 3.791634
requested: 3.791684
Delta Dac: 0.000050
Magnet settling time: 0.524
Magnet settling complete
set_dac. change=True
setting magnet DAC
current  : 3.791684
requested: 3.791734
Delta Dac: 0.000050
Magnet settling time: 0.524
Magnet settling complete
set_dac. change=True
setting magnet DAC
current  : 3.791734
requested: 3.791785
Delta Dac: 0.000050
Magnet settling time: 0.524
Magnet settling complete
set_dac. change=True
setting magnet DAC
current  : 3.791785
requested: 3.791835
Delta Dac: 0.000050
Magnet settling time: 0.524
Magnet settling complete
set_dac. change=True
setting magnet DAC
current  : 3.791835
requested: 3.791885
Delta Dac: 0.000050
Magnet settling time: 0.524
load indicator states
Switch indicator state True, Open
handle state ('11', True, False)
update switch state 11 True args=(False,) kw={} ncanvase=2
Switch indicator state True, Open
handle state ('10', True, False)
update switch state 10 True args=(False,) kw={} ncanvase=2
Switch indicator state False, Closed
handle state ('1', False, False)
update switch state 1 False args=(False,) kw={} ncanvase=2
Switch indicator state True, Open
handle state ('3', True, False)
update switch state 3 True args=(False,) kw={} ncanvase=2
Magnet settling complete
set_dac. change=True
setting magnet DAC
current  : 3.791885
requested: 3.791935
Delta Dac: 0.000050
Switch indicator state False, Closed
handle state ('2', False, False)
update switch state 2 False args=(False,) kw={} ncanvase=2
Magnet settling time: 0.524
Switch indicator state True, Open
handle state ('5', True, False)
update switch state 5 True args=(False,) kw={} ncanvase=2
Switch indicator state False, Closed
handle state ('4', False, False)
update switch state 4 False args=(False,) kw={} ncanvase=2
Switch indicator state False, Closed
handle state ('7', False, False)
update switch state 7 False args=(False,) kw={} ncanvase=2
Switch indicator state False, Closed
handle state ('6', False, False)
update switch state 6 False args=(False,) kw={} ncanvase=2
Switch indicator state False, Closed
handle state ('9', False, False)
update switch state 9 False args=(False,) kw={} ncanvase=2
Switch indicator state False, Closed
handle state ('8', False, False)
update switch state 8 False args=(False,) kw={} ncanvase=2
Magnet settling complete
set_dac. change=True
setting magnet DAC
current  : 3.791935
requested: 3.791986
Delta Dac: 0.000050
Magnet settling time: 0.524
Magnet settling complete
set_dac. change=True
setting magnet DAC
current  : 3.791986
requested: 3.792036
Delta Dac: 0.000050
Magnet settling time: 0.524
Magnet settling complete
set_dac. change=True
setting magnet DAC
current  : 3.792036
requested: 3.792086
Delta Dac: 0.000050
Magnet settling time: 0.524
Magnet settling complete
set_dac. change=True
setting magnet DAC
current  : 3.792086
requested: 3.792136
Delta Dac: 0.000050
Magnet settling time: 0.524
Magnet settling complete
set_dac. change=True
setting magnet DAC
current  : 3.792136
requested: 3.792187
Delta Dac: 0.000050
Magnet settling time: 0.524
Magnet settling complete
set_dac. change=True
setting magnet DAC
current  : 3.792187
requested: 3.792237
Delta Dac: 0.000050
Magnet settling time: 0.524
Magnet settling complete
set_dac. change=True
setting magnet DAC
current  : 3.792237
requested: 3.792287
Delta Dac: 0.000050
Magnet settling time: 0.524
Magnet settling complete
set_dac. change=True
setting magnet DAC
current  : 3.792287
requested: 3.792337
Delta Dac: 0.000050
Magnet settling time: 0.524
Magnet settling complete
set_dac. change=True
setting magnet DAC
current  : 3.792337
requested: 3.792388
Delta Dac: 0.000050
Magnet settling time: 0.524
Magnet settling complete
set_dac. change=True
setting magnet DAC
current  : 3.792388
requested: 3.792438
Delta Dac: 0.000050
Magnet settling time: 0.524
Magnet settling complete
set_dac. change=True
setting magnet DAC
current  : 3.792438
requested: 3.792488
Delta Dac: 0.000050
Magnet settling time: 0.524
Magnet settling complete
set_dac. change=True
setting magnet DAC
current  : 3.792488
requested: 3.792538
Delta Dac: 0.000050
Magnet settling time: 0.524
Magnet settling complete
set_dac. change=True
setting magnet DAC
current  : 3.792538
requested: 3.792589
Delta Dac: 0.000050
Magnet settling time: 0.524
Magnet settling complete
set_dac. change=True
setting magnet DAC
current  : 3.792589
requested: 3.792639
Delta Dac: 0.000050
Magnet settling time: 0.524
Magnet settling complete
set_dac. change=True
setting magnet DAC
current  : 3.792639
requested: 3.792689
Delta Dac: 0.000050
Magnet settling time: 0.524
Magnet settling complete
set_dac. change=True
setting magnet DAC
current  : 3.792689
requested: 3.792739
Delta Dac: 0.000050
Magnet settling time: 0.524
Magnet settling complete
set_dac. change=True
setting magnet DAC
current  : 3.792739
requested: 3.792790
Delta Dac: 0.000050
Magnet settling time: 0.524
Magnet settling complete
load indicator states
set_dac. change=True
setting magnet DAC
current  : 3.792790
requested: 3.792840
Delta Dac: 0.000050
Magnet settling time: 0.524
Switch indicator state True, Open
handle state ('11', True, False)
update switch state 11 True args=(False,) kw={} ncanvase=2
Switch indicator state True, Open
handle state ('10', True, False)
update switch state 10 True args=(False,) kw={} ncanvase=2
Switch indicator state False, Closed
handle state ('1', False, False)
update switch state 1 False args=(False,) kw={} ncanvase=2
Switch indicator state True, Open
handle state ('3', True, False)
update switch state 3 True args=(False,) kw={} ncanvase=2
Switch indicator state False, Closed
handle state ('2', False, False)
update switch state 2 False args=(False,) kw={} ncanvase=2
Switch indicator state True, Open
handle state ('5', True, False)
update switch state 5 True args=(False,) kw={} ncanvase=2
Switch indicator state False, Closed
handle state ('4', False, False)
update switch state 4 False args=(False,) kw={} ncanvase=2
Switch indicator state False, Closed
handle state ('7', False, False)
update switch state 7 False args=(False,) kw={} ncanvase=2
Switch indicator state False, Closed
handle state ('6', False, False)
update switch state 6 False args=(False,) kw={} ncanvase=2
Switch indicator state False, Closed
handle state ('9', False, False)
update switch state 9 False args=(False,) kw={} ncanvase=2
Switch indicator state False, Closed
handle state ('8', False, False)
update switch state 8 False args=(False,) kw={} ncanvase=2
Magnet settling complete
set_dac. change=True
setting magnet DAC
current  : 3.792840
requested: 3.792890
Delta Dac: 0.000050
Magnet settling time: 0.524
Magnet settling complete
set_dac. change=True
setting magnet DAC
current  : 3.792890
requested: 3.792940
Delta Dac: 0.000050
Magnet settling time: 0.524
Magnet settling complete
set_dac. change=True
setting magnet DAC
current  : 3.792940
requested: 3.792991
Delta Dac: 0.000050
Magnet settling time: 0.524
Magnet settling complete
set_dac. change=True
setting magnet DAC
current  : 3.792991
requested: 3.793041
Delta Dac: 0.000050
Magnet settling time: 0.524
Magnet settling complete
set_dac. change=True
setting magnet DAC
current  : 3.793041
requested: 3.793091
Delta Dac: 0.000050
Magnet settling time: 0.524
Magnet settling complete
set_dac. change=True
setting magnet DAC
current  : 3.793091
requested: 3.793141
Delta Dac: 0.000050
Magnet settling time: 0.524
Magnet settling complete
set_dac. change=True
setting magnet DAC
current  : 3.793141
requested: 3.793192
Delta Dac: 0.000050
Magnet settling time: 0.524
Magnet settling complete
set_dac. change=True
setting magnet DAC
current  : 3.793192
requested: 3.793242
Delta Dac: 0.000050
Magnet settling time: 0.524
Magnet settling complete
set_dac. change=True
setting magnet DAC
current  : 3.793242
requested: 3.793292
Delta Dac: 0.000050
Magnet settling time: 0.524
Magnet settling complete
set_dac. change=True
setting magnet DAC
current  : 3.793292
requested: 3.793342
Delta Dac: 0.000050
Magnet settling time: 0.524
Magnet settling complete
set_dac. change=True
setting magnet DAC
current  : 3.793342
requested: 3.793393
Delta Dac: 0.000050
Magnet settling time: 0.524
Magnet settling complete
set_dac. change=True
setting magnet DAC
current  : 3.793393
requested: 3.793443
Delta Dac: 0.000050
Magnet settling time: 0.524
Magnet settling complete
set_dac. change=True
setting magnet DAC
current  : 3.793443
requested: 3.793493
Delta Dac: 0.000050
Magnet settling time: 0.524
Magnet settling complete
set_dac. change=True
setting magnet DAC
current  : 3.793493
requested: 3.793543
Delta Dac: 0.000050
Magnet settling time: 0.524
Magnet settling complete
set_dac. change=True
setting magnet DAC
current  : 3.793543
requested: 3.793594
Delta Dac: 0.000050
Magnet settling time: 0.524
Magnet settling complete
set_dac. change=True
setting magnet DAC
current  : 3.793594
requested: 3.793644
Delta Dac: 0.000050
Magnet settling time: 0.524
Magnet settling complete
set_dac. change=True
setting magnet DAC
current  : 3.793644
requested: 3.793694
Delta Dac: 0.000050
Magnet settling time: 0.524
Magnet settling complete
set_dac. change=True
setting magnet DAC
current  : 3.793694
requested: 3.793744
Delta Dac: 0.000050
Magnet settling time: 0.524
load indicator states
Switch indicator state True, Open
handle state ('11', True, False)
update switch state 11 True args=(False,) kw={} ncanvase=2
Switch indicator state True, Open
handle state ('10', True, False)
update switch state 10 True args=(False,) kw={} ncanvase=2
Switch indicator state False, Closed
handle state ('1', False, False)
update switch state 1 False args=(False,) kw={} ncanvase=2
Switch indicator state True, Open
handle state ('3', True, False)
update switch state 3 True args=(False,) kw={} ncanvase=2
Switch indicator state False, Closed
handle state ('2', False, False)
update switch state 2 False args=(False,) kw={} ncanvase=2
Switch indicator state True, Open
handle state ('5', True, False)
update switch state 5 True args=(False,) kw={} ncanvase=2
Switch indicator state False, Closed
handle state ('4', False, False)
update switch state 4 False args=(False,) kw={} ncanvase=2
Switch indicator state False, Closed
handle state ('7', False, False)
update switch state 7 False args=(False,) kw={} ncanvase=2
Switch indicator state False, Closed
handle state ('6', False, False)
update switch state 6 False args=(False,) kw={} ncanvase=2
Switch indicator state False, Closed
handle state ('9', False, False)
update switch state 9 False args=(False,) kw={} ncanvase=2
Switch indicator state False, Closed
handle state ('8', False, False)
update switch state 8 False args=(False,) kw={} ncanvase=2
Magnet settling complete
set_dac. change=True
setting magnet DAC
current  : 3.793744
requested: 3.793795
Delta Dac: 0.000050
Magnet settling time: 0.524
Magnet settling complete
set_dac. change=True
setting magnet DAC
current  : 3.793795
requested: 3.793845
Delta Dac: 0.000050
Magnet settling time: 0.524
Magnet settling complete
set_dac. change=True
setting magnet DAC
current  : 3.793845
requested: 3.793895
Delta Dac: 0.000050
Magnet settling time: 0.524
Magnet settling complete
set_dac. change=True
setting magnet DAC
current  : 3.793895
requested: 3.793945
Delta Dac: 0.000050
Magnet settling time: 0.524
Magnet settling complete
set_dac. change=True
setting magnet DAC
current  : 3.793945
requested: 3.793996
Delta Dac: 0.000050
Magnet settling time: 0.524
Magnet settling complete
set_dac. change=True
setting magnet DAC
current  : 3.793996
requested: 3.794046
Delta Dac: 0.000050
Magnet settling time: 0.524
Magnet settling complete
set_dac. change=True
setting magnet DAC
current  : 3.794046
requested: 3.794096
Delta Dac: 0.000050
Magnet settling time: 0.524
Magnet settling complete
set_dac. change=True
setting magnet DAC
current  : 3.794096
requested: 3.794146
Delta Dac: 0.000050
Magnet settling time: 0.524
Magnet settling complete
set_dac. change=True
setting magnet DAC
current  : 3.794146
requested: 3.794197
Delta Dac: 0.000050
Magnet settling time: 0.524
Magnet settling complete
set_dac. change=True
setting magnet DAC
current  : 3.794197
requested: 3.794247
Delta Dac: 0.000050
Magnet settling time: 0.524
Magnet settling complete
set_dac. change=True
setting magnet DAC
current  : 3.794247
requested: 3.794297
Delta Dac: 0.000050
Magnet settling time: 0.524
Magnet settling complete
set_dac. change=True
setting magnet DAC
current  : 3.794297
requested: 3.794347
Delta Dac: 0.000050
Magnet settling time: 0.524
Magnet settling complete
set_dac. change=True
setting magnet DAC
current  : 3.794347
requested: 3.794398
Delta Dac: 0.000050
Magnet settling time: 0.524
Magnet settling complete
set_dac. change=True
setting magnet DAC
current  : 3.794398
requested: 3.794448
Delta Dac: 0.000050
Magnet settling time: 0.524
Magnet settling complete
set_dac. change=True
setting magnet DAC
current  : 3.794448
requested: 3.794498
Delta Dac: 0.000050
Magnet settling time: 0.524
Magnet settling complete
set_dac. change=True
setting magnet DAC
current  : 3.794498
requested: 3.794548
Delta Dac: 0.000050
Magnet settling time: 0.524
Magnet settling complete
set_dac. change=True
setting magnet DAC
current  : 3.794548
requested: 3.794599
Delta Dac: 0.000050
Magnet settling time: 0.524
Magnet settling complete
set_dac. change=True
setting magnet DAC
current  : 3.794599
requested: 3.794649
Delta Dac: 0.000050
Magnet settling time: 0.524
load indicator states
Switch indicator state True, Open
handle state ('11', True, False)
update switch state 11 True args=(False,) kw={} ncanvase=2
Switch indicator state True, Open
handle state ('10', True, False)
update switch state 10 True args=(False,) kw={} ncanvase=2
Switch indicator state False, Closed
handle state ('1', False, False)
update switch state 1 False args=(False,) kw={} ncanvase=2
Switch indicator state True, Open
handle state ('3', True, False)
update switch state 3 True args=(False,) kw={} ncanvase=2
Switch indicator state False, Closed
handle state ('2', False, False)
update switch state 2 False args=(False,) kw={} ncanvase=2
Switch indicator state True, Open
handle state ('5', True, False)
update switch state 5 True args=(False,) kw={} ncanvase=2
Switch indicator state False, Closed
handle state ('4', False, False)
update switch state 4 False args=(False,) kw={} ncanvase=2
Switch indicator state False, Closed
handle state ('7', False, False)
update switch state 7 False args=(False,) kw={} ncanvase=2
Switch indicator state False, Closed
handle state ('6', False, False)
update switch state 6 False args=(False,) kw={} ncanvase=2
Switch indicator state False, Closed
handle state ('9', False, False)
update switch state 9 False args=(False,) kw={} ncanvase=2
Switch indicator state False, Closed
handle state ('8', False, False)
update switch state 8 False args=(False,) kw={} ncanvase=2
Magnet settling complete
set_dac. change=True
setting magnet DAC
current  : 3.794649
requested: 3.794699
Delta Dac: 0.000050
Magnet settling time: 0.524
Magnet settling complete
set_dac. change=True
setting magnet DAC
current  : 3.794699
requested: 3.794749
Delta Dac: 0.000050
Magnet settling time: 0.524
Magnet settling complete
set_dac. change=True
setting magnet DAC
current  : 3.794749
requested: 3.794800
Delta Dac: 0.000050
Magnet settling time: 0.524
Magnet settling complete
set_dac. change=True
setting magnet DAC
current  : 3.794800
requested: 3.794850
Delta Dac: 0.000050
Magnet settling time: 0.524
Magnet settling complete
set_dac. change=True
setting magnet DAC
current  : 3.794850
requested: 3.794900
Delta Dac: 0.000050
Magnet settling time: 0.524
Magnet settling complete
set_dac. change=True
setting magnet DAC
current  : 3.794900
requested: 3.794950
Delta Dac: 0.000050
Magnet settling time: 0.524
Magnet settling complete
set_dac. change=True
setting magnet DAC
current  : 3.794950
requested: 3.795001
Delta Dac: 0.000050
Magnet settling time: 0.524
Magnet settling complete
set_dac. change=True
setting magnet DAC
current  : 3.795001
requested: 3.795051
Delta Dac: 0.000050
Magnet settling time: 0.524
Magnet settling complete
set_dac. change=True
setting magnet DAC
current  : 3.795051
requested: 3.795101
Delta Dac: 0.000050
Magnet settling time: 0.524
Magnet settling complete
set_dac. change=True
setting magnet DAC
current  : 3.795101
requested: 3.795151
Delta Dac: 0.000050
Magnet settling time: 0.524
Magnet settling complete
set_dac. change=True
setting magnet DAC
current  : 3.795151
requested: 3.795202
Delta Dac: 0.000050
Magnet settling time: 0.524
Magnet settling complete
set_dac. change=True
setting magnet DAC
current  : 3.795202
requested: 3.795252
Delta Dac: 0.000050
Magnet settling time: 0.524
Magnet settling complete
set_dac. change=True
setting magnet DAC
current  : 3.795252
requested: 3.795302
Delta Dac: 0.000050
Magnet settling time: 0.524
Magnet settling complete
set_dac. change=True
setting magnet DAC
current  : 3.795302
requested: 3.795352
Delta Dac: 0.000050
Magnet settling time: 0.524
Magnet settling complete
set_dac. change=True
setting magnet DAC
current  : 3.795352
requested: 3.795403
Delta Dac: 0.000050
Magnet settling time: 0.524
Magnet settling complete
set_dac. change=True
setting magnet DAC
current  : 3.795403
requested: 3.795453
Delta Dac: 0.000050
Magnet settling time: 0.524
Magnet settling complete
set_dac. change=True
setting magnet DAC
current  : 3.795453
requested: 3.795503
Delta Dac: 0.000050
Magnet settling time: 0.524
Magnet settling complete
set_dac. change=True
setting magnet DAC
current  : 3.795503
requested: 3.795553
Delta Dac: 0.000050
Magnet settling time: 0.524
load indicator states
Switch indicator state True, Open
handle state ('11', True, False)
update switch state 11 True args=(False,) kw={} ncanvase=2
Switch indicator state True, Open
handle state ('10', True, False)
update switch state 10 True args=(False,) kw={} ncanvase=2
Switch indicator state False, Closed
handle state ('1', False, False)
update switch state 1 False args=(False,) kw={} ncanvase=2
Switch indicator state True, Open
handle state ('3', True, False)
update switch state 3 True args=(False,) kw={} ncanvase=2
Switch indicator state False, Closed
handle state ('2', False, False)
update switch state 2 False args=(False,) kw={} ncanvase=2
Switch indicator state True, Open
handle state ('5', True, False)
update switch state 5 True args=(False,) kw={} ncanvase=2
Switch indicator state False, Closed
handle state ('4', False, False)
update switch state 4 False args=(False,) kw={} ncanvase=2
Switch indicator state False, Closed
handle state ('7', False, False)
update switch state 7 False args=(False,) kw={} ncanvase=2
Switch indicator state False, Closed
handle state ('6', False, False)
update switch state 6 False args=(False,) kw={} ncanvase=2
Switch indicator state False, Closed
handle state ('9', False, False)
update switch state 9 False args=(False,) kw={} ncanvase=2
Switch indicator state False, Closed
handle state ('8', False, False)
update switch state 8 False args=(False,) kw={} ncanvase=2
Magnet settling complete
set_dac. change=True
setting magnet DAC
current  : 3.795553
requested: 3.795604
Delta Dac: 0.000050
Magnet settling time: 0.524
Magnet settling complete
set_dac. change=True
setting magnet DAC
current  : 3.795604
requested: 3.795654
Delta Dac: 0.000050
Magnet settling time: 0.524
Magnet settling complete
set_dac. change=True
setting magnet DAC
current  : 3.795654
requested: 3.795704
Delta Dac: 0.000050
Magnet settling time: 0.524
Magnet settling complete
set_dac. change=True
setting magnet DAC
current  : 3.795704
requested: 3.795754
Delta Dac: 0.000050
Magnet settling time: 0.524
Magnet settling complete
set_dac. change=True
setting magnet DAC
current  : 3.795754
requested: 3.795805
Delta Dac: 0.000050
Magnet settling time: 0.524
Magnet settling complete
set_dac. change=True
setting magnet DAC
current  : 3.795805
requested: 3.795855
Delta Dac: 0.000050
Magnet settling time: 0.524
Magnet settling complete
set_dac. change=True
setting magnet DAC
current  : 3.795855
requested: 3.795905
Delta Dac: 0.000050
Magnet settling time: 0.524
Magnet settling complete
set_dac. change=True
setting magnet DAC
current  : 3.795905
requested: 3.795955
Delta Dac: 0.000050
Magnet settling time: 0.524
Magnet settling complete
set_dac. change=True
setting magnet DAC
current  : 3.795955
requested: 3.796006
Delta Dac: 0.000050
Magnet settling time: 0.524
Magnet settling complete
set_dac. change=True
setting magnet DAC
current  : 3.796006
requested: 3.796056
Delta Dac: 0.000050
Magnet settling time: 0.524
Magnet settling complete
set_dac. change=True
setting magnet DAC
current  : 3.796056
requested: 3.796106
Delta Dac: 0.000050
Magnet settling time: 0.524
Magnet settling complete
set_dac. change=True
setting magnet DAC
current  : 3.796106
requested: 3.796156
Delta Dac: 0.000050
Magnet settling time: 0.524
Magnet settling complete
set_dac. change=True
setting magnet DAC
current  : 3.796156
requested: 3.796207
Delta Dac: 0.000050
Magnet settling time: 0.524
Magnet settling complete
set_dac. change=True
setting magnet DAC
current  : 3.796207
requested: 3.796257
Delta Dac: 0.000050
Magnet settling time: 0.524
Magnet settling complete
set_dac. change=True
setting magnet DAC
current  : 3.796257
requested: 3.796307
Delta Dac: 0.000050
Magnet settling time: 0.524
Magnet settling complete
set_dac. change=True
setting magnet DAC
current  : 3.796307
requested: 3.796357
Delta Dac: 0.000050
Magnet settling time: 0.524
Magnet settling complete
set_dac. change=True
setting magnet DAC
current  : 3.796357
requested: 3.796408
Delta Dac: 0.000050
Magnet settling time: 0.524
Magnet settling complete
set_dac. change=True
setting magnet DAC
current  : 3.796408
requested: 3.796458
Delta Dac: 0.000050
Magnet settling time: 0.524
load indicator states
Switch indicator state True, Open
handle state ('11', True, False)
update switch state 11 True args=(False,) kw={} ncanvase=2
Switch indicator state True, Open
handle state ('10', True, False)
update switch state 10 True args=(False,) kw={} ncanvase=2
Switch indicator state False, Closed
handle state ('1', False, False)
update switch state 1 False args=(False,) kw={} ncanvase=2
Switch indicator state True, Open
handle state ('3', True, False)
update switch state 3 True args=(False,) kw={} ncanvase=2
Switch indicator state False, Closed
handle state ('2', False, False)
update switch state 2 False args=(False,) kw={} ncanvase=2
Switch indicator state True, Open
handle state ('5', True, False)
update switch state 5 True args=(False,) kw={} ncanvase=2
Switch indicator state False, Closed
handle state ('4', False, False)
update switch state 4 False args=(False,) kw={} ncanvase=2
Switch indicator state False, Closed
handle state ('7', False, False)
update switch state 7 False args=(False,) kw={} ncanvase=2
Switch indicator state False, Closed
handle state ('6', False, False)
update switch state 6 False args=(False,) kw={} ncanvase=2
Switch indicator state False, Closed
handle state ('9', False, False)
update switch state 9 False args=(False,) kw={} ncanvase=2
Switch indicator state False, Closed
handle state ('8', False, False)
update switch state 8 False args=(False,) kw={} ncanvase=2
Magnet settling complete
set_dac. change=True
setting magnet DAC
current  : 3.796458
requested: 3.796508
Delta Dac: 0.000050
Magnet settling time: 0.524
Magnet settling complete
set_dac. change=True
setting magnet DAC
current  : 3.796508
requested: 3.796558
Delta Dac: 0.000050
Magnet settling time: 0.524
Magnet settling complete
set_dac. change=True
setting magnet DAC
current  : 3.796558
requested: 3.796609
Delta Dac: 0.000050
Magnet settling time: 0.524
Magnet settling complete
set_dac. change=True
setting magnet DAC
current  : 3.796609
requested: 3.796659
Delta Dac: 0.000050
Magnet settling time: 0.524
Magnet settling complete
set_dac. change=True
setting magnet DAC
current  : 3.796659
requested: 3.796709
Delta Dac: 0.000050
Magnet settling time: 0.524
Magnet settling complete
set_dac. change=True
setting magnet DAC
current  : 3.796709
requested: 3.796759
Delta Dac: 0.000050
Magnet settling time: 0.524
Magnet settling complete
set_dac. change=True
setting magnet DAC
current  : 3.796759
requested: 3.796810
Delta Dac: 0.000050
Magnet settling time: 0.524
Magnet settling complete
set_dac. change=True
setting magnet DAC
current  : 3.796810
requested: 3.796860
Delta Dac: 0.000050
Magnet settling time: 0.524
Magnet settling complete
set_dac. change=True
result of _do_sweep=True
result of _calculate_peak_center=([3.7904171142284637, 3.7918700200400872, 3.7933229258517107], [1005.9212791129002, 5577.5592000240831, 905.93051367679914], 3.7921505811623315, 5577.5592000240831)
new center pos Detector(H2) (Ar40) @ 3.79187002004
sweep finished
GetHighVoltage ===>> 9900
dac uncorrected for HV and deflection 3.79187002004
update mftable H2 Ar40 3.79187002004 message=automated run peakcenter
get initial guess parabolic
get initial guess parabolic
_execute: Traceback (most recent call last):
  File "/Users/labuser/Programming/pychron/pychron/pyscripts/pyscript.py", line 360, in execute_snippet
    func(*argv)
  File "<string>", line 51, in main
  File "/Users/labuser/Programming/pychron/pychron/pyscripts/pyscript.py", line 135, in decorator
    return func(obj, *args, **kw)
  File "/Users/labuser/Programming/pychron/pychron/pyscripts/measurement_pyscript.py", line 371, in peak_center
    save=save, config_name=config_name)
  File "/Users/labuser/Programming/pychron/pychron/pyscripts/measurement_pyscript.py", line 883, in _automated_run_call
    return func(*args, **kw)
  File "/Users/labuser/Programming/pychron/pychron/experiment/automated_run/automated_run.py", line 626, in py_peak_center
    ion.do_peak_center(new_thread=False, save=save, message='automated run peakcenter', timeout=300)
  File "/Users/labuser/Programming/pychron/pychron/spectrometer/ion_optics/ion_optics_manager.py", line 172, in do_peak_center
    self._peak_center(*args)
  File "/Users/labuser/Programming/pychron/pychron/spectrometer/ion_optics/ion_optics_manager.py", line 377, in _peak_center
    update_others=pc.update_others)
  File "/Users/labuser/Programming/pychron/pychron/spectrometer/base_magnet.py", line 84, in update_field_table
    self.mftable.update_field_table(*args, **kw)
  File "/Users/labuser/Programming/pychron/pychron/spectrometer/mftable.py", line 195, in update_field_table
    p = least_squares(polyval, xs, ny, initial_guess)
  File "/Users/labuser/Programming/pychron/pychron/spectrometer/mftable.py", line 43, in least_squares
    ret, info = leastsq(errfunc, initial_guess, args=(xs, ys))
  File "/Users/labuser/miniconda2/envs/pychron/lib/python2.7/site-packages/scipy/optimize/minpack.py", line 380, in leastsq
    raise TypeError('Improper input: N=%s must not exceed M=%s' % (n, m))
TypeError: Improper input: N=3 must not exceed M=1

Post Measurement Started helix_pump_ms.py
14:04:12 -- ******* Post Measurement Started helix_pump_ms.py *******
testing...
no interpolation path defined
executed snippet estimated_duration=0, duration=3.81469726562e-05
open ('1',) {}
open name=1 desc=---
check software interlocks 1
interlocks []
actuate state mode=None-script, software_lock=False
doing actuation None-script open_channel True
Open Valve Ion Pump Set ===>> OK
change switch state (True, True)
update switch state 1 True args=() kw={} ncanvase=2
14:04:12 -- OPEN   VALVE-1 (MSIonPump)
-------------------------- open 1 () result=[(True, True)]
action=open, ok=True, locked=[False]
executed snippet estimated_duration=0, duration=0.267894983292
helix_pump_ms.py completed successfully
setting _ms_pumptime
Post Measurement Finished
14:04:12 -- ******* Post Measurement Finished *******
----------------- finish -----------------
state changed from measurement to failed
----------------- stop -----------------
Measurement Finished unsuccessfully. Aborted=False
14:04:12 -- ******* Measurement Finished unsuccessfully. Aborted=False *******
failed execution step Measurement Failed
measurement did not complete successfully
14:04:12 -- Automated run a-01-H-02 failed duration: 251.412 s
----------------- finish -----------------
----------------- stop -----------------
finish run. runs completed=2
write rem/ex queues
/Users/labuser/Pychron/experiments/rem/Air.rem.txt
/Users/labuser/Pychron/experiments/rem/Air.ex.txt
doing event level: 3
