do run
loading script "helix_air.py"
loading script "helix_pump_ms.py"
loading script "helix_air.py"
loading script "helix_pump_prep.py"
testing...
no interpolation path defined
executed snippet estimated_duration=286.88, duration=0.000214815139771
script duration name:air seconds:287.0
loading script "helix_air.py"
loading script "helix_pump_ms.py"
loading script "helix_air.py"
loading script "helix_pump_prep.py"
testing...
no interpolation path defined
executed snippet estimated_duration=0, duration=2.19345092773e-05
air in script context. using previous estimated duration
script duration name:air seconds:287.0
loading script "helix_air.py"
loading script "helix_pump_ms.py"
loading script "helix_air.py"
loading script "helix_pump_prep.py"
testing...
no interpolation path defined
executed snippet estimated_duration=4.0, duration=9.48905944824e-05
Script duration 574.0
Run total estimated duration= 575.000
run duration: 0:09:35
doing event level: 2
----------------- start -----------------
**************** Experiment Type: Ar/Ar, Ar/Ar
create new session 4958223728
close session 4958223728
$$$$$ Clearing conditionals
adding conditionals 
Add queue conditionals
add default conditionals
adding default conditionals from /Users/labuser/Pychron/setupfiles/spectrometer/default_conditionals.yaml
Start automated run a-01-H-15
loading script "helix_air.py"
loading script "helix_pump_ms.py"
loading script "helix_air.py"
loading script "helix_pump_prep.py"
%%%%%%%%%%%%%%%%%% setting automated run a-01-H-15
No value "sensitivity_multiplier" in metadata
$$$$$$$$$$$$$$$ auto_save_detector_ic=False
============================= Pre Extraction Check =============================
loading queue conditionals pre_run_terminations
loading system conditionals pre_run_terminations
loading conditionals from /Users/labuser/Pychron/setupfiles/spectrometer/default_conditionals.yaml
09:52:46 -- ******* Pre Extraction Check *******
Get a measurement from the spectrometer
Pre Extraction Termination data. keys=L2(CDD),H2,H1,AX,L1, signals=-0.00001,-0.03718,-0.11194,-0.00597,-0.06510
09:52:46 -- testing system defined conditionals
Checking default pre extraction terminations n=1
testing L2_CDD_
evaluate ot="L2(CDD).inactive" t="L2_CDD_", ctx="{'L2_CDD_': False}"
09:52:46 -- ******* Pre Extraction Check Passed *******
=================================================================================
start extraction
do extraction
Analysis started at 09:52:46.426216
Extraction Started helix_air.py
09:52:46 -- ******* Extraction Started helix_air.py *******
state changed from not run to extraction
DO EXTRACTION <pychron.extraction_line.pyscript_runner.PyScriptRunner object at 0x12886bb90>
testing...
no interpolation path defined
executed snippet estimated_duration=68.0, duration=0.000401020050049
Air pipette
open ('3',) {}
open name=3 desc=---
check software interlocks 3
interlocks []
actuate state mode=None-script, software_lock=False
doing actuation None-script open_channel False
ROUT:OPEN (@103)
change switch state (True, True)
update switch state 3 True args=() kw={} ncanvase=2
09:52:46 -- OPEN   VALVE-3 (SecondToIP)
-------------------------- open 3 () result=[(True, True)]
action=open, ok=True, locked=[False]
close ('2',) {}
close name=2 desc=---
check software interlocks 2
interlocks []
actuate state mode=None-script, software_lock=False
doing actuation None-script close_channel False
ROUT:CLOSE (@102)
change switch state (True, True)
update switch state 2 False args=() kw={} ncanvase=2
09:52:46 -- CLOSE  VALVE-2 (ExtrToMS)
-------------------------- close 2 () result=[(True, True)]
action=close, ok=True, locked=[False]
open ('1',) {}
open name=1 desc=---
check software interlocks 1
interlocks []
actuate state mode=None-script, software_lock=False
doing actuation None-script open_channel False
Open Valve Ion Pump Set ===>> OK
change switch state (True, True)
update switch state 1 True args=() kw={} ncanvase=2
09:52:47 -- OPEN   VALVE-1 (MSIonPump)
-------------------------- open 1 () result=[(True, True)]
action=open, ok=True, locked=[False]
close ('8',) {}
close name=8 desc=---
check software interlocks 8
interlocks []
actuate state mode=None-script, software_lock=False
doing actuation None-script close_channel False
ROUT:CLOSE (@108)
change switch state (True, True)
update switch state 8 False args=() kw={} ncanvase=2
09:52:47 -- CLOSE  VALVE-8 (Sample1toFirst)
-------------------------- close 8 () result=[(True, True)]
action=close, ok=True, locked=[False]
close ('9',) {}
close name=9 desc=---
check software interlocks 9
interlocks []
actuate state mode=None-script, software_lock=False
doing actuation None-script close_channel False
ROUT:CLOSE (@109)
change switch state (True, True)
update switch state 9 False args=() kw={} ncanvase=2
09:52:47 -- CLOSE  VALVE-9 (Sample2toFirst)
-------------------------- close 9 () result=[(True, True)]
action=close, ok=True, locked=[False]
close ('7',) {}
close name=7 desc=---
check software interlocks 7
interlocks ['6']
actuate state mode=None-script, software_lock=False
doing actuation None-script close_channel False
ROUT:CLOSE (@107)
change switch state (True, True)
update switch state 7 False args=() kw={} ncanvase=2
09:52:47 -- CLOSE  VALVE-7 (APInner)
-------------------------- close 7 () result=[(True, True)]
action=close, ok=True, locked=[False]
open ('5',) {}
open name=5 desc=---
check software interlocks 5
interlocks []
actuate state mode=None-script, software_lock=False
doing actuation None-script open_channel False
ROUT:OPEN (@105)
change switch state (True, True)
update switch state 5 True args=() kw={} ncanvase=2
09:52:48 -- OPEN   VALVE-5 (FirstToTurbo)
-------------------------- open 5 () result=[(True, True)]
load indicator states
Switch indicator state True, Open
handle state ('11', True, False)
update switch state 11 True args=(False,) kw={} ncanvase=2
Switch indicator state True, Open
handle state ('10', True, False)
update switch state 10 True args=(False,) kw={} ncanvase=2
Switch indicator state True, Open
handle state ('1', True, False)
update switch state 1 True args=(False,) kw={} ncanvase=2
Switch indicator state True, Open
handle state ('3', True, False)
update switch state 3 True args=(False,) kw={} ncanvase=2
action=open, ok=True, locked=[False]
open ('11',) {}
open name=11 desc=---
check software interlocks 11
interlocks []
actuate state mode=None-script, software_lock=False
doing actuation None-script open_channel False
Switch indicator state False, Closed
ROUT:OPEN (@111)
handle state ('2', False, False)
update switch state 2 False args=(False,) kw={} ncanvase=2
change switch state (True, True)
update switch state 11 True args=() kw={} ncanvase=2
09:52:48 -- OPEN   VALVE-11 (APSafety)
-------------------------- open 11 () result=[(True, True)]
Switch indicator state True, Open
handle state ('5', True, False)
update switch state 5 True args=(False,) kw={} ncanvase=2
Switch indicator state False, Closed
handle state ('4', False, False)
update switch state 4 False args=(False,) kw={} ncanvase=2
Switch indicator state False, Closed
handle state ('7', False, False)
update switch state 7 False args=(False,) kw={} ncanvase=2
Switch indicator state False, Closed
handle state ('6', False, False)
update switch state 6 False args=(False,) kw={} ncanvase=2
Switch indicator state False, Closed
handle state ('9', False, False)
update switch state 9 False args=(False,) kw={} ncanvase=2
Switch indicator state False, Closed
handle state ('8', False, False)
update switch state 8 False args=(False,) kw={} ncanvase=2
action=open, ok=True, locked=[False]
open ('6',) {}
open name=6 desc=---
check software interlocks 6
interlocks ['7']
actuate state mode=None-script, software_lock=False
doing actuation None-script open_channel True
ROUT:OPEN (@106)
change switch state (True, True)
update switch state 6 True args=() kw={} ncanvase=2
09:52:48 -- OPEN   VALVE-6 (APOuter)
-------------------------- open 6 () result=[(True, True)]
action=open, ok=True, locked=[False]
sleep (15,) {}
SLEEP 15.0
block started
WaitControl setup for 15.0  
load indicator states
Switch indicator state True, Open
handle state ('11', True, False)
update switch state 11 True args=(False,) kw={} ncanvase=2
Switch indicator state True, Open
handle state ('10', True, False)
update switch state 10 True args=(False,) kw={} ncanvase=2
Switch indicator state True, Open
handle state ('1', True, False)
update switch state 1 True args=(False,) kw={} ncanvase=2
Switch indicator state True, Open
handle state ('3', True, False)
update switch state 3 True args=(False,) kw={} ncanvase=2
Switch indicator state False, Closed
handle state ('2', False, False)
update switch state 2 False args=(False,) kw={} ncanvase=2
Switch indicator state True, Open
handle state ('5', True, False)
update switch state 5 True args=(False,) kw={} ncanvase=2
Switch indicator state False, Closed
handle state ('4', False, False)
update switch state 4 False args=(False,) kw={} ncanvase=2
Switch indicator state False, Closed
handle state ('7', False, False)
update switch state 7 False args=(False,) kw={} ncanvase=2
Switch indicator state True, Open
handle state ('6', True, False)
update switch state 6 True args=(False,) kw={} ncanvase=2
Switch indicator state False, Closed
handle state ('9', False, False)
update switch state 9 False args=(False,) kw={} ncanvase=2
Switch indicator state False, Closed
handle state ('8', False, False)
update switch state 8 False args=(False,) kw={} ncanvase=2
Join finished
block finished. duration 15.0638549328
close ('6',) {}
close name=6 desc=---
check software interlocks 6
interlocks ['7']
actuate state mode=None-script, software_lock=False
doing actuation None-script close_channel True
ROUT:CLOSE (@106)
change switch state (True, True)
update switch state 6 False args=() kw={} ncanvase=2
09:53:04 -- CLOSE  VALVE-6 (APOuter)
-------------------------- close 6 () result=[(True, True)]
action=close, ok=True, locked=[False]
sleep (2,) {}
SLEEP 2.0
block started
WaitControl setup for 2.0  
Join finished
block finished. duration 2.03024697304
Filling pipette
open ('7',) {}
open name=7 desc=---
check software interlocks 7
interlocks ['6']
actuate state mode=None-script, software_lock=False
doing actuation None-script open_channel True
ROUT:OPEN (@107)
change switch state (True, True)
update switch state 7 True args=() kw={} ncanvase=2
09:53:06 -- OPEN   VALVE-7 (APInner)
-------------------------- open 7 () result=[(True, True)]
action=open, ok=True, locked=[False]
sleep (15,) {}
SLEEP 15.0
block started
WaitControl setup for 15.0  
load indicator states
Switch indicator state True, Open
handle state ('11', True, False)
update switch state 11 True args=(False,) kw={} ncanvase=2
Switch indicator state True, Open
handle state ('10', True, False)
update switch state 10 True args=(False,) kw={} ncanvase=2
Switch indicator state True, Open
handle state ('1', True, False)
update switch state 1 True args=(False,) kw={} ncanvase=2
Switch indicator state True, Open
handle state ('3', True, False)
update switch state 3 True args=(False,) kw={} ncanvase=2
Switch indicator state False, Closed
handle state ('2', False, False)
update switch state 2 False args=(False,) kw={} ncanvase=2
Switch indicator state True, Open
handle state ('5', True, False)
update switch state 5 True args=(False,) kw={} ncanvase=2
Switch indicator state False, Closed
handle state ('4', False, False)
update switch state 4 False args=(False,) kw={} ncanvase=2
Switch indicator state True, Open
handle state ('7', True, False)
update switch state 7 True args=(False,) kw={} ncanvase=2
Switch indicator state False, Closed
handle state ('6', False, False)
update switch state 6 False args=(False,) kw={} ncanvase=2
Switch indicator state False, Closed
handle state ('9', False, False)
update switch state 9 False args=(False,) kw={} ncanvase=2
Switch indicator state False, Closed
handle state ('8', False, False)
update switch state 8 False args=(False,) kw={} ncanvase=2
load indicator states
Switch indicator state True, Open
handle state ('11', True, False)
update switch state 11 True args=(False,) kw={} ncanvase=2
Switch indicator state True, Open
handle state ('10', True, False)
update switch state 10 True args=(False,) kw={} ncanvase=2
Switch indicator state True, Open
handle state ('1', True, False)
update switch state 1 True args=(False,) kw={} ncanvase=2
Switch indicator state True, Open
handle state ('3', True, False)
update switch state 3 True args=(False,) kw={} ncanvase=2
Switch indicator state False, Closed
handle state ('2', False, False)
update switch state 2 False args=(False,) kw={} ncanvase=2
Switch indicator state True, Open
handle state ('5', True, False)
update switch state 5 True args=(False,) kw={} ncanvase=2
Switch indicator state False, Closed
handle state ('4', False, False)
update switch state 4 False args=(False,) kw={} ncanvase=2
Switch indicator state True, Open
handle state ('7', True, False)
update switch state 7 True args=(False,) kw={} ncanvase=2
Switch indicator state False, Closed
handle state ('6', False, False)
update switch state 6 False args=(False,) kw={} ncanvase=2
Switch indicator state False, Closed
handle state ('9', False, False)
update switch state 9 False args=(False,) kw={} ncanvase=2
Switch indicator state False, Closed
handle state ('8', False, False)
update switch state 8 False args=(False,) kw={} ncanvase=2
Join finished
block finished. duration 15.0796890259
close ('7',) {}
close name=7 desc=---
check software interlocks 7
interlocks ['6']
actuate state mode=None-script, software_lock=False
doing actuation None-script close_channel True
ROUT:CLOSE (@107)
change switch state (True, True)
update switch state 7 False args=() kw={} ncanvase=2
09:53:21 -- CLOSE  VALVE-7 (APInner)
-------------------------- close 7 () result=[(True, True)]
action=close, ok=True, locked=[False]
close ('5',) {}
close name=5 desc=---
check software interlocks 5
interlocks []
actuate state mode=None-script, software_lock=False
doing actuation None-script close_channel True
ROUT:CLOSE (@105)
change switch state (True, True)
update switch state 5 False args=() kw={} ncanvase=2
09:53:22 -- CLOSE  VALVE-5 (FirstToTurbo)
-------------------------- close 5 () result=[(True, True)]
action=close, ok=True, locked=[False]
close ('3',) {}
close name=3 desc=---
check software interlocks 3
interlocks []
actuate state mode=None-script, software_lock=False
doing actuation None-script close_channel True
ROUT:CLOSE (@103)
change switch state (True, True)
update switch state 3 False args=() kw={} ncanvase=2
09:53:22 -- CLOSE  VALVE-3 (SecondToIP)
-------------------------- close 3 () result=[(True, True)]
action=close, ok=True, locked=[False]
sleep (2,) {}
SLEEP 2.0
block started
WaitControl setup for 2.0  
Join finished
block finished. duration 2.01876091957
open ('4',) {}
open name=4 desc=---
check software interlocks 4
interlocks []
actuate state mode=None-script, software_lock=False
doing actuation None-script open_channel True
ROUT:OPEN (@104)
change switch state (True, True)
update switch state 4 True args=() kw={} ncanvase=2
09:53:24 -- OPEN   VALVE-4 (FirstToSecondStage)
-------------------------- open 4 () result=[(True, True)]
action=open, ok=True, locked=[False]
open ('6',) {}
open name=6 desc=---
check software interlocks 6
interlocks ['7']
actuate state mode=None-script, software_lock=False
doing actuation None-script open_channel True
ROUT:OPEN (@106)
increment shot count 18
saved current shot count 18
change switch state (True, True)
update switch state 6 True args=() kw={} ncanvase=2
09:53:25 -- OPEN   VALVE-6 (APOuter)
-------------------------- open 6 () result=[(True, True)]
action=open, ok=True, locked=[False]
executed snippet estimated_duration=102.0, duration=38.8378970623
helix_air.py completed successfully
no extraction action
Requested Output= 0.000
Achieved Output=  0.000
no extraction action
no extraction action
no extraction action
no extraction action
persistence save...
persistence save - db
AutomatedRunPersister post_extraction_save deprecated
persistence save - dvc
no extraction position for 
Extraction Finished
09:53:25 -- ******* Extraction Finished *******
no overlap. not waiting for min ms pumptime
start measurement
do measurement
L#=a-01-H analysis type=air
Measurement Started helix_air.py
09:53:25 -- ******* Measurement Started helix_air.py *******
state changed from extraction to measurement
setting spec, defl, and gains
GetExtractionLens ===>> 53.17
GetYSymmetry ===>> 21.3198412698413
GetZSymmetry ===>> 0
GetZFocus ===>> 0
GetDeflection L2(CDD) ===>> Error: Invalid Command
Failed reading L2(CDD) deflection. Error=could not convert string to float: Error: Invalid Command. Using previous value 0
GetGain H2 ===>> 0.986801698763664
GetGain H1 ===>> 1.00965220605837
GetGain AX ===>> 1.0074395083375
GetGain L1 ===>> 1.00823694673985
GetGain L2(CDD) ===>> 0
pre measurement save
New frame /Users/labuser/Pychron/data/isotopes/94/ad005c-78fb-4d9b-a809-edb321a54d23.h5
flush and close file /Users/labuser/Pychron/data/isotopes/94/ad005c-78fb-4d9b-a809-edb321a54d23.h5
testing...
no interpolation path defined
executed snippet estimated_duration=286.88, duration=0.000292062759399
activate_detectors ('H2', 'H1', 'AX', 'L1', 'L2(CDD)') {}
activate detectors
*************** Set Analysis View Ar/Ar
create graphs
clearing graphs
clear isotope group
setting isotope det=H2, iso=Ar40
setting isotope det=H1, iso=Ar39
setting isotope det=AX, iso=Ar38
setting isotope det=L1, iso=Ar37
setting isotope det=L2(CDD), iso=Ar36
setting previous blanks
 - setting Ar40 blank 0.098+/-0.025
 - setting Ar36 blank 0.0362+/-0.0006
 - setting Ar37 blank 0.113+/-0.028
 - setting Ar38 blank 0.022+/-0.035
 - setting Ar39 blank 0.004+/-0.034
load analysis view
position_magnet ('Ar40',) {'detector': 'H2'}
detector Detector(H2)
POSITION Ar40 H2
setting detector H2 to Ar40 (39.962)
setting detector H1 to Ar39 (38.962)
setting detector AX to Ar38 (37.962)
setting detector L1 to Ar37 (36.962)
setting detector L2(CDD) to Ar36 (35.962)
Mapping mass to dac mass func: "parabolic"
H2 map mass coeffs = [  2.53589168e-02  -1.84786063e+00   3.71389643e+01]
H2 map mass to dac 39.962 >> 3.79197
GetHighVoltage ===>> 9900
positioning Ar40 (3.79197) on H2
setting magnet DAC
current  : 3.728919
requested: 3.791970
Delta Dac: 0.063051
SetMagnetDAC 3.79197 ===>> OK
Magnet settling time: 0.500
Magnet settling complete
set_dac. change=True
update labels <pychron.experiment.plot_panel.PlotPanel object at 0x12cb59470>
update labels "<pychron.graph.stacked_regression_graph.StackedRegressionGraph object at 0x1299950b0>"
setting label 0 H2 Ar40
setting label 1 H1 Ar39
setting label 2 AX Ar38
setting label 3 L1 Ar37
setting label 4 L2(CDD) Ar36
update labels "<pychron.graph.stacked_graph.StackedGraph object at 0x12bb0d0b0>"
setting label 0 H2 Ar40
setting label 1 H1 Ar39
setting label 2 AX Ar38
setting label 3 L1 Ar37
setting label 4 L2(CDD) Ar36
equilibrate () {'inlet': '2', 'outlet': '1', 'eqtime': 30}
Equilibration Started
09:53:26 -- ******* Equilibration Started *******
check software interlocks 1
interlocks []
actuate state mode=None-script, software_lock=False
doing actuation None-script close_channel True
Close Valve Ion Pump Set ===>> OK
change switch state (True, True)
update switch state 1 False args=() kw={} ncanvase=2
09:53:26 -- CLOSE  VALVE-1 (MSIonPump)
waiting 3s before opening inlet value ('2',)
load indicator states
Switch indicator state True, Open
handle state ('11', True, False)
update switch state 11 True args=(False,) kw={} ncanvase=2
Switch indicator state True, Open
handle state ('10', True, False)
update switch state 10 True args=(False,) kw={} ncanvase=2
Switch indicator state False, Closed
handle state ('1', False, False)
update switch state 1 False args=(False,) kw={} ncanvase=2
Switch indicator state False, Closed
handle state ('3', False, False)
update switch state 3 False args=(False,) kw={} ncanvase=2
Switch indicator state False, Closed
handle state ('2', False, False)
update switch state 2 False args=(False,) kw={} ncanvase=2
Switch indicator state False, Closed
handle state ('5', False, False)
update switch state 5 False args=(False,) kw={} ncanvase=2
Switch indicator state True, Open
handle state ('4', True, False)
update switch state 4 True args=(False,) kw={} ncanvase=2
Switch indicator state False, Closed
handle state ('7', False, False)
update switch state 7 False args=(False,) kw={} ncanvase=2
Switch indicator state True, Open
handle state ('6', True, False)
update switch state 6 True args=(False,) kw={} ncanvase=2
Switch indicator state False, Closed
handle state ('9', False, False)
update switch state 9 False args=(False,) kw={} ncanvase=2
check software interlocks 2
interlocks []
actuate state mode=None-script, software_lock=False
doing actuation None-script open_channel True
Switch indicator state False, Closed
ROUT:OPEN (@102)
handle state ('8', False, False)
update switch state 8 False args=(False,) kw={} ncanvase=2
change switch state (True, True)
update switch state 2 True args=() kw={} ncanvase=2
09:53:30 -- OPEN   VALVE-2 (ExtrToMS)
equilibrating for 30sec
set_time_zero () {}
sniff (30,) {}
py_sniff
build tables- sniff [Detector(H2), Detector(H1), Detector(AX), Detector(L1), Detector(L2(CDD))]
add group /sniff/Ar40 (Group) '' table H2
add group /sniff/Ar39 (Group) '' table H1
add group /sniff/Ar38 (Group) '' table AX
add group /sniff/Ar37 (Group) '' table L1
add group /sniff/Ar36 (Group) '' table L2(CDD)
flush and close file /Users/labuser/Pychron/data/isotopes/94/ad005c-78fb-4d9b-a809-edb321a54d23.h5
measuring sniff. ncounts=30
"sniff" increment series count="1" fit count="0" regressing="False"
starting measurement
load indicator states
Switch indicator state True, Open
handle state ('11', True, False)
update switch state 11 True args=(False,) kw={} ncanvase=2
Switch indicator state True, Open
handle state ('10', True, False)
update switch state 10 True args=(False,) kw={} ncanvase=2
Switch indicator state False, Closed
handle state ('1', False, False)
update switch state 1 False args=(False,) kw={} ncanvase=2
Switch indicator state False, Closed
handle state ('3', False, False)
update switch state 3 False args=(False,) kw={} ncanvase=2
Switch indicator state True, Open
handle state ('2', True, False)
update switch state 2 True args=(False,) kw={} ncanvase=2
Switch indicator state False, Closed
handle state ('5', False, False)
update switch state 5 False args=(False,) kw={} ncanvase=2
Switch indicator state True, Open
handle state ('4', True, False)
update switch state 4 True args=(False,) kw={} ncanvase=2
Switch indicator state False, Closed
handle state ('7', False, False)
update switch state 7 False args=(False,) kw={} ncanvase=2
Switch indicator state True, Open
handle state ('6', True, False)
update switch state 6 True args=(False,) kw={} ncanvase=2
Switch indicator state False, Closed
handle state ('9', False, False)
update switch state 9 False args=(False,) kw={} ncanvase=2
Switch indicator state False, Closed
handle state ('8', False, False)
update switch state 8 False args=(False,) kw={} ncanvase=2
load indicator states
Switch indicator state True, Open
handle state ('11', True, False)
update switch state 11 True args=(False,) kw={} ncanvase=2
Switch indicator state True, Open
handle state ('10', True, False)
update switch state 10 True args=(False,) kw={} ncanvase=2
Switch indicator state False, Closed
handle state ('1', False, False)
update switch state 1 False args=(False,) kw={} ncanvase=2
Switch indicator state False, Closed
handle state ('3', False, False)
update switch state 3 False args=(False,) kw={} ncanvase=2
Switch indicator state True, Open
handle state ('2', True, False)
update switch state 2 True args=(False,) kw={} ncanvase=2
Switch indicator state False, Closed
handle state ('5', False, False)
update switch state 5 False args=(False,) kw={} ncanvase=2
Switch indicator state True, Open
handle state ('4', True, False)
update switch state 4 True args=(False,) kw={} ncanvase=2
Switch indicator state False, Closed
handle state ('7', False, False)
update switch state 7 False args=(False,) kw={} ncanvase=2
Switch indicator state True, Open
handle state ('6', True, False)
update switch state 6 True args=(False,) kw={} ncanvase=2
Switch indicator state False, Closed
handle state ('9', False, False)
update switch state 9 False args=(False,) kw={} ncanvase=2
Switch indicator state False, Closed
handle state ('8', False, False)
update switch state 8 False args=(False,) kw={} ncanvase=2
09:53:54 -- collecting point 25
Equilibration Finished
09:54:00 -- ******* Equilibration Finished *******
check software interlocks 2
interlocks []
actuate state mode=None-script, software_lock=False
doing actuation None-script close_channel True
ROUT:CLOSE (@102)
change switch state (True, True)
update switch state 2 False args=() kw={} ncanvase=2
09:54:00 -- CLOSE  VALVE-2 (ExtrToMS)
Post Equilibration Started helix_pump_prep.py
09:54:00 -- ******* Post Equilibration Started helix_pump_prep.py *******
testing...
no interpolation path defined
executed snippet estimated_duration=4.0, duration=0.000128984451294
close ('6',) {}
close name=6 desc=---
check software interlocks 6
interlocks ['7']
actuate state mode=None-script, software_lock=False
doing actuation None-script close_channel True
ROUT:CLOSE (@106)
change switch state (True, True)
update switch state 6 False args=() kw={} ncanvase=2
09:54:00 -- CLOSE  VALVE-6 (APOuter)
-------------------------- close 6 () result=[(True, True)]
action=close, ok=True, locked=[False]
close ('4',) {}
close name=4 desc=---
check software interlocks 4
interlocks []
actuate state mode=None-script, software_lock=False
doing actuation None-script close_channel True
ROUT:CLOSE (@104)
change switch state (True, True)
update switch state 4 False args=() kw={} ncanvase=2
09:54:00 -- CLOSE  VALVE-4 (FirstToSecondStage)
-------------------------- close 4 () result=[(True, True)]
waiting for write to finish
measurement finished
estimated time: 30.000 actual time: :30.204
flush and close file /Users/labuser/Pychron/data/isotopes/94/ad005c-78fb-4d9b-a809-edb321a54d23.h5
set_fits () {}
using default fits file=/Users/labuser/Pychron/scripts/measurement/fits/nominal.yaml
set "Ar40" to "('Linear', 'SEM')"
set "Ar36" to "('Linear', 'SEM')"
set "Ar37" to "('Linear', 'SEM')"
set "Ar38" to "('Linear', 'SEM')"
set "Ar39" to "('Linear', 'SEM')"
set_baseline_fits () {}
using default fits file=/Users/labuser/Pychron/scripts/measurement/fits/nominal.yaml
set "H2" to "('Average', 'SEM')"
load indicator states
set "L2(CDD)" to "('Average', 'SEM')"
set "L1" to "('Average', 'SEM')"
set "AX" to "('Average', 'SEM')"
set "H1" to "('Average', 'SEM')"
multicollect () {'ncounts': 120}
build tables- signal [Detector(H2), Detector(H1), Detector(AX), Detector(L1), Detector(L2(CDD))]
add group /signal/Ar40 (Group) '' table H2
add group /signal/Ar39 (Group) '' table H1
add group /signal/Ar38 (Group) '' table AX
add group /signal/Ar37 (Group) '' table L1
add group /signal/Ar36 (Group) '' table L2(CDD)
flush and close file /Users/labuser/Pychron/data/isotopes/94/ad005c-78fb-4d9b-a809-edb321a54d23.h5
measuring signal. ncounts=120
Switch indicator state True, Open
handle state ('11', True, False)
update switch state 11 True args=(False,) kw={} ncanvase=2
Switch indicator state True, Open
handle state ('10', True, False)
update switch state 10 True args=(False,) kw={} ncanvase=2
Switch indicator state False, Closed
handle state ('1', False, False)
update switch state 1 False args=(False,) kw={} ncanvase=2
action=close, ok=True, locked=[False]
sleep (2,) {}
SLEEP 2.0
block started
WaitControl setup for 2.0  
Switch indicator state False, Closed
handle state ('3', False, False)
update switch state 3 False args=(False,) kw={} ncanvase=2
Switch indicator state False, Closed
handle state ('2', False, False)
update switch state 2 False args=(False,) kw={} ncanvase=2
Switch indicator state False, Closed
handle state ('5', False, False)
update switch state 5 False args=(False,) kw={} ncanvase=2
Switch indicator state False, Closed
handle state ('4', False, False)
update switch state 4 False args=(False,) kw={} ncanvase=2
Switch indicator state False, Closed
handle state ('7', False, False)
update switch state 7 False args=(False,) kw={} ncanvase=2
Switch indicator state False, Closed
handle state ('6', False, False)
update switch state 6 False args=(False,) kw={} ncanvase=2
Switch indicator state False, Closed
handle state ('9', False, False)
update switch state 9 False args=(False,) kw={} ncanvase=2
Switch indicator state False, Closed
handle state ('8', False, False)
update switch state 8 False args=(False,) kw={} ncanvase=2
"signal" increment series count="2" fit count="1" regressing="True"
starting measurement
Join finished
block finished. duration 2.04033493996
open ('3',) {}
open name=3 desc=---
check software interlocks 3
interlocks []
actuate state mode=None-script, software_lock=False
doing actuation None-script open_channel True
ROUT:OPEN (@103)
change switch state (True, True)
update switch state 3 True args=() kw={} ncanvase=2
09:54:03 -- OPEN   VALVE-3 (SecondToIP)
-------------------------- open 3 () result=[(True, True)]
action=open, ok=True, locked=[False]
open ('11',) {}
open name=11 desc=---
check software interlocks 11
interlocks []
actuate state mode=None-script, software_lock=False
doing actuation None-script open_channel False
ROUT:OPEN (@111)
change switch state (True, True)
update switch state 11 True args=() kw={} ncanvase=2
09:54:03 -- OPEN   VALVE-11 (APSafety)
-------------------------- open 11 () result=[(True, True)]
action=open, ok=True, locked=[False]
open ('5',) {}
open name=5 desc=---
check software interlocks 5
interlocks []
actuate state mode=None-script, software_lock=False
doing actuation None-script open_channel True
ROUT:OPEN (@105)
change switch state (True, True)
update switch state 5 True args=() kw={} ncanvase=2
09:54:03 -- OPEN   VALVE-5 (FirstToTurbo)
-------------------------- open 5 () result=[(True, True)]
action=open, ok=True, locked=[False]
executed snippet estimated_duration=6.0, duration=3.50142598152
helix_pump_prep.py completed successfully
Post Equilibration Finished
09:54:03 -- ******* Post Equilibration Finished *******
load indicator states
Switch indicator state True, Open
handle state ('11', True, False)
update switch state 11 True args=(False,) kw={} ncanvase=2
Switch indicator state True, Open
handle state ('10', True, False)
update switch state 10 True args=(False,) kw={} ncanvase=2
Switch indicator state False, Closed
handle state ('1', False, False)
update switch state 1 False args=(False,) kw={} ncanvase=2
Switch indicator state True, Open
handle state ('3', True, False)
update switch state 3 True args=(False,) kw={} ncanvase=2
Switch indicator state False, Closed
handle state ('2', False, False)
update switch state 2 False args=(False,) kw={} ncanvase=2
Switch indicator state True, Open
handle state ('5', True, False)
update switch state 5 True args=(False,) kw={} ncanvase=2
Switch indicator state False, Closed
handle state ('4', False, False)
update switch state 4 False args=(False,) kw={} ncanvase=2
Switch indicator state False, Closed
handle state ('7', False, False)
update switch state 7 False args=(False,) kw={} ncanvase=2
Switch indicator state False, Closed
handle state ('6', False, False)
update switch state 6 False args=(False,) kw={} ncanvase=2
Switch indicator state False, Closed
handle state ('9', False, False)
update switch state 9 False args=(False,) kw={} ncanvase=2
Switch indicator state False, Closed
handle state ('8', False, False)
update switch state 8 False args=(False,) kw={} ncanvase=2
load indicator states
Switch indicator state True, Open
handle state ('11', True, False)
update switch state 11 True args=(False,) kw={} ncanvase=2
Switch indicator state True, Open
handle state ('10', True, False)
update switch state 10 True args=(False,) kw={} ncanvase=2
Switch indicator state False, Closed
handle state ('1', False, False)
update switch state 1 False args=(False,) kw={} ncanvase=2
Switch indicator state True, Open
handle state ('3', True, False)
update switch state 3 True args=(False,) kw={} ncanvase=2
Switch indicator state False, Closed
handle state ('2', False, False)
update switch state 2 False args=(False,) kw={} ncanvase=2
Switch indicator state True, Open
handle state ('5', True, False)
update switch state 5 True args=(False,) kw={} ncanvase=2
Switch indicator state False, Closed
handle state ('4', False, False)
update switch state 4 False args=(False,) kw={} ncanvase=2
Switch indicator state False, Closed
handle state ('7', False, False)
update switch state 7 False args=(False,) kw={} ncanvase=2
Switch indicator state False, Closed
handle state ('6', False, False)
update switch state 6 False args=(False,) kw={} ncanvase=2
Switch indicator state False, Closed
handle state ('9', False, False)
update switch state 9 False args=(False,) kw={} ncanvase=2
Switch indicator state False, Closed
handle state ('8', False, False)
update switch state 8 False args=(False,) kw={} ncanvase=2
09:54:25 -- collecting point 25
load indicator states
Switch indicator state True, Open
handle state ('11', True, False)
update switch state 11 True args=(False,) kw={} ncanvase=2
Switch indicator state True, Open
handle state ('10', True, False)
update switch state 10 True args=(False,) kw={} ncanvase=2
Switch indicator state False, Closed
handle state ('1', False, False)
update switch state 1 False args=(False,) kw={} ncanvase=2
Switch indicator state True, Open
handle state ('3', True, False)
update switch state 3 True args=(False,) kw={} ncanvase=2
Switch indicator state False, Closed
handle state ('2', False, False)
update switch state 2 False args=(False,) kw={} ncanvase=2
Switch indicator state True, Open
handle state ('5', True, False)
update switch state 5 True args=(False,) kw={} ncanvase=2
Switch indicator state False, Closed
handle state ('4', False, False)
update switch state 4 False args=(False,) kw={} ncanvase=2
Switch indicator state False, Closed
handle state ('7', False, False)
update switch state 7 False args=(False,) kw={} ncanvase=2
Switch indicator state False, Closed
handle state ('6', False, False)
update switch state 6 False args=(False,) kw={} ncanvase=2
Switch indicator state False, Closed
handle state ('9', False, False)
update switch state 9 False args=(False,) kw={} ncanvase=2
Switch indicator state False, Closed
handle state ('8', False, False)
update switch state 8 False args=(False,) kw={} ncanvase=2
load indicator states
Switch indicator state True, Open
handle state ('11', True, False)
update switch state 11 True args=(False,) kw={} ncanvase=2
Switch indicator state True, Open
handle state ('10', True, False)
update switch state 10 True args=(False,) kw={} ncanvase=2
Switch indicator state False, Closed
handle state ('1', False, False)
update switch state 1 False args=(False,) kw={} ncanvase=2
Switch indicator state True, Open
handle state ('3', True, False)
update switch state 3 True args=(False,) kw={} ncanvase=2
Switch indicator state False, Closed
handle state ('2', False, False)
update switch state 2 False args=(False,) kw={} ncanvase=2
Switch indicator state True, Open
handle state ('5', True, False)
update switch state 5 True args=(False,) kw={} ncanvase=2
Switch indicator state False, Closed
handle state ('4', False, False)
update switch state 4 False args=(False,) kw={} ncanvase=2
Switch indicator state False, Closed
handle state ('7', False, False)
update switch state 7 False args=(False,) kw={} ncanvase=2
Switch indicator state False, Closed
handle state ('6', False, False)
update switch state 6 False args=(False,) kw={} ncanvase=2
Switch indicator state False, Closed
handle state ('9', False, False)
update switch state 9 False args=(False,) kw={} ncanvase=2
Switch indicator state False, Closed
handle state ('8', False, False)
update switch state 8 False args=(False,) kw={} ncanvase=2
09:54:50 -- collecting point 50
load indicator states
Switch indicator state True, Open
handle state ('11', True, False)
update switch state 11 True args=(False,) kw={} ncanvase=2
Switch indicator state True, Open
handle state ('10', True, False)
update switch state 10 True args=(False,) kw={} ncanvase=2
Switch indicator state False, Closed
handle state ('1', False, False)
update switch state 1 False args=(False,) kw={} ncanvase=2
Switch indicator state True, Open
handle state ('3', True, False)
update switch state 3 True args=(False,) kw={} ncanvase=2
Switch indicator state False, Closed
handle state ('2', False, False)
update switch state 2 False args=(False,) kw={} ncanvase=2
Switch indicator state True, Open
handle state ('5', True, False)
update switch state 5 True args=(False,) kw={} ncanvase=2
Switch indicator state False, Closed
handle state ('4', False, False)
update switch state 4 False args=(False,) kw={} ncanvase=2
Switch indicator state False, Closed
handle state ('7', False, False)
update switch state 7 False args=(False,) kw={} ncanvase=2
Switch indicator state False, Closed
handle state ('6', False, False)
update switch state 6 False args=(False,) kw={} ncanvase=2
Switch indicator state False, Closed
handle state ('9', False, False)
update switch state 9 False args=(False,) kw={} ncanvase=2
Switch indicator state False, Closed
handle state ('8', False, False)
update switch state 8 False args=(False,) kw={} ncanvase=2
load indicator states
Switch indicator state True, Open
handle state ('11', True, False)
update switch state 11 True args=(False,) kw={} ncanvase=2
Switch indicator state True, Open
handle state ('10', True, False)
update switch state 10 True args=(False,) kw={} ncanvase=2
Switch indicator state False, Closed
handle state ('1', False, False)
update switch state 1 False args=(False,) kw={} ncanvase=2
Switch indicator state True, Open
handle state ('3', True, False)
update switch state 3 True args=(False,) kw={} ncanvase=2
Switch indicator state False, Closed
handle state ('2', False, False)
update switch state 2 False args=(False,) kw={} ncanvase=2
Switch indicator state True, Open
handle state ('5', True, False)
update switch state 5 True args=(False,) kw={} ncanvase=2
Switch indicator state False, Closed
handle state ('4', False, False)
update switch state 4 False args=(False,) kw={} ncanvase=2
Switch indicator state False, Closed
handle state ('7', False, False)
update switch state 7 False args=(False,) kw={} ncanvase=2
Switch indicator state False, Closed
handle state ('6', False, False)
update switch state 6 False args=(False,) kw={} ncanvase=2
Switch indicator state False, Closed
handle state ('9', False, False)
update switch state 9 False args=(False,) kw={} ncanvase=2
Switch indicator state False, Closed
handle state ('8', False, False)
update switch state 8 False args=(False,) kw={} ncanvase=2
load indicator states
Switch indicator state True, Open
handle state ('11', True, False)
update switch state 11 True args=(False,) kw={} ncanvase=2
Switch indicator state True, Open
handle state ('10', True, False)
update switch state 10 True args=(False,) kw={} ncanvase=2
Switch indicator state False, Closed
handle state ('1', False, False)
update switch state 1 False args=(False,) kw={} ncanvase=2
Switch indicator state True, Open
handle state ('3', True, False)
update switch state 3 True args=(False,) kw={} ncanvase=2
Switch indicator state False, Closed
handle state ('2', False, False)
update switch state 2 False args=(False,) kw={} ncanvase=2
Switch indicator state True, Open
handle state ('5', True, False)
update switch state 5 True args=(False,) kw={} ncanvase=2
Switch indicator state False, Closed
handle state ('4', False, False)
update switch state 4 False args=(False,) kw={} ncanvase=2
Switch indicator state False, Closed
handle state ('7', False, False)
update switch state 7 False args=(False,) kw={} ncanvase=2
Switch indicator state False, Closed
handle state ('6', False, False)
update switch state 6 False args=(False,) kw={} ncanvase=2
Switch indicator state False, Closed
handle state ('9', False, False)
update switch state 9 False args=(False,) kw={} ncanvase=2
Switch indicator state False, Closed
handle state ('8', False, False)
update switch state 8 False args=(False,) kw={} ncanvase=2
09:55:15 -- collecting point 75
load indicator states
Switch indicator state True, Open
handle state ('11', True, False)
update switch state 11 True args=(False,) kw={} ncanvase=2
Switch indicator state True, Open
handle state ('10', True, False)
update switch state 10 True args=(False,) kw={} ncanvase=2
Switch indicator state False, Closed
handle state ('1', False, False)
update switch state 1 False args=(False,) kw={} ncanvase=2
Switch indicator state True, Open
handle state ('3', True, False)
update switch state 3 True args=(False,) kw={} ncanvase=2
Switch indicator state False, Closed
handle state ('2', False, False)
update switch state 2 False args=(False,) kw={} ncanvase=2
Switch indicator state True, Open
handle state ('5', True, False)
update switch state 5 True args=(False,) kw={} ncanvase=2
Switch indicator state False, Closed
handle state ('4', False, False)
update switch state 4 False args=(False,) kw={} ncanvase=2
Switch indicator state False, Closed
handle state ('7', False, False)
update switch state 7 False args=(False,) kw={} ncanvase=2
Switch indicator state False, Closed
handle state ('6', False, False)
update switch state 6 False args=(False,) kw={} ncanvase=2
Switch indicator state False, Closed
handle state ('9', False, False)
update switch state 9 False args=(False,) kw={} ncanvase=2
Switch indicator state False, Closed
handle state ('8', False, False)
update switch state 8 False args=(False,) kw={} ncanvase=2
load indicator states
Switch indicator state True, Open
handle state ('11', True, False)
update switch state 11 True args=(False,) kw={} ncanvase=2
Switch indicator state True, Open
handle state ('10', True, False)
update switch state 10 True args=(False,) kw={} ncanvase=2
Switch indicator state False, Closed
handle state ('1', False, False)
update switch state 1 False args=(False,) kw={} ncanvase=2
Switch indicator state True, Open
handle state ('3', True, False)
update switch state 3 True args=(False,) kw={} ncanvase=2
Switch indicator state False, Closed
handle state ('2', False, False)
update switch state 2 False args=(False,) kw={} ncanvase=2
Switch indicator state True, Open
handle state ('5', True, False)
update switch state 5 True args=(False,) kw={} ncanvase=2
Switch indicator state False, Closed
handle state ('4', False, False)
update switch state 4 False args=(False,) kw={} ncanvase=2
Switch indicator state False, Closed
handle state ('7', False, False)
update switch state 7 False args=(False,) kw={} ncanvase=2
Switch indicator state False, Closed
handle state ('6', False, False)
update switch state 6 False args=(False,) kw={} ncanvase=2
Switch indicator state False, Closed
handle state ('9', False, False)
update switch state 9 False args=(False,) kw={} ncanvase=2
Switch indicator state False, Closed
handle state ('8', False, False)
update switch state 8 False args=(False,) kw={} ncanvase=2
09:55:40 -- collecting point 100
load indicator states
Switch indicator state True, Open
handle state ('11', True, False)
update switch state 11 True args=(False,) kw={} ncanvase=2
Switch indicator state True, Open
handle state ('10', True, False)
update switch state 10 True args=(False,) kw={} ncanvase=2
Switch indicator state False, Closed
handle state ('1', False, False)
update switch state 1 False args=(False,) kw={} ncanvase=2
Switch indicator state True, Open
handle state ('3', True, False)
update switch state 3 True args=(False,) kw={} ncanvase=2
Switch indicator state False, Closed
handle state ('2', False, False)
update switch state 2 False args=(False,) kw={} ncanvase=2
Switch indicator state True, Open
handle state ('5', True, False)
update switch state 5 True args=(False,) kw={} ncanvase=2
Switch indicator state False, Closed
handle state ('4', False, False)
update switch state 4 False args=(False,) kw={} ncanvase=2
Switch indicator state False, Closed
handle state ('7', False, False)
update switch state 7 False args=(False,) kw={} ncanvase=2
Switch indicator state False, Closed
handle state ('6', False, False)
update switch state 6 False args=(False,) kw={} ncanvase=2
Switch indicator state False, Closed
handle state ('9', False, False)
update switch state 9 False args=(False,) kw={} ncanvase=2
Switch indicator state False, Closed
handle state ('8', False, False)
update switch state 8 False args=(False,) kw={} ncanvase=2
load indicator states
Switch indicator state True, Open
handle state ('11', True, False)
update switch state 11 True args=(False,) kw={} ncanvase=2
Switch indicator state True, Open
handle state ('10', True, False)
update switch state 10 True args=(False,) kw={} ncanvase=2
Switch indicator state False, Closed
handle state ('1', False, False)
update switch state 1 False args=(False,) kw={} ncanvase=2
Switch indicator state True, Open
handle state ('3', True, False)
update switch state 3 True args=(False,) kw={} ncanvase=2
Switch indicator state False, Closed
handle state ('2', False, False)
update switch state 2 False args=(False,) kw={} ncanvase=2
Switch indicator state True, Open
handle state ('5', True, False)
update switch state 5 True args=(False,) kw={} ncanvase=2
Switch indicator state False, Closed
handle state ('4', False, False)
update switch state 4 False args=(False,) kw={} ncanvase=2
Switch indicator state False, Closed
handle state ('7', False, False)
update switch state 7 False args=(False,) kw={} ncanvase=2
Switch indicator state False, Closed
handle state ('6', False, False)
update switch state 6 False args=(False,) kw={} ncanvase=2
Switch indicator state False, Closed
handle state ('9', False, False)
update switch state 9 False args=(False,) kw={} ncanvase=2
Switch indicator state False, Closed
handle state ('8', False, False)
update switch state 8 False args=(False,) kw={} ncanvase=2
waiting for write to finish
measurement finished
estimated time: 120.000 actual time: :120.440
flush and close file /Users/labuser/Pychron/data/isotopes/94/ad005c-78fb-4d9b-a809-edb321a54d23.h5
baselines () {'detector': 'H2', 'mass': 39.59, 'ncounts': 60}
%%%%%%%%%%%%%%%%%%%%%%%%%%%%%%%% Baseline
build tables- baseline [Detector(H2), Detector(H1), Detector(AX), Detector(L1), Detector(L2(CDD))]
add group baseline table H2
add group baseline table H1
add group baseline table AX
add group baseline table L1
add group baseline table L2(CDD)
flush and close file /Users/labuser/Pychron/data/isotopes/94/ad005c-78fb-4d9b-a809-edb321a54d23.h5
detector Detector(H2)
POSITION 39.59 H2
Mapping mass to dac mass func: "parabolic"
H2 map mass coeffs = [  2.53589168e-02  -1.84786063e+00   3.71389643e+01]
H2 map mass to dac 39.59 >> 3.7289190071
GetHighVoltage ===>> 9900
positioning 39.59 (3.7289190071) on H2
setting magnet DAC
current  : 3.791970
requested: 3.728919
Delta Dac: 0.063051
SetMagnetDAC 3.7289190071 ===>> OK
Magnet settling time: 0.500
Magnet settling complete
set_dac. change=True
Delaying 4s for detectors to settle
load indicator states
Switch indicator state True, Open
handle state ('11', True, False)
update switch state 11 True args=(False,) kw={} ncanvase=2
Switch indicator state True, Open
handle state ('10', True, False)
update switch state 10 True args=(False,) kw={} ncanvase=2
Switch indicator state False, Closed
handle state ('1', False, False)
update switch state 1 False args=(False,) kw={} ncanvase=2
Switch indicator state True, Open
handle state ('3', True, False)
update switch state 3 True args=(False,) kw={} ncanvase=2
Switch indicator state False, Closed
handle state ('2', False, False)
update switch state 2 False args=(False,) kw={} ncanvase=2
Switch indicator state True, Open
handle state ('5', True, False)
update switch state 5 True args=(False,) kw={} ncanvase=2
Switch indicator state False, Closed
handle state ('4', False, False)
update switch state 4 False args=(False,) kw={} ncanvase=2
Switch indicator state False, Closed
handle state ('7', False, False)
update switch state 7 False args=(False,) kw={} ncanvase=2
Switch indicator state False, Closed
handle state ('6', False, False)
update switch state 6 False args=(False,) kw={} ncanvase=2
Switch indicator state False, Closed
handle state ('9', False, False)
update switch state 9 False args=(False,) kw={} ncanvase=2
Switch indicator state False, Closed
handle state ('8', False, False)
update switch state 8 False args=(False,) kw={} ncanvase=2
Join finished
measuring baseline. ncounts=60
"baseline" increment series count="2" fit count="1" regressing="True"
starting measurement
load indicator states
Switch indicator state True, Open
handle state ('11', True, False)
update switch state 11 True args=(False,) kw={} ncanvase=2
Switch indicator state True, Open
handle state ('10', True, False)
update switch state 10 True args=(False,) kw={} ncanvase=2
Switch indicator state False, Closed
handle state ('1', False, False)
update switch state 1 False args=(False,) kw={} ncanvase=2
Switch indicator state True, Open
handle state ('3', True, False)
update switch state 3 True args=(False,) kw={} ncanvase=2
Switch indicator state False, Closed
handle state ('2', False, False)
update switch state 2 False args=(False,) kw={} ncanvase=2
Switch indicator state True, Open
handle state ('5', True, False)
update switch state 5 True args=(False,) kw={} ncanvase=2
Switch indicator state False, Closed
handle state ('4', False, False)
update switch state 4 False args=(False,) kw={} ncanvase=2
Switch indicator state False, Closed
handle state ('7', False, False)
update switch state 7 False args=(False,) kw={} ncanvase=2
Switch indicator state False, Closed
handle state ('6', False, False)
update switch state 6 False args=(False,) kw={} ncanvase=2
Switch indicator state False, Closed
handle state ('9', False, False)
update switch state 9 False args=(False,) kw={} ncanvase=2
Switch indicator state False, Closed
handle state ('8', False, False)
update switch state 8 False args=(False,) kw={} ncanvase=2
load indicator states
Switch indicator state True, Open
handle state ('11', True, False)
update switch state 11 True args=(False,) kw={} ncanvase=2
Switch indicator state True, Open
handle state ('10', True, False)
update switch state 10 True args=(False,) kw={} ncanvase=2
Switch indicator state False, Closed
handle state ('1', False, False)
update switch state 1 False args=(False,) kw={} ncanvase=2
Switch indicator state True, Open
handle state ('3', True, False)
update switch state 3 True args=(False,) kw={} ncanvase=2
Switch indicator state False, Closed
handle state ('2', False, False)
update switch state 2 False args=(False,) kw={} ncanvase=2
Switch indicator state True, Open
handle state ('5', True, False)
update switch state 5 True args=(False,) kw={} ncanvase=2
Switch indicator state False, Closed
handle state ('4', False, False)
update switch state 4 False args=(False,) kw={} ncanvase=2
Switch indicator state False, Closed
handle state ('7', False, False)
update switch state 7 False args=(False,) kw={} ncanvase=2
Switch indicator state False, Closed
handle state ('6', False, False)
update switch state 6 False args=(False,) kw={} ncanvase=2
Switch indicator state False, Closed
handle state ('9', False, False)
update switch state 9 False args=(False,) kw={} ncanvase=2
Switch indicator state False, Closed
handle state ('8', False, False)
update switch state 8 False args=(False,) kw={} ncanvase=2
09:56:31 -- collecting point 25
load indicator states
Switch indicator state True, Open
handle state ('11', True, False)
update switch state 11 True args=(False,) kw={} ncanvase=2
Switch indicator state True, Open
handle state ('10', True, False)
update switch state 10 True args=(False,) kw={} ncanvase=2
Switch indicator state False, Closed
handle state ('1', False, False)
update switch state 1 False args=(False,) kw={} ncanvase=2
Switch indicator state True, Open
handle state ('3', True, False)
update switch state 3 True args=(False,) kw={} ncanvase=2
Switch indicator state False, Closed
handle state ('2', False, False)
update switch state 2 False args=(False,) kw={} ncanvase=2
Switch indicator state True, Open
handle state ('5', True, False)
update switch state 5 True args=(False,) kw={} ncanvase=2
Switch indicator state False, Closed
handle state ('4', False, False)
update switch state 4 False args=(False,) kw={} ncanvase=2
Switch indicator state False, Closed
handle state ('7', False, False)
update switch state 7 False args=(False,) kw={} ncanvase=2
Switch indicator state False, Closed
handle state ('6', False, False)
update switch state 6 False args=(False,) kw={} ncanvase=2
Switch indicator state False, Closed
handle state ('9', False, False)
update switch state 9 False args=(False,) kw={} ncanvase=2
Switch indicator state False, Closed
handle state ('8', False, False)
update switch state 8 False args=(False,) kw={} ncanvase=2
load indicator states
Switch indicator state True, Open
handle state ('11', True, False)
update switch state 11 True args=(False,) kw={} ncanvase=2
Switch indicator state True, Open
handle state ('10', True, False)
update switch state 10 True args=(False,) kw={} ncanvase=2
Switch indicator state False, Closed
handle state ('1', False, False)
update switch state 1 False args=(False,) kw={} ncanvase=2
Switch indicator state True, Open
handle state ('3', True, False)
update switch state 3 True args=(False,) kw={} ncanvase=2
Switch indicator state False, Closed
handle state ('2', False, False)
update switch state 2 False args=(False,) kw={} ncanvase=2
Switch indicator state True, Open
handle state ('5', True, False)
update switch state 5 True args=(False,) kw={} ncanvase=2
Switch indicator state False, Closed
handle state ('4', False, False)
update switch state 4 False args=(False,) kw={} ncanvase=2
Switch indicator state False, Closed
handle state ('7', False, False)
update switch state 7 False args=(False,) kw={} ncanvase=2
Switch indicator state False, Closed
handle state ('6', False, False)
update switch state 6 False args=(False,) kw={} ncanvase=2
Switch indicator state False, Closed
handle state ('9', False, False)
update switch state 9 False args=(False,) kw={} ncanvase=2
Switch indicator state False, Closed
handle state ('8', False, False)
update switch state 8 False args=(False,) kw={} ncanvase=2
09:56:56 -- collecting point 50
load indicator states
Switch indicator state True, Open
handle state ('11', True, False)
update switch state 11 True args=(False,) kw={} ncanvase=2
Switch indicator state True, Open
handle state ('10', True, False)
update switch state 10 True args=(False,) kw={} ncanvase=2
Switch indicator state False, Closed
handle state ('1', False, False)
update switch state 1 False args=(False,) kw={} ncanvase=2
Switch indicator state True, Open
handle state ('3', True, False)
update switch state 3 True args=(False,) kw={} ncanvase=2
Switch indicator state False, Closed
handle state ('2', False, False)
update switch state 2 False args=(False,) kw={} ncanvase=2
Switch indicator state True, Open
handle state ('5', True, False)
update switch state 5 True args=(False,) kw={} ncanvase=2
Switch indicator state False, Closed
handle state ('4', False, False)
update switch state 4 False args=(False,) kw={} ncanvase=2
Switch indicator state False, Closed
handle state ('7', False, False)
update switch state 7 False args=(False,) kw={} ncanvase=2
Switch indicator state False, Closed
handle state ('6', False, False)
update switch state 6 False args=(False,) kw={} ncanvase=2
Switch indicator state False, Closed
handle state ('9', False, False)
update switch state 9 False args=(False,) kw={} ncanvase=2
Switch indicator state False, Closed
handle state ('8', False, False)
update switch state 8 False args=(False,) kw={} ncanvase=2
load indicator states
Switch indicator state True, Open
handle state ('11', True, False)
update switch state 11 True args=(False,) kw={} ncanvase=2
Switch indicator state True, Open
handle state ('10', True, False)
update switch state 10 True args=(False,) kw={} ncanvase=2
Switch indicator state False, Closed
handle state ('1', False, False)
update switch state 1 False args=(False,) kw={} ncanvase=2
Switch indicator state True, Open
handle state ('3', True, False)
update switch state 3 True args=(False,) kw={} ncanvase=2
Switch indicator state False, Closed
handle state ('2', False, False)
update switch state 2 False args=(False,) kw={} ncanvase=2
Switch indicator state True, Open
handle state ('5', True, False)
update switch state 5 True args=(False,) kw={} ncanvase=2
Switch indicator state False, Closed
handle state ('4', False, False)
update switch state 4 False args=(False,) kw={} ncanvase=2
Switch indicator state False, Closed
handle state ('7', False, False)
update switch state 7 False args=(False,) kw={} ncanvase=2
Switch indicator state False, Closed
handle state ('6', False, False)
update switch state 6 False args=(False,) kw={} ncanvase=2
Switch indicator state False, Closed
handle state ('9', False, False)
update switch state 9 False args=(False,) kw={} ncanvase=2
Switch indicator state False, Closed
handle state ('8', False, False)
update switch state 8 False args=(False,) kw={} ncanvase=2
waiting for write to finish
measurement finished
estimated time: 60.000 actual time: :60.320
flush and close file /Users/labuser/Pychron/data/isotopes/94/ad005c-78fb-4d9b-a809-edb321a54d23.h5
peak_center () {'detector': 'H2', 'isotope': 'Ar40'}
peak center: mean=5879.93174848 threshold=3
peak center started
setup peak center. detector=['H2'], isotope=Ar40
VersionedUnpickler [<apptools.sweet_pickle.versioned_unpickler.VersionedUnpickler object at 0x132b19dd0>] using Updater [<apptools.sweet_pickle.updater.Updater object at 0x132ba3e30>]
VersionedUnpickler [<apptools.sweet_pickle.versioned_unpickler.VersionedUnpickler object at 0x132b19dd0>] using Updater [<apptools.sweet_pickle.updater.Updater object at 0x132ba3e30>]
VersionedUnpickler [<apptools.sweet_pickle.versioned_unpickler.VersionedUnpickler object at 0x132b19dd0>] using Updater [<apptools.sweet_pickle.updater.Updater object at 0x132ba3e30>]
setting integration time = 0.262144
SetIntegrationTime 0.262144 ===>> OK
Mapping mass to dac mass func: "parabolic"
H2 map mass coeffs = [  2.53589168e-02  -1.84786063e+00   3.71389643e+01]
H2 map mass to dac 39.962 >> 3.79197
GetHighVoltage ===>> 9900
do peak center. <pychron.spectrometer.jobs.peak_center.PeakCenter object at 0x132b19dd0>
doing pc
starting peak center. center dac= 3.79197 step_width=5e-05
width = 5e-05
get scan parameters. half-width=0.0025,window=0.0025, i=0, scalar=1
Scan parameters center=3.79197 width=0.00500 (3.78947 - 3.79447)
Moving to starting dac 3.78947
setting magnet DAC
current  : 3.728919
requested: 3.789470
Delta Dac: 0.060551
SetMagnetDAC 3.78947 ===>> OK
Magnet settling time: 0.500
Magnet settling complete
set_dac. change=True
Wait until signal near baseline. tol= -0.0080000516216. timeout= 10
Peak center baseline intensity achieved
_do_sweep sm= 3.78947, em= 3.79447, stm= 5e-05
calculated step values: start=3.78947, end=3.79447, width=5e-05, nsteps=101.0
setting magnet DAC
current  : 3.789470
requested: 3.789470
Delta Dac: 0.000000
set_dac. change=False
setting magnet DAC
current  : 3.789470
requested: 3.789521
Delta Dac: 0.000051
Magnet settling time: 0.524
Magnet settling complete
set_dac. change=True
setting magnet DAC
current  : 3.789521
requested: 3.789571
Delta Dac: 0.000051
Magnet settling time: 0.524
Magnet settling complete
set_dac. change=True
setting magnet DAC
current  : 3.789571
requested: 3.789622
Delta Dac: 0.000051
Magnet settling time: 0.524
Magnet settling complete
set_dac. change=True
setting magnet DAC
current  : 3.789622
requested: 3.789672
Delta Dac: 0.000051
Magnet settling time: 0.524
Magnet settling complete
set_dac. change=True
setting magnet DAC
current  : 3.789672
requested: 3.789723
Delta Dac: 0.000051
Magnet settling time: 0.524
Magnet settling complete
set_dac. change=True
setting magnet DAC
current  : 3.789723
requested: 3.789773
Delta Dac: 0.000051
Magnet settling time: 0.524
Magnet settling complete
set_dac. change=True
setting magnet DAC
current  : 3.789773
requested: 3.789824
Delta Dac: 0.000051
Magnet settling time: 0.524
Magnet settling complete
set_dac. change=True
setting magnet DAC
current  : 3.789824
requested: 3.789874
Delta Dac: 0.000051
Magnet settling time: 0.524
Magnet settling complete
set_dac. change=True
setting magnet DAC
current  : 3.789874
requested: 3.789925
Delta Dac: 0.000051
Magnet settling time: 0.524
Magnet settling complete
set_dac. change=True
setting magnet DAC
current  : 3.789925
requested: 3.789975
Delta Dac: 0.000051
Magnet settling time: 0.524
Magnet settling complete
set_dac. change=True
setting magnet DAC
current  : 3.789975
requested: 3.790026
Delta Dac: 0.000051
Magnet settling time: 0.524
Magnet settling complete
set_dac. change=True
setting magnet DAC
current  : 3.790026
requested: 3.790076
Delta Dac: 0.000051
Magnet settling time: 0.524
Magnet settling complete
set_dac. change=True
setting magnet DAC
current  : 3.790076
requested: 3.790127
Delta Dac: 0.000051
Magnet settling time: 0.524
Magnet settling complete
set_dac. change=True
setting magnet DAC
current  : 3.790127
requested: 3.790177
Delta Dac: 0.000051
Magnet settling time: 0.524
Magnet settling complete
set_dac. change=True
setting magnet DAC
current  : 3.790177
requested: 3.790228
Delta Dac: 0.000051
Magnet settling time: 0.524
Magnet settling complete
set_dac. change=True
setting magnet DAC
current  : 3.790228
requested: 3.790278
Delta Dac: 0.000051
Magnet settling time: 0.524
Magnet settling complete
load indicator states
set_dac. change=True
setting magnet DAC
current  : 3.790278
requested: 3.790329
Delta Dac: 0.000051
Switch indicator state True, Open
handle state ('11', True, False)
update switch state 11 True args=(False,) kw={} ncanvase=2
Magnet settling time: 0.524
Switch indicator state True, Open
handle state ('10', True, False)
update switch state 10 True args=(False,) kw={} ncanvase=2
Switch indicator state False, Closed
handle state ('1', False, False)
update switch state 1 False args=(False,) kw={} ncanvase=2
Switch indicator state True, Open
handle state ('3', True, False)
update switch state 3 True args=(False,) kw={} ncanvase=2
Switch indicator state False, Closed
handle state ('2', False, False)
update switch state 2 False args=(False,) kw={} ncanvase=2
Switch indicator state True, Open
handle state ('5', True, False)
update switch state 5 True args=(False,) kw={} ncanvase=2
Switch indicator state False, Closed
handle state ('4', False, False)
update switch state 4 False args=(False,) kw={} ncanvase=2
Switch indicator state False, Closed
handle state ('7', False, False)
update switch state 7 False args=(False,) kw={} ncanvase=2
Switch indicator state False, Closed
handle state ('6', False, False)
update switch state 6 False args=(False,) kw={} ncanvase=2
Switch indicator state False, Closed
handle state ('9', False, False)
update switch state 9 False args=(False,) kw={} ncanvase=2
Switch indicator state False, Closed
handle state ('8', False, False)
update switch state 8 False args=(False,) kw={} ncanvase=2
Magnet settling complete
set_dac. change=True
setting magnet DAC
current  : 3.790329
requested: 3.790379
Delta Dac: 0.000051
Magnet settling time: 0.524
Magnet settling complete
set_dac. change=True
setting magnet DAC
current  : 3.790379
requested: 3.790430
Delta Dac: 0.000051
Magnet settling time: 0.524
Magnet settling complete
set_dac. change=True
setting magnet DAC
current  : 3.790430
requested: 3.790480
Delta Dac: 0.000051
Magnet settling time: 0.524
Magnet settling complete
set_dac. change=True
setting magnet DAC
current  : 3.790480
requested: 3.790531
Delta Dac: 0.000051
Magnet settling time: 0.524
Magnet settling complete
set_dac. change=True
setting magnet DAC
current  : 3.790531
requested: 3.790581
Delta Dac: 0.000051
Magnet settling time: 0.524
Magnet settling complete
set_dac. change=True
setting magnet DAC
current  : 3.790581
requested: 3.790632
Delta Dac: 0.000051
Magnet settling time: 0.524
Magnet settling complete
set_dac. change=True
setting magnet DAC
current  : 3.790632
requested: 3.790682
Delta Dac: 0.000051
Magnet settling time: 0.524
Magnet settling complete
set_dac. change=True
setting magnet DAC
current  : 3.790682
requested: 3.790733
Delta Dac: 0.000051
Magnet settling time: 0.524
Magnet settling complete
set_dac. change=True
setting magnet DAC
current  : 3.790733
requested: 3.790783
Delta Dac: 0.000051
Magnet settling time: 0.524
Magnet settling complete
set_dac. change=True
setting magnet DAC
current  : 3.790783
requested: 3.790834
Delta Dac: 0.000051
Magnet settling time: 0.524
Magnet settling complete
set_dac. change=True
setting magnet DAC
current  : 3.790834
requested: 3.790884
Delta Dac: 0.000051
Magnet settling time: 0.524
Magnet settling complete
set_dac. change=True
setting magnet DAC
current  : 3.790884
requested: 3.790935
Delta Dac: 0.000051
Magnet settling time: 0.524
Magnet settling complete
set_dac. change=True
setting magnet DAC
current  : 3.790935
requested: 3.790985
Delta Dac: 0.000051
Magnet settling time: 0.524
Magnet settling complete
set_dac. change=True
setting magnet DAC
current  : 3.790985
requested: 3.791036
Delta Dac: 0.000051
Magnet settling time: 0.524
Magnet settling complete
set_dac. change=True
setting magnet DAC
current  : 3.791036
requested: 3.791086
Delta Dac: 0.000051
Magnet settling time: 0.524
Magnet settling complete
set_dac. change=True
setting magnet DAC
current  : 3.791086
requested: 3.791137
Delta Dac: 0.000051
Magnet settling time: 0.524
Magnet settling complete
set_dac. change=True
setting magnet DAC
current  : 3.791137
requested: 3.791187
Delta Dac: 0.000051
Magnet settling time: 0.524
Magnet settling complete
set_dac. change=True
setting magnet DAC
current  : 3.791187
requested: 3.791238
Delta Dac: 0.000051
Magnet settling time: 0.524
load indicator states
Switch indicator state True, Open
handle state ('11', True, False)
update switch state 11 True args=(False,) kw={} ncanvase=2
Switch indicator state True, Open
handle state ('10', True, False)
update switch state 10 True args=(False,) kw={} ncanvase=2
Switch indicator state False, Closed
handle state ('1', False, False)
update switch state 1 False args=(False,) kw={} ncanvase=2
Switch indicator state True, Open
handle state ('3', True, False)
update switch state 3 True args=(False,) kw={} ncanvase=2
Switch indicator state False, Closed
handle state ('2', False, False)
update switch state 2 False args=(False,) kw={} ncanvase=2
Switch indicator state True, Open
handle state ('5', True, False)
update switch state 5 True args=(False,) kw={} ncanvase=2
Switch indicator state False, Closed
handle state ('4', False, False)
update switch state 4 False args=(False,) kw={} ncanvase=2
Switch indicator state False, Closed
handle state ('7', False, False)
update switch state 7 False args=(False,) kw={} ncanvase=2
Switch indicator state False, Closed
handle state ('6', False, False)
update switch state 6 False args=(False,) kw={} ncanvase=2
Switch indicator state False, Closed
handle state ('9', False, False)
update switch state 9 False args=(False,) kw={} ncanvase=2
Switch indicator state False, Closed
handle state ('8', False, False)
update switch state 8 False args=(False,) kw={} ncanvase=2
Magnet settling complete
set_dac. change=True
setting magnet DAC
current  : 3.791238
requested: 3.791288
Delta Dac: 0.000051
Magnet settling time: 0.524
Magnet settling complete
set_dac. change=True
setting magnet DAC
current  : 3.791288
requested: 3.791339
Delta Dac: 0.000051
Magnet settling time: 0.524
Magnet settling complete
set_dac. change=True
setting magnet DAC
current  : 3.791339
requested: 3.791389
Delta Dac: 0.000051
Magnet settling time: 0.524
Magnet settling complete
set_dac. change=True
setting magnet DAC
current  : 3.791389
requested: 3.791440
Delta Dac: 0.000051
Magnet settling time: 0.524
Magnet settling complete
set_dac. change=True
setting magnet DAC
current  : 3.791440
requested: 3.791490
Delta Dac: 0.000051
Magnet settling time: 0.524
Magnet settling complete
set_dac. change=True
setting magnet DAC
current  : 3.791490
requested: 3.791541
Delta Dac: 0.000051
Magnet settling time: 0.524
Magnet settling complete
set_dac. change=True
setting magnet DAC
current  : 3.791541
requested: 3.791591
Delta Dac: 0.000051
Magnet settling time: 0.524
Magnet settling complete
set_dac. change=True
setting magnet DAC
current  : 3.791591
requested: 3.791642
Delta Dac: 0.000051
Magnet settling time: 0.524
Magnet settling complete
set_dac. change=True
setting magnet DAC
current  : 3.791642
requested: 3.791692
Delta Dac: 0.000051
Magnet settling time: 0.524
Magnet settling complete
set_dac. change=True
setting magnet DAC
current  : 3.791692
requested: 3.791743
Delta Dac: 0.000051
Magnet settling time: 0.524
Magnet settling complete
set_dac. change=True
setting magnet DAC
current  : 3.791743
requested: 3.791793
Delta Dac: 0.000051
Magnet settling time: 0.524
Magnet settling complete
set_dac. change=True
setting magnet DAC
current  : 3.791793
requested: 3.791844
Delta Dac: 0.000051
Magnet settling time: 0.524
Magnet settling complete
set_dac. change=True
setting magnet DAC
current  : 3.791844
requested: 3.791894
Delta Dac: 0.000051
Magnet settling time: 0.524
Magnet settling complete
set_dac. change=True
setting magnet DAC
current  : 3.791894
requested: 3.791945
Delta Dac: 0.000051
Magnet settling time: 0.524
Magnet settling complete
set_dac. change=True
setting magnet DAC
current  : 3.791945
requested: 3.791995
Delta Dac: 0.000051
Magnet settling time: 0.524
Magnet settling complete
set_dac. change=True
setting magnet DAC
current  : 3.791995
requested: 3.792046
Delta Dac: 0.000051
Magnet settling time: 0.524
Magnet settling complete
set_dac. change=True
setting magnet DAC
current  : 3.792046
requested: 3.792096
Delta Dac: 0.000051
Magnet settling time: 0.524
Magnet settling complete
set_dac. change=True
setting magnet DAC
current  : 3.792096
requested: 3.792147
Delta Dac: 0.000051
Magnet settling time: 0.524
load indicator states
Switch indicator state True, Open
handle state ('11', True, False)
update switch state 11 True args=(False,) kw={} ncanvase=2
Switch indicator state True, Open
handle state ('10', True, False)
update switch state 10 True args=(False,) kw={} ncanvase=2
Switch indicator state False, Closed
handle state ('1', False, False)
update switch state 1 False args=(False,) kw={} ncanvase=2
Switch indicator state True, Open
handle state ('3', True, False)
update switch state 3 True args=(False,) kw={} ncanvase=2
Switch indicator state False, Closed
handle state ('2', False, False)
update switch state 2 False args=(False,) kw={} ncanvase=2
Switch indicator state True, Open
handle state ('5', True, False)
update switch state 5 True args=(False,) kw={} ncanvase=2
Switch indicator state False, Closed
handle state ('4', False, False)
update switch state 4 False args=(False,) kw={} ncanvase=2
Switch indicator state False, Closed
handle state ('7', False, False)
update switch state 7 False args=(False,) kw={} ncanvase=2
Switch indicator state False, Closed
handle state ('6', False, False)
update switch state 6 False args=(False,) kw={} ncanvase=2
Switch indicator state False, Closed
handle state ('9', False, False)
update switch state 9 False args=(False,) kw={} ncanvase=2
Switch indicator state False, Closed
handle state ('8', False, False)
update switch state 8 False args=(False,) kw={} ncanvase=2
Magnet settling complete
set_dac. change=True
setting magnet DAC
current  : 3.792147
requested: 3.792197
Delta Dac: 0.000051
Magnet settling time: 0.524
Magnet settling complete
set_dac. change=True
setting magnet DAC
current  : 3.792197
requested: 3.792248
Delta Dac: 0.000051
Magnet settling time: 0.524
Magnet settling complete
set_dac. change=True
setting magnet DAC
current  : 3.792248
requested: 3.792298
Delta Dac: 0.000051
Magnet settling time: 0.524
Magnet settling complete
set_dac. change=True
setting magnet DAC
current  : 3.792298
requested: 3.792349
Delta Dac: 0.000051
Magnet settling time: 0.524
Magnet settling complete
set_dac. change=True
setting magnet DAC
current  : 3.792349
requested: 3.792399
Delta Dac: 0.000051
Magnet settling time: 0.524
Magnet settling complete
set_dac. change=True
setting magnet DAC
current  : 3.792399
requested: 3.792450
Delta Dac: 0.000051
Magnet settling time: 0.524
Magnet settling complete
set_dac. change=True
setting magnet DAC
current  : 3.792450
requested: 3.792500
Delta Dac: 0.000051
Magnet settling time: 0.524
Magnet settling complete
set_dac. change=True
setting magnet DAC
current  : 3.792500
requested: 3.792551
Delta Dac: 0.000051
Magnet settling time: 0.524
Magnet settling complete
set_dac. change=True
setting magnet DAC
current  : 3.792551
requested: 3.792601
Delta Dac: 0.000051
Magnet settling time: 0.524
Magnet settling complete
set_dac. change=True
setting magnet DAC
current  : 3.792601
requested: 3.792652
Delta Dac: 0.000051
Magnet settling time: 0.524
Magnet settling complete
set_dac. change=True
setting magnet DAC
current  : 3.792652
requested: 3.792702
Delta Dac: 0.000051
Magnet settling time: 0.524
Magnet settling complete
set_dac. change=True
setting magnet DAC
current  : 3.792702
requested: 3.792753
Delta Dac: 0.000051
Magnet settling time: 0.524
Magnet settling complete
set_dac. change=True
setting magnet DAC
current  : 3.792753
requested: 3.792803
Delta Dac: 0.000051
Magnet settling time: 0.524
Magnet settling complete
set_dac. change=True
setting magnet DAC
current  : 3.792803
requested: 3.792854
Delta Dac: 0.000051
Magnet settling time: 0.524
Magnet settling complete
set_dac. change=True
setting magnet DAC
current  : 3.792854
requested: 3.792904
Delta Dac: 0.000051
Magnet settling time: 0.524
Magnet settling complete
set_dac. change=True
setting magnet DAC
current  : 3.792904
requested: 3.792955
Delta Dac: 0.000051
Magnet settling time: 0.524
Magnet settling complete
set_dac. change=True
setting magnet DAC
current  : 3.792955
requested: 3.793005
Delta Dac: 0.000051
Magnet settling time: 0.524
Magnet settling complete
set_dac. change=True
setting magnet DAC
current  : 3.793005
requested: 3.793056
Delta Dac: 0.000051
Magnet settling time: 0.524
load indicator states
Switch indicator state True, Open
handle state ('11', True, False)
update switch state 11 True args=(False,) kw={} ncanvase=2
Switch indicator state True, Open
handle state ('10', True, False)
update switch state 10 True args=(False,) kw={} ncanvase=2
Switch indicator state False, Closed
handle state ('1', False, False)
update switch state 1 False args=(False,) kw={} ncanvase=2
Switch indicator state True, Open
handle state ('3', True, False)
update switch state 3 True args=(False,) kw={} ncanvase=2
Switch indicator state False, Closed
handle state ('2', False, False)
update switch state 2 False args=(False,) kw={} ncanvase=2
Switch indicator state True, Open
handle state ('5', True, False)
update switch state 5 True args=(False,) kw={} ncanvase=2
Switch indicator state False, Closed
handle state ('4', False, False)
update switch state 4 False args=(False,) kw={} ncanvase=2
Switch indicator state False, Closed
handle state ('7', False, False)
update switch state 7 False args=(False,) kw={} ncanvase=2
Switch indicator state False, Closed
handle state ('6', False, False)
update switch state 6 False args=(False,) kw={} ncanvase=2
Switch indicator state False, Closed
handle state ('9', False, False)
update switch state 9 False args=(False,) kw={} ncanvase=2
Switch indicator state False, Closed
handle state ('8', False, False)
update switch state 8 False args=(False,) kw={} ncanvase=2
Magnet settling complete
set_dac. change=True
setting magnet DAC
current  : 3.793056
requested: 3.793106
Delta Dac: 0.000051
Magnet settling time: 0.524
Magnet settling complete
set_dac. change=True
setting magnet DAC
current  : 3.793106
requested: 3.793157
Delta Dac: 0.000051
Magnet settling time: 0.524
Magnet settling complete
set_dac. change=True
setting magnet DAC
current  : 3.793157
requested: 3.793207
Delta Dac: 0.000051
Magnet settling time: 0.524
Magnet settling complete
set_dac. change=True
setting magnet DAC
current  : 3.793207
requested: 3.793258
Delta Dac: 0.000051
Magnet settling time: 0.524
Magnet settling complete
set_dac. change=True
setting magnet DAC
current  : 3.793258
requested: 3.793308
Delta Dac: 0.000051
Magnet settling time: 0.524
Magnet settling complete
set_dac. change=True
setting magnet DAC
current  : 3.793308
requested: 3.793359
Delta Dac: 0.000051
Magnet settling time: 0.524
Magnet settling complete
set_dac. change=True
setting magnet DAC
current  : 3.793359
requested: 3.793409
Delta Dac: 0.000051
Magnet settling time: 0.524
Magnet settling complete
set_dac. change=True
setting magnet DAC
current  : 3.793409
requested: 3.793460
Delta Dac: 0.000051
Magnet settling time: 0.524
Magnet settling complete
set_dac. change=True
setting magnet DAC
current  : 3.793460
requested: 3.793510
Delta Dac: 0.000051
Magnet settling time: 0.524
Magnet settling complete
set_dac. change=True
setting magnet DAC
current  : 3.793510
requested: 3.793561
Delta Dac: 0.000051
Magnet settling time: 0.524
Magnet settling complete
set_dac. change=True
setting magnet DAC
current  : 3.793561
requested: 3.793611
Delta Dac: 0.000051
Magnet settling time: 0.524
Magnet settling complete
set_dac. change=True
setting magnet DAC
current  : 3.793611
requested: 3.793662
Delta Dac: 0.000051
Magnet settling time: 0.524
Magnet settling complete
set_dac. change=True
setting magnet DAC
current  : 3.793662
requested: 3.793712
Delta Dac: 0.000051
Magnet settling time: 0.524
Magnet settling complete
set_dac. change=True
setting magnet DAC
current  : 3.793712
requested: 3.793763
Delta Dac: 0.000051
Magnet settling time: 0.524
Magnet settling complete
set_dac. change=True
setting magnet DAC
current  : 3.793763
requested: 3.793813
Delta Dac: 0.000051
Magnet settling time: 0.524
Magnet settling complete
set_dac. change=True
setting magnet DAC
current  : 3.793813
requested: 3.793864
Delta Dac: 0.000051
Magnet settling time: 0.524
Magnet settling complete
set_dac. change=True
setting magnet DAC
current  : 3.793864
requested: 3.793914
Delta Dac: 0.000051
Magnet settling time: 0.524
Magnet settling complete
set_dac. change=True
setting magnet DAC
current  : 3.793914
requested: 3.793965
Delta Dac: 0.000051
Magnet settling time: 0.524
load indicator states
Switch indicator state True, Open
handle state ('11', True, False)
update switch state 11 True args=(False,) kw={} ncanvase=2
Switch indicator state True, Open
handle state ('10', True, False)
update switch state 10 True args=(False,) kw={} ncanvase=2
Switch indicator state False, Closed
handle state ('1', False, False)
update switch state 1 False args=(False,) kw={} ncanvase=2
Switch indicator state True, Open
handle state ('3', True, False)
update switch state 3 True args=(False,) kw={} ncanvase=2
Switch indicator state False, Closed
handle state ('2', False, False)
update switch state 2 False args=(False,) kw={} ncanvase=2
Switch indicator state True, Open
handle state ('5', True, False)
update switch state 5 True args=(False,) kw={} ncanvase=2
Switch indicator state False, Closed
handle state ('4', False, False)
update switch state 4 False args=(False,) kw={} ncanvase=2
Switch indicator state False, Closed
handle state ('7', False, False)
update switch state 7 False args=(False,) kw={} ncanvase=2
Switch indicator state False, Closed
handle state ('6', False, False)
update switch state 6 False args=(False,) kw={} ncanvase=2
Switch indicator state False, Closed
handle state ('9', False, False)
update switch state 9 False args=(False,) kw={} ncanvase=2
Switch indicator state False, Closed
handle state ('8', False, False)
update switch state 8 False args=(False,) kw={} ncanvase=2
Magnet settling complete
set_dac. change=True
setting magnet DAC
current  : 3.793965
requested: 3.794015
Delta Dac: 0.000051
Magnet settling time: 0.524
Magnet settling complete
set_dac. change=True
setting magnet DAC
current  : 3.794015
requested: 3.794066
Delta Dac: 0.000051
Magnet settling time: 0.524
Magnet settling complete
set_dac. change=True
setting magnet DAC
current  : 3.794066
requested: 3.794116
Delta Dac: 0.000051
Magnet settling time: 0.524
Magnet settling complete
set_dac. change=True
setting magnet DAC
current  : 3.794116
requested: 3.794167
Delta Dac: 0.000051
Magnet settling time: 0.524
Magnet settling complete
set_dac. change=True
setting magnet DAC
current  : 3.794167
requested: 3.794217
Delta Dac: 0.000051
Magnet settling time: 0.524
Magnet settling complete
set_dac. change=True
setting magnet DAC
current  : 3.794217
requested: 3.794268
Delta Dac: 0.000051
Magnet settling time: 0.524
Magnet settling complete
set_dac. change=True
setting magnet DAC
current  : 3.794268
requested: 3.794318
Delta Dac: 0.000051
Magnet settling time: 0.524
Magnet settling complete
set_dac. change=True
setting magnet DAC
current  : 3.794318
requested: 3.794369
Delta Dac: 0.000051
Magnet settling time: 0.524
Magnet settling complete
set_dac. change=True
setting magnet DAC
current  : 3.794369
requested: 3.794419
Delta Dac: 0.000051
Magnet settling time: 0.524
Magnet settling complete
set_dac. change=True
setting magnet DAC
current  : 3.794419
requested: 3.794470
Delta Dac: 0.000051
Magnet settling time: 0.524
Magnet settling complete
set_dac. change=True
result of _do_sweep=True
result of _calculate_peak_center=([3.7904970541082159, 3.7919599799599193, 3.7934229058116227], [1039.1021080821042, 5817.0323917676924, 985.03702836110722], 3.7917144889779553, 5817.0323917676924)
new center pos Detector(H2) (Ar40) @ 3.79195997996
GetHighVoltage ===>> 9900
dac uncorrected for HV and deflection 3.79195997996
update mftable H2 Ar40 3.79195997996 message=automated run peakcenter
get initial guess parabolic
get initial guess parabolic
sweep finished
get initial guess parabolic
get initial guess parabolic
get initial guess parabolic
dump mftable to /Users/labuser/Pychron/setupfiles/spectrometer/mftables/mftable.csv
setting magnet DAC
current  : 3.794470
requested: 3.791960
Delta Dac: 0.002510
SetMagnetDAC 3.79195997996 ===>> OK
Magnet settling time: 0.500
Magnet settling complete
set_dac. change=True
setting integration time = 1.048576
SetIntegrationTime 1.048576 ===>> OK
flush and close file /Users/labuser/Pychron/data/isotopes/94/ad005c-78fb-4d9b-a809-edb321a54d23.h5
executed snippet estimated_duration=286.88, duration=279.905949116
helix_air.py completed successfully
Measurement Finished
09:58:05 -- ******* Measurement Finished *******
Post Measurement Started helix_pump_ms.py
09:58:05 -- ******* Post Measurement Started helix_pump_ms.py *******
testing...
no interpolation path defined
executed snippet estimated_duration=0, duration=3.40938568115e-05
open ('1',) {}
open name=1 desc=---
check software interlocks 1
interlocks []
actuate state mode=None-script, software_lock=False
doing actuation None-script open_channel True
Open Valve Ion Pump Set ===>> OK
change switch state (True, True)
update switch state 1 True args=() kw={} ncanvase=2
09:58:05 -- OPEN   VALVE-1 (MSIonPump)
-------------------------- open 1 () result=[(True, True)]
action=open, ok=True, locked=[False]
executed snippet estimated_duration=0, duration=0.267940044403
helix_pump_ms.py completed successfully
setting _ms_pumptime
Post Measurement Finished
09:58:05 -- ******* Post Measurement Finished *******
$$$$$$$$$$$$$$$$$$$$ state at run end measurement
state changed from measurement to success
post measurement save measured=True aborted=False
Set filtering
setting fod for Ar40= {'filter_outliers': True, 'std_devs': 2, 'iterations': 1}
setting fod for H2= {'filter_outliers': True, 'std_devs': 2, 'iterations': 1}
setting fod for Ar36= {'filter_outliers': True, 'std_devs': 2, 'iterations': 1}
setting fod for L2(CDD)= {'filter_outliers': True, 'std_devs': 2, 'iterations': 1}
setting fod for Ar37= {'filter_outliers': True, 'std_devs': 2, 'iterations': 1}
setting fod for L1= {'filter_outliers': True, 'std_devs': 2, 'iterations': 1}
setting fod for Ar38= {'filter_outliers': True, 'std_devs': 2, 'iterations': 1}
setting fod for AX= {'filter_outliers': True, 'std_devs': 2, 'iterations': 1}
setting fod for Ar39= {'filter_outliers': True, 'std_devs': 2, 'iterations': 1}
setting fod for H1= {'filter_outliers': True, 'std_devs': 2, 'iterations': 1}
persistence save...
persistence save - db
post measurement save
5110490512 connecting to database sqlite:////Users/labuser/Pychron/.appdata/local_lab.db
connected to db sqlite:////Users/labuser/Pychron/.appdata/local_lab.db
create new session 5110490512
close session 5110490512
No database instance. Not saving post measurement to isotopedb database
$$$$$$$$$$$$$$$ auto_save_detector_ic=False
persistence save - dvc
================= post measurement started
create new session 4947791952
close session 4947791952
---------------- Experiment Queue saving disabled
DVC saving peakcenter
Smart pull ahead: 0 behind: 0
Up-to-date with origin
add to repo msg=modified - 89bc375cd845c070619816cb57227db1a8e33785.json
add to repo msg=modified - -H-15.json
add to repo msg=modified - -H-15.dat.json
add to repo msg=modified - -H-15.blan.json
add to repo msg=modified - -H-15.inte.json
add to repo msg=modified - -H-15.icfa.json
add to repo msg=modified - -H-15.base.json
not at valid file /Users/labuser/Pychron/data/.dvc/repositories/Helix_air170/a-01/tags/-H-15.tags.json
add to repo msg=modified - -H-15.peak.json
add to repo msg=modified - -H-15.extr.json
not at valid file /Users/labuser/Pychron/data/.dvc/repositories/Helix_air170/a-01/monitor/-H-15.moni.json
commit message=<COLLECTION>
add to repo msg=modified - -H-15.inte.json
add to repo msg=modified - -H-15.base.json
commit message=<ISOEVO> default collection fits
add to repo msg=modified - -H-15.blan.json
commit message=<BLANKS> preceding ba-01-H-10
add to repo msg=modified - -H-15.icfa.json
commit message=<ICFactor> default
push repository <pychron.git_archive.repo_manager.GitRepoManager object at 0x12c0c55f0>
pushing to remote=origin, url=https://github.com
load indicator states
Switch indicator state True, Open
handle state ('11', True, False)
update switch state 11 True args=(False,) kw={} ncanvase=2
Switch indicator state True, Open
handle state ('10', True, False)
update switch state 10 True args=(False,) kw={} ncanvase=2
Switch indicator state True, Open
handle state ('1', True, False)
update switch state 1 True args=(False,) kw={} ncanvase=2
Switch indicator state True, Open
handle state ('3', True, False)
update switch state 3 True args=(False,) kw={} ncanvase=2
Switch indicator state False, Closed
handle state ('2', False, False)
update switch state 2 False args=(False,) kw={} ncanvase=2
Switch indicator state True, Open
handle state ('5', True, False)
update switch state 5 True args=(False,) kw={} ncanvase=2
Switch indicator state False, Closed
handle state ('4', False, False)
update switch state 4 False args=(False,) kw={} ncanvase=2
Switch indicator state False, Closed
handle state ('7', False, False)
update switch state 7 False args=(False,) kw={} ncanvase=2
Switch indicator state False, Closed
handle state ('6', False, False)
update switch state 6 False args=(False,) kw={} ncanvase=2
Switch indicator state False, Closed
handle state ('9', False, False)
update switch state 9 False args=(False,) kw={} ncanvase=2
Switch indicator state False, Closed
handle state ('8', False, False)
update switch state 8 False args=(False,) kw={} ncanvase=2
no changes to meta repo
create new session 4947791952
add association Helix_air170
get identifier "a-01-H"
setting analysis irradiation position=<pychron.dvc.dvc_orm.IrradiationPositionTbl object at 0x12feb69d0>
close session 4947791952
================= post measurement finished
09:58:11 -- ******* Post Run Check *******
loading queue conditionals post_run_actions
loading system conditionals post_run_actions
loading conditionals from /Users/labuser/Pychron/setupfiles/spectrometer/default_conditionals.yaml
loading queue conditionals post_run_terminations
loading system conditionals post_run_terminations
loading conditionals from /Users/labuser/Pychron/setupfiles/spectrometer/default_conditionals.yaml
09:58:11 -- ******* Post Run Check Passed *******
09:58:11 -- Automated run a-01-H-15 success duration: 325.654 s
----------------- finish -----------------
----------------- stop -----------------
retroactive repository identifiers disabled
finish run. runs completed=2
update duration runid=a-01-H-15, duration=325.65357995, md5=060fae79
loading script "helix_air.py"
loading script "helix_pump_ms.py"
loading script "helix_air.py"
loading script "helix_pump_prep.py"
testing...
no interpolation path defined
executed snippet estimated_duration=297.28, duration=0.000277042388916
script duration name:air seconds:297.0
loading script "helix_air.py"
loading script "helix_pump_ms.py"
loading script "helix_air.py"
loading script "helix_pump_prep.py"
testing...
no interpolation path defined
executed snippet estimated_duration=0, duration=3.88622283936e-05
air in script context. using previous estimated duration
script duration name:air seconds:297.0
loading script "helix_air.py"
loading script "helix_pump_ms.py"
loading script "helix_air.py"
loading script "helix_pump_prep.py"
testing...
no interpolation path defined
executed snippet estimated_duration=4.0, duration=0.000136852264404
Script duration 594.0
Run total estimated duration= 595.000
script duration name:air seconds:297.0
pump_ms in script context. using previous estimated duration
script duration name:air seconds:297.0
pump_prep in script context. using previous estimated duration
Script duration 594.0
Run total estimated duration= 595.000
script duration name:air seconds:297.0
script duration name:air seconds:297.0
Script duration 594.0
Run total estimated duration= 595.000
script duration name:air seconds:297.0
script duration name:air seconds:297.0
Script duration 594.0
Run total estimated duration= 595.000
script duration name:air seconds:297.0
script duration name:air seconds:297.0
Script duration 594.0
Run total estimated duration= 595.000
script duration name:air seconds:297.0
script duration name:air seconds:297.0
Script duration 594.0
Run total estimated duration= 595.000
script duration name:air seconds:297.0
script duration name:air seconds:297.0
Script duration 594.0
Run total estimated duration= 595.000
script duration name:air seconds:297.0
script duration name:air seconds:297.0
Script duration 594.0
Run total estimated duration= 595.000
script duration name:air seconds:297.0
script duration name:air seconds:297.0
Script duration 594.0
Run total estimated duration= 595.000
script duration name:air seconds:297.0
script duration name:air seconds:297.0
Script duration 594.0
Run total estimated duration= 595.000
script duration name:air seconds:297.0
script duration name:air seconds:297.0
Script duration 594.0
Run total estimated duration= 595.000
script duration name:air seconds:297.0
script duration name:air seconds:297.0
Script duration 594.0
Run total estimated duration= 595.000
script duration name:air seconds:297.0
script duration name:air seconds:297.0
Script duration 594.0
Run total estimated duration= 595.000
script duration name:air seconds:297.0
script duration name:air seconds:297.0
Script duration 594.0
Run total estimated duration= 595.000
script duration name:air seconds:297.0
script duration name:air seconds:297.0
Script duration 594.0
Run total estimated duration= 595.000
script duration name:air seconds:297.0
script duration name:air seconds:297.0
Script duration 594.0
Run total estimated duration= 595.000
script duration name:air seconds:297.0
script duration name:air seconds:297.0
Script duration 594.0
Run total estimated duration= 595.000
script duration name:air seconds:297.0
script duration name:air seconds:297.0
Script duration 594.0
Run total estimated duration= 595.000
script duration name:air seconds:297.0
script duration name:air seconds:297.0
Script duration 594.0
Run total estimated duration= 595.000
script duration name:air seconds:297.0
script duration name:air seconds:297.0
Script duration 594.0
Run total estimated duration= 595.000
script duration name:air seconds:297.0
script duration name:air seconds:297.0
Script duration 594.0
Run total estimated duration= 595.000
script duration name:air seconds:297.0
script duration name:air seconds:297.0
Script duration 594.0
Run total estimated duration= 595.000
script duration name:air seconds:297.0
script duration name:air seconds:297.0
Script duration 594.0
Run total estimated duration= 595.000
script duration name:air seconds:297.0
script duration name:air seconds:297.0
Script duration 594.0
Run total estimated duration= 595.000
script duration name:air seconds:297.0
script duration name:air seconds:297.0
Script duration 594.0
Run total estimated duration= 595.000
script duration name:air seconds:297.0
script duration name:air seconds:297.0
Script duration 594.0
Run total estimated duration= 595.000
script duration name:air seconds:297.0
script duration name:air seconds:297.0
Script duration 594.0
Run total estimated duration= 595.000
script duration name:air seconds:297.0
script duration name:air seconds:297.0
Script duration 594.0
Run total estimated duration= 595.000
script duration name:air seconds:297.0
script duration name:air seconds:297.0
Script duration 594.0
Run total estimated duration= 595.000
script duration name:air seconds:297.0
script duration name:air seconds:297.0
Script duration 594.0
Run total estimated duration= 595.000
script duration name:air seconds:297.0
script duration name:air seconds:297.0
Script duration 594.0
Run total estimated duration= 595.000
script duration name:air seconds:297.0
script duration name:air seconds:297.0
Script duration 594.0
Run total estimated duration= 595.000
script duration name:air seconds:297.0
script duration name:air seconds:297.0
Script duration 594.0
Run total estimated duration= 595.000
script duration name:air seconds:297.0
script duration name:air seconds:297.0
Script duration 594.0
Run total estimated duration= 595.000
script duration name:air seconds:297.0
script duration name:air seconds:297.0
Script duration 594.0
Run total estimated duration= 595.000
nruns=35 before=5.0, run_dur=20825.0, btw=1020.0
write rem/ex queues
/Users/labuser/Pychron/experiments/rem/Air.rem.txt
/Users/labuser/Pychron/experiments/rem/Air.ex.txt
doing event level: 3
