do run
loading script "helix_air.py"
loading script "helix_pump_ms.py"
loading script "helix_air.py"
loading script "helix_pump_prep.py"
testing...
no interpolation path defined
executed snippet estimated_duration=286.88, duration=0.000229835510254
script duration name:air seconds:287.0
loading script "helix_air.py"
loading script "helix_pump_ms.py"
loading script "helix_air.py"
loading script "helix_pump_prep.py"
testing...
no interpolation path defined
executed snippet estimated_duration=0, duration=2.00271606445e-05
air in script context. using previous estimated duration
script duration name:air seconds:287.0
loading script "helix_air.py"
loading script "helix_pump_ms.py"
loading script "helix_air.py"
loading script "helix_pump_prep.py"
testing...
no interpolation path defined
executed snippet estimated_duration=4.0, duration=0.000113964080811
Script duration 574.0
Run total estimated duration= 575.000
run duration: 0:09:35
doing event level: 2
----------------- start -----------------
**************** Experiment Type: Ar/Ar, Ar/Ar
create new session 4966909904
close session 4966909904
$$$$$ Clearing conditionals
adding conditionals 
Add queue conditionals
add default conditionals
no Default Conditionals file. None
Start automated run a-01-H-14
loading script "helix_air.py"
loading script "helix_pump_ms.py"
loading script "helix_air.py"
loading script "helix_pump_prep.py"
%%%%%%%%%%%%%%%%%% setting automated run a-01-H-14
No value "sensitivity_multiplier" in metadata
$$$$$$$$$$$$$$$ auto_save_detector_ic=False
============================= Pre Extraction Check =============================
loading queue conditionals pre_run_terminations
loading system conditionals pre_run_terminations
no system conditionals file located at None
=================================================================================
start extraction
do extraction
Analysis started at 09:37:53.055791
Extraction Started helix_air.py
09:37:53 -- ******* Extraction Started helix_air.py *******
state changed from not run to extraction
DO EXTRACTION <pychron.extraction_line.pyscript_runner.PyScriptRunner object at 0x1291ec4d0>
testing...
no interpolation path defined
executed snippet estimated_duration=68.0, duration=0.000328063964844
Air pipette
open ('3',) {}
open name=3 desc=---
check software interlocks 3
interlocks []
actuate state mode=None-script, software_lock=False
doing actuation None-script open_channel False
ROUT:OPEN (@103)
change switch state (True, True)
update switch state 3 True args=() kw={} ncanvase=3
09:37:53 -- OPEN   VALVE-3 (SecondToIP)
-------------------------- open 3 () result=[(True, True)]
action=open, ok=True, locked=[False]
close ('2',) {}
close name=2 desc=---
check software interlocks 2
interlocks []
actuate state mode=None-script, software_lock=False
doing actuation None-script close_channel False
ROUT:CLOSE (@102)
change switch state (True, True)
update switch state 2 False args=() kw={} ncanvase=3
09:37:53 -- CLOSE  VALVE-2 (ExtrToMS)
-------------------------- close 2 () result=[(True, True)]
action=close, ok=True, locked=[False]
open ('1',) {}
open name=1 desc=---
check software interlocks 1
interlocks []
actuate state mode=None-script, software_lock=False
doing actuation None-script open_channel False
Open Valve Ion Pump Set ===>> OK
change switch state (True, True)
update switch state 1 True args=() kw={} ncanvase=3
09:37:53 -- OPEN   VALVE-1 (MSIonPump)
-------------------------- open 1 () result=[(True, True)]
action=open, ok=True, locked=[False]
close ('8',) {}
close name=8 desc=---
check software interlocks 8
interlocks []
actuate state mode=None-script, software_lock=False
doing actuation None-script close_channel False
ROUT:CLOSE (@108)
change switch state (True, True)
update switch state 8 False args=() kw={} ncanvase=3
09:37:53 -- CLOSE  VALVE-8 (Sample1toFirst)
-------------------------- close 8 () result=[(True, True)]
action=close, ok=True, locked=[False]
close ('9',) {}
close name=9 desc=---
check software interlocks 9
interlocks []
actuate state mode=None-script, software_lock=False
doing actuation None-script close_channel False
ROUT:CLOSE (@109)
change switch state (True, True)
update switch state 9 False args=() kw={} ncanvase=3
09:37:54 -- CLOSE  VALVE-9 (Sample2toFirst)
-------------------------- close 9 () result=[(True, True)]
action=close, ok=True, locked=[False]
close ('7',) {}
close name=7 desc=---
check software interlocks 7
interlocks ['6']
actuate state mode=None-script, software_lock=False
doing actuation None-script close_channel False
ROUT:CLOSE (@107)
change switch state (True, True)
update switch state 7 False args=() kw={} ncanvase=3
09:37:54 -- CLOSE  VALVE-7 (APInner)
-------------------------- close 7 () result=[(True, True)]
load indicator states
Switch indicator state True, Open
handle state ('11', True, False)
update switch state 11 True args=(False,) kw={} ncanvase=3
Switch indicator state True, Open
handle state ('10', True, False)
update switch state 10 True args=(False,) kw={} ncanvase=3
Switch indicator state True, Open
handle state ('1', True, False)
update switch state 1 True args=(False,) kw={} ncanvase=3
action=close, ok=True, locked=[False]
open ('5',) {}
open name=5 desc=---
check software interlocks 5
interlocks []
actuate state mode=None-script, software_lock=False
doing actuation None-script open_channel False
Switch indicator state True, Open
ROUT:OPEN (@105)
handle state ('3', True, False)
update switch state 3 True args=(False,) kw={} ncanvase=3
change switch state (True, True)
update switch state 5 True args=() kw={} ncanvase=3
09:37:54 -- OPEN   VALVE-5 (FirstToTurbo)
-------------------------- open 5 () result=[(True, True)]
Switch indicator state False, Closed
handle state ('2', False, False)
update switch state 2 False args=(False,) kw={} ncanvase=3
Switch indicator state True, Open
handle state ('5', True, False)
update switch state 5 True args=(False,) kw={} ncanvase=3
Switch indicator state False, Closed
handle state ('4', False, False)
update switch state 4 False args=(False,) kw={} ncanvase=3
Switch indicator state False, Closed
handle state ('7', False, False)
update switch state 7 False args=(False,) kw={} ncanvase=3
Switch indicator state False, Closed
handle state ('6', False, False)
update switch state 6 False args=(False,) kw={} ncanvase=3
Switch indicator state False, Closed
handle state ('9', False, False)
update switch state 9 False args=(False,) kw={} ncanvase=3
Switch indicator state False, Closed
handle state ('8', False, False)
update switch state 8 False args=(False,) kw={} ncanvase=3
action=open, ok=True, locked=[False]
open ('11',) {}
open name=11 desc=---
check software interlocks 11
interlocks []
actuate state mode=None-script, software_lock=False
doing actuation None-script open_channel False
ROUT:OPEN (@111)
change switch state (True, True)
update switch state 11 True args=() kw={} ncanvase=3
09:37:55 -- OPEN   VALVE-11 (APSafety)
-------------------------- open 11 () result=[(True, True)]
action=open, ok=True, locked=[False]
open ('6',) {}
open name=6 desc=---
check software interlocks 6
interlocks ['7']
actuate state mode=None-script, software_lock=False
doing actuation None-script open_channel True
ROUT:OPEN (@106)
change switch state (True, True)
update switch state 6 True args=() kw={} ncanvase=3
09:37:55 -- OPEN   VALVE-6 (APOuter)
-------------------------- open 6 () result=[(True, True)]
action=open, ok=True, locked=[False]
sleep (15,) {}
SLEEP 15.0
block started
WaitControl setup for 15.0  
load indicator states
Switch indicator state True, Open
handle state ('11', True, False)
update switch state 11 True args=(False,) kw={} ncanvase=3
Switch indicator state True, Open
handle state ('10', True, False)
update switch state 10 True args=(False,) kw={} ncanvase=3
Switch indicator state True, Open
handle state ('1', True, False)
update switch state 1 True args=(False,) kw={} ncanvase=3
Switch indicator state True, Open
handle state ('3', True, False)
update switch state 3 True args=(False,) kw={} ncanvase=3
Switch indicator state False, Closed
handle state ('2', False, False)
update switch state 2 False args=(False,) kw={} ncanvase=3
Switch indicator state True, Open
handle state ('5', True, False)
update switch state 5 True args=(False,) kw={} ncanvase=3
Switch indicator state False, Closed
handle state ('4', False, False)
update switch state 4 False args=(False,) kw={} ncanvase=3
Switch indicator state False, Closed
handle state ('7', False, False)
update switch state 7 False args=(False,) kw={} ncanvase=3
Switch indicator state True, Open
handle state ('6', True, False)
update switch state 6 True args=(False,) kw={} ncanvase=3
Switch indicator state False, Closed
handle state ('9', False, False)
update switch state 9 False args=(False,) kw={} ncanvase=3
Switch indicator state False, Closed
handle state ('8', False, False)
update switch state 8 False args=(False,) kw={} ncanvase=3
Join finished
block finished. duration 15.0669970512
close ('6',) {}
close name=6 desc=---
check software interlocks 6
interlocks ['7']
actuate state mode=None-script, software_lock=False
doing actuation None-script close_channel True
ROUT:CLOSE (@106)
change switch state (True, True)
update switch state 6 False args=() kw={} ncanvase=3
09:38:10 -- CLOSE  VALVE-6 (APOuter)
-------------------------- close 6 () result=[(True, True)]
action=close, ok=True, locked=[False]
sleep (2,) {}
SLEEP 2.0
block started
WaitControl setup for 2.0  
Join finished
block finished. duration 2.03036499023
Filling pipette
open ('7',) {}
open name=7 desc=---
check software interlocks 7
interlocks ['6']
actuate state mode=None-script, software_lock=False
doing actuation None-script open_channel True
ROUT:OPEN (@107)
change switch state (True, True)
update switch state 7 True args=() kw={} ncanvase=3
09:38:13 -- OPEN   VALVE-7 (APInner)
-------------------------- open 7 () result=[(True, True)]
action=open, ok=True, locked=[False]
sleep (15,) {}
SLEEP 15.0
block started
WaitControl setup for 15.0  
load indicator states
Switch indicator state True, Open
handle state ('11', True, False)
update switch state 11 True args=(False,) kw={} ncanvase=3
Switch indicator state True, Open
handle state ('10', True, False)
update switch state 10 True args=(False,) kw={} ncanvase=3
Switch indicator state True, Open
handle state ('1', True, False)
update switch state 1 True args=(False,) kw={} ncanvase=3
Switch indicator state True, Open
handle state ('3', True, False)
update switch state 3 True args=(False,) kw={} ncanvase=3
Switch indicator state False, Closed
handle state ('2', False, False)
update switch state 2 False args=(False,) kw={} ncanvase=3
Switch indicator state True, Open
handle state ('5', True, False)
update switch state 5 True args=(False,) kw={} ncanvase=3
Switch indicator state False, Closed
handle state ('4', False, False)
update switch state 4 False args=(False,) kw={} ncanvase=3
Switch indicator state True, Open
handle state ('7', True, False)
update switch state 7 True args=(False,) kw={} ncanvase=3
Switch indicator state False, Closed
handle state ('6', False, False)
update switch state 6 False args=(False,) kw={} ncanvase=3
Switch indicator state False, Closed
handle state ('9', False, False)
update switch state 9 False args=(False,) kw={} ncanvase=3
Switch indicator state False, Closed
handle state ('8', False, False)
update switch state 8 False args=(False,) kw={} ncanvase=3
load indicator states
Switch indicator state True, Open
handle state ('11', True, False)
update switch state 11 True args=(False,) kw={} ncanvase=3
Switch indicator state True, Open
handle state ('10', True, False)
update switch state 10 True args=(False,) kw={} ncanvase=3
Switch indicator state True, Open
handle state ('1', True, False)
update switch state 1 True args=(False,) kw={} ncanvase=3
Switch indicator state True, Open
handle state ('3', True, False)
update switch state 3 True args=(False,) kw={} ncanvase=3
Switch indicator state False, Closed
handle state ('2', False, False)
update switch state 2 False args=(False,) kw={} ncanvase=3
Switch indicator state True, Open
handle state ('5', True, False)
update switch state 5 True args=(False,) kw={} ncanvase=3
Switch indicator state False, Closed
handle state ('4', False, False)
update switch state 4 False args=(False,) kw={} ncanvase=3
Switch indicator state True, Open
handle state ('7', True, False)
update switch state 7 True args=(False,) kw={} ncanvase=3
Switch indicator state False, Closed
handle state ('6', False, False)
update switch state 6 False args=(False,) kw={} ncanvase=3
Switch indicator state False, Closed
handle state ('9', False, False)
update switch state 9 False args=(False,) kw={} ncanvase=3
Switch indicator state False, Closed
handle state ('8', False, False)
update switch state 8 False args=(False,) kw={} ncanvase=3
Join finished
block finished. duration 15.0640599728
close ('7',) {}
close name=7 desc=---
check software interlocks 7
interlocks ['6']
actuate state mode=None-script, software_lock=False
doing actuation None-script close_channel True
ROUT:CLOSE (@107)
change switch state (True, True)
update switch state 7 False args=() kw={} ncanvase=3
09:38:28 -- CLOSE  VALVE-7 (APInner)
-------------------------- close 7 () result=[(True, True)]
action=close, ok=True, locked=[False]
close ('5',) {}
close name=5 desc=---
check software interlocks 5
interlocks []
actuate state mode=None-script, software_lock=False
doing actuation None-script close_channel True
ROUT:CLOSE (@105)
change switch state (True, True)
update switch state 5 False args=() kw={} ncanvase=3
09:38:28 -- CLOSE  VALVE-5 (FirstToTurbo)
-------------------------- close 5 () result=[(True, True)]
action=close, ok=True, locked=[False]
close ('3',) {}
close name=3 desc=---
check software interlocks 3
interlocks []
actuate state mode=None-script, software_lock=False
doing actuation None-script close_channel True
ROUT:CLOSE (@103)
change switch state (True, True)
update switch state 3 False args=() kw={} ncanvase=3
09:38:29 -- CLOSE  VALVE-3 (SecondToIP)
-------------------------- close 3 () result=[(True, True)]
action=close, ok=True, locked=[False]
sleep (2,) {}
SLEEP 2.0
block started
WaitControl setup for 2.0  
Join finished
block finished. duration 2.03181099892
open ('4',) {}
open name=4 desc=---
check software interlocks 4
interlocks []
actuate state mode=None-script, software_lock=False
doing actuation None-script open_channel True
ROUT:OPEN (@104)
change switch state (True, True)
update switch state 4 True args=() kw={} ncanvase=3
09:38:31 -- OPEN   VALVE-4 (FirstToSecondStage)
-------------------------- open 4 () result=[(True, True)]
action=open, ok=True, locked=[False]
open ('6',) {}
open name=6 desc=---
check software interlocks 6
interlocks ['7']
actuate state mode=None-script, software_lock=False
doing actuation None-script open_channel True
ROUT:OPEN (@106)
increment shot count 17
saved current shot count 17
change switch state (True, True)
update switch state 6 True args=() kw={} ncanvase=3
09:38:31 -- OPEN   VALVE-6 (APOuter)
-------------------------- open 6 () result=[(True, True)]
action=open, ok=True, locked=[False]
executed snippet estimated_duration=102.0, duration=38.881606102
helix_air.py completed successfully
no extraction action
Requested Output= 0.000
Achieved Output=  0.000
no extraction action
no extraction action
no extraction action
no extraction action
persistence save...
persistence save - db
AutomatedRunPersister post_extraction_save deprecated
persistence save - dvc
no extraction position for 
Extraction Finished
09:38:31 -- ******* Extraction Finished *******
no overlap. not waiting for min ms pumptime
start measurement
do measurement
L#=a-01-H analysis type=air
Measurement Started helix_air.py
09:38:31 -- ******* Measurement Started helix_air.py *******
state changed from extraction to measurement
setting spec, defl, and gains
GetExtractionLens ===>> 53.17
GetYSymmetry ===>> 21.3198412698413
GetZSymmetry ===>> 0
GetZFocus ===>> 0
GetDeflection L2(CDD) ===>> Error: Invalid Command
Failed reading L2(CDD) deflection. Error=could not convert string to float: Error: Invalid Command. Using previous value 0
GetGain H2 ===>> 0.986801698763664
GetGain H1 ===>> 1.00965220605837
GetGain AX ===>> 1.0074395083375
GetGain L1 ===>> 1.00823694673985
GetGain L2(CDD) ===>> 0
pre measurement save
New frame /Users/labuser/Pychron/data/isotopes/ad/033308-2e7e-4268-9172-8244d4eb9514.h5
flush and close file /Users/labuser/Pychron/data/isotopes/ad/033308-2e7e-4268-9172-8244d4eb9514.h5
testing...
no interpolation path defined
executed snippet estimated_duration=286.88, duration=0.000256061553955
activate_detectors ('H2', 'H1', 'AX', 'L1', 'L2(CDD)') {}
activate detectors
*************** Set Analysis View Ar/Ar
create graphs
clearing graphs
clear isotope group
setting isotope det=H2, iso=Ar40
setting isotope det=H1, iso=Ar39
setting isotope det=AX, iso=Ar38
setting isotope det=L1, iso=Ar37
setting isotope det=L2(CDD), iso=Ar36
setting previous blanks
 - setting Ar40 blank 0.134+/-0.023
 - setting Ar36 blank 0.0331+/-0.0005
 - setting Ar37 blank 0.074+/-0.032
 - setting Ar38 blank 0.063+/-0.032
 - setting Ar39 blank -0.01+/-0.04
load analysis view
position_magnet ('Ar40',) {'detector': 'H2'}
detector Detector(H2)
POSITION Ar40 H2
setting detector H2 to Ar40 (39.962)
setting detector H1 to Ar39 (38.962)
setting detector AX to Ar38 (37.962)
setting detector L1 to Ar37 (36.962)
setting detector L2(CDD) to Ar36 (35.962)
Mapping mass to dac mass func: "parabolic"
H2 map mass coeffs = [  2.53589168e-02  -1.84786063e+00   3.71388843e+01]
H2 map mass to dac 39.962 >> 3.79189
GetHighVoltage ===>> 9900
positioning Ar40 (3.79189) on H2
setting magnet DAC
current  : 3.728839
requested: 3.791890
Delta Dac: 0.063051
SetMagnetDAC 3.79189 ===>> OK
Magnet settling time: 0.500
Magnet settling complete
set_dac. change=True
update labels <pychron.experiment.plot_panel.PlotPanel object at 0x12ca96d10>
update labels "<pychron.graph.stacked_regression_graph.StackedRegressionGraph object at 0x1343c4a70>"
setting label 0 H2 Ar40
setting label 1 H1 Ar39
setting label 2 AX Ar38
setting label 3 L1 Ar37
setting label 4 L2(CDD) Ar36
update labels "<pychron.graph.stacked_graph.StackedGraph object at 0x130af1170>"
setting label 0 H2 Ar40
setting label 1 H1 Ar39
setting label 2 AX Ar38
setting label 3 L1 Ar37
setting label 4 L2(CDD) Ar36
equilibrate () {'inlet': '2', 'outlet': '1', 'eqtime': 30}
Equilibration Started
09:38:33 -- ******* Equilibration Started *******
check software interlocks 1
interlocks []
actuate state mode=None-script, software_lock=False
doing actuation None-script close_channel True
Close Valve Ion Pump Set ===>> OK
change switch state (True, True)
update switch state 1 False args=() kw={} ncanvase=3
09:38:33 -- CLOSE  VALVE-1 (MSIonPump)
waiting 3s before opening inlet value ('2',)
load indicator states
Switch indicator state True, Open
handle state ('11', True, False)
update switch state 11 True args=(False,) kw={} ncanvase=3
Switch indicator state True, Open
handle state ('10', True, False)
update switch state 10 True args=(False,) kw={} ncanvase=3
Switch indicator state False, Closed
handle state ('1', False, False)
update switch state 1 False args=(False,) kw={} ncanvase=3
Switch indicator state False, Closed
handle state ('3', False, False)
update switch state 3 False args=(False,) kw={} ncanvase=3
Switch indicator state False, Closed
handle state ('2', False, False)
update switch state 2 False args=(False,) kw={} ncanvase=3
Switch indicator state False, Closed
handle state ('5', False, False)
update switch state 5 False args=(False,) kw={} ncanvase=3
Switch indicator state True, Open
handle state ('4', True, False)
update switch state 4 True args=(False,) kw={} ncanvase=3
Switch indicator state False, Closed
handle state ('7', False, False)
update switch state 7 False args=(False,) kw={} ncanvase=3
Switch indicator state True, Open
handle state ('6', True, False)
update switch state 6 True args=(False,) kw={} ncanvase=3
Switch indicator state False, Closed
handle state ('9', False, False)
update switch state 9 False args=(False,) kw={} ncanvase=3
Switch indicator state False, Closed
handle state ('8', False, False)
update switch state 8 False args=(False,) kw={} ncanvase=3
check software interlocks 2
interlocks []
actuate state mode=None-script, software_lock=False
doing actuation None-script open_channel True
ROUT:OPEN (@102)
change switch state (True, True)
update switch state 2 True args=() kw={} ncanvase=3
09:38:36 -- OPEN   VALVE-2 (ExtrToMS)
set_time_zero () {}
equilibrating for 30sec
sniff (30,) {}
py_sniff
build tables- sniff [Detector(H2), Detector(H1), Detector(AX), Detector(L1), Detector(L2(CDD))]
add group /sniff/Ar40 (Group) '' table H2
add group /sniff/Ar39 (Group) '' table H1
add group /sniff/Ar38 (Group) '' table AX
add group /sniff/Ar37 (Group) '' table L1
add group /sniff/Ar36 (Group) '' table L2(CDD)
flush and close file /Users/labuser/Pychron/data/isotopes/ad/033308-2e7e-4268-9172-8244d4eb9514.h5
measuring sniff. ncounts=30
"sniff" increment series count="1" fit count="0" regressing="False"
starting measurement
load indicator states
Switch indicator state True, Open
handle state ('11', True, False)
update switch state 11 True args=(False,) kw={} ncanvase=3
Switch indicator state True, Open
handle state ('10', True, False)
update switch state 10 True args=(False,) kw={} ncanvase=3
Switch indicator state False, Closed
handle state ('1', False, False)
update switch state 1 False args=(False,) kw={} ncanvase=3
Switch indicator state False, Closed
handle state ('3', False, False)
update switch state 3 False args=(False,) kw={} ncanvase=3
Switch indicator state True, Open
handle state ('2', True, False)
update switch state 2 True args=(False,) kw={} ncanvase=3
Switch indicator state False, Closed
handle state ('5', False, False)
update switch state 5 False args=(False,) kw={} ncanvase=3
Switch indicator state True, Open
handle state ('4', True, False)
update switch state 4 True args=(False,) kw={} ncanvase=3
Switch indicator state False, Closed
handle state ('7', False, False)
update switch state 7 False args=(False,) kw={} ncanvase=3
Switch indicator state True, Open
handle state ('6', True, False)
update switch state 6 True args=(False,) kw={} ncanvase=3
Switch indicator state False, Closed
handle state ('9', False, False)
update switch state 9 False args=(False,) kw={} ncanvase=3
Switch indicator state False, Closed
handle state ('8', False, False)
update switch state 8 False args=(False,) kw={} ncanvase=3
load indicator states
Switch indicator state True, Open
handle state ('11', True, False)
update switch state 11 True args=(False,) kw={} ncanvase=3
Switch indicator state True, Open
handle state ('10', True, False)
update switch state 10 True args=(False,) kw={} ncanvase=3
Switch indicator state False, Closed
handle state ('1', False, False)
update switch state 1 False args=(False,) kw={} ncanvase=3
Switch indicator state False, Closed
handle state ('3', False, False)
update switch state 3 False args=(False,) kw={} ncanvase=3
Switch indicator state True, Open
handle state ('2', True, False)
update switch state 2 True args=(False,) kw={} ncanvase=3
Switch indicator state False, Closed
handle state ('5', False, False)
update switch state 5 False args=(False,) kw={} ncanvase=3
Switch indicator state True, Open
handle state ('4', True, False)
update switch state 4 True args=(False,) kw={} ncanvase=3
Switch indicator state False, Closed
handle state ('7', False, False)
update switch state 7 False args=(False,) kw={} ncanvase=3
Switch indicator state True, Open
handle state ('6', True, False)
update switch state 6 True args=(False,) kw={} ncanvase=3
Switch indicator state False, Closed
handle state ('9', False, False)
update switch state 9 False args=(False,) kw={} ncanvase=3
Switch indicator state False, Closed
handle state ('8', False, False)
update switch state 8 False args=(False,) kw={} ncanvase=3
09:39:01 -- collecting point 25
Equilibration Finished
09:39:07 -- ******* Equilibration Finished *******
check software interlocks 2
interlocks []
actuate state mode=None-script, software_lock=False
doing actuation None-script close_channel True
ROUT:CLOSE (@102)
change switch state (True, True)
update switch state 2 False args=() kw={} ncanvase=3
09:39:07 -- CLOSE  VALVE-2 (ExtrToMS)
Post Equilibration Started helix_pump_prep.py
09:39:07 -- ******* Post Equilibration Started helix_pump_prep.py *******
testing...
no interpolation path defined
executed snippet estimated_duration=4.0, duration=0.000126123428345
close ('6',) {}
close name=6 desc=---
check software interlocks 6
interlocks ['7']
actuate state mode=None-script, software_lock=False
doing actuation None-script close_channel True
ROUT:CLOSE (@106)
change switch state (True, True)
update switch state 6 False args=() kw={} ncanvase=3
09:39:07 -- CLOSE  VALVE-6 (APOuter)
-------------------------- close 6 () result=[(True, True)]
action=close, ok=True, locked=[False]
close ('4',) {}
close name=4 desc=---
check software interlocks 4
interlocks []
actuate state mode=None-script, software_lock=False
doing actuation None-script close_channel True
ROUT:CLOSE (@104)
change switch state (True, True)
update switch state 4 False args=() kw={} ncanvase=3
09:39:07 -- CLOSE  VALVE-4 (FirstToSecondStage)
-------------------------- close 4 () result=[(True, True)]
waiting for write to finish
load indicator states
measurement finished
estimated time: 30.000 actual time: :30.168
flush and close file /Users/labuser/Pychron/data/isotopes/ad/033308-2e7e-4268-9172-8244d4eb9514.h5
set_fits () {}
using default fits file=/Users/labuser/Pychron/scripts/measurement/fits/nominal.yaml
Switch indicator state True, Open
handle state ('11', True, False)
set "Ar40" to "('Linear', 'SEM')"
update switch state 11 True args=(False,) kw={} ncanvase=3
set "Ar36" to "('Linear', 'SEM')"
set "Ar37" to "('Linear', 'SEM')"
set "Ar38" to "('Linear', 'SEM')"
set "Ar39" to "('Linear', 'SEM')"
set_baseline_fits () {}
using default fits file=/Users/labuser/Pychron/scripts/measurement/fits/nominal.yaml
set "H2" to "('Average', 'SEM')"
set "L2(CDD)" to "('Average', 'SEM')"
set "L1" to "('Average', 'SEM')"
set "AX" to "('Average', 'SEM')"
set "H1" to "('Average', 'SEM')"
multicollect () {'ncounts': 120}
build tables- signal [Detector(H2), Detector(H1), Detector(AX), Detector(L1), Detector(L2(CDD))]
add group /signal/Ar40 (Group) '' table H2
Switch indicator state True, Open
add group /signal/Ar39 (Group) '' table H1
handle state ('10', True, False)
add group /signal/Ar38 (Group) '' table AX
update switch state 10 True args=(False,) kw={} ncanvase=3
add group /signal/Ar37 (Group) '' table L1
add group /signal/Ar36 (Group) '' table L2(CDD)
flush and close file /Users/labuser/Pychron/data/isotopes/ad/033308-2e7e-4268-9172-8244d4eb9514.h5
measuring signal. ncounts=120
Switch indicator state False, Closed
handle state ('1', False, False)
update switch state 1 False args=(False,) kw={} ncanvase=3
Switch indicator state False, Closed
handle state ('3', False, False)
update switch state 3 False args=(False,) kw={} ncanvase=3
Switch indicator state False, Closed
handle state ('2', False, False)
update switch state 2 False args=(False,) kw={} ncanvase=3
Switch indicator state False, Closed
handle state ('5', False, False)
update switch state 5 False args=(False,) kw={} ncanvase=3
Switch indicator state False, Closed
handle state ('4', False, False)
update switch state 4 False args=(False,) kw={} ncanvase=3
action=close, ok=True, locked=[False]
sleep (2,) {}
SLEEP 2.0
block started
WaitControl setup for 2.0  
Switch indicator state False, Closed
handle state ('7', False, False)
update switch state 7 False args=(False,) kw={} ncanvase=3
Switch indicator state False, Closed
handle state ('6', False, False)
update switch state 6 False args=(False,) kw={} ncanvase=3
Switch indicator state False, Closed
handle state ('9', False, False)
update switch state 9 False args=(False,) kw={} ncanvase=3
Switch indicator state False, Closed
handle state ('8', False, False)
update switch state 8 False args=(False,) kw={} ncanvase=3
"signal" increment series count="2" fit count="1" regressing="True"
starting measurement
Join finished
block finished. duration 2.01501393318
open ('3',) {}
open name=3 desc=---
check software interlocks 3
interlocks []
actuate state mode=None-script, software_lock=False
doing actuation None-script open_channel True
ROUT:OPEN (@103)
change switch state (True, True)
update switch state 3 True args=() kw={} ncanvase=3
09:39:09 -- OPEN   VALVE-3 (SecondToIP)
-------------------------- open 3 () result=[(True, True)]
action=open, ok=True, locked=[False]
open ('11',) {}
open name=11 desc=---
check software interlocks 11
interlocks []
actuate state mode=None-script, software_lock=False
doing actuation None-script open_channel False
ROUT:OPEN (@111)
change switch state (True, True)
update switch state 11 True args=() kw={} ncanvase=3
09:39:10 -- OPEN   VALVE-11 (APSafety)
-------------------------- open 11 () result=[(True, True)]
action=open, ok=True, locked=[False]
open ('5',) {}
open name=5 desc=---
check software interlocks 5
interlocks []
actuate state mode=None-script, software_lock=False
doing actuation None-script open_channel True
ROUT:OPEN (@105)
change switch state (True, True)
update switch state 5 True args=() kw={} ncanvase=3
09:39:10 -- OPEN   VALVE-5 (FirstToTurbo)
-------------------------- open 5 () result=[(True, True)]
action=open, ok=True, locked=[False]
executed snippet estimated_duration=6.0, duration=3.46569395065
helix_pump_prep.py completed successfully
Post Equilibration Finished
09:39:10 -- ******* Post Equilibration Finished *******
load indicator states
Switch indicator state True, Open
handle state ('11', True, False)
update switch state 11 True args=(False,) kw={} ncanvase=3
Switch indicator state True, Open
handle state ('10', True, False)
update switch state 10 True args=(False,) kw={} ncanvase=3
Switch indicator state False, Closed
handle state ('1', False, False)
update switch state 1 False args=(False,) kw={} ncanvase=3
Switch indicator state True, Open
handle state ('3', True, False)
update switch state 3 True args=(False,) kw={} ncanvase=3
Switch indicator state False, Closed
handle state ('2', False, False)
update switch state 2 False args=(False,) kw={} ncanvase=3
Switch indicator state True, Open
handle state ('5', True, False)
update switch state 5 True args=(False,) kw={} ncanvase=3
Switch indicator state False, Closed
handle state ('4', False, False)
update switch state 4 False args=(False,) kw={} ncanvase=3
Switch indicator state False, Closed
handle state ('7', False, False)
update switch state 7 False args=(False,) kw={} ncanvase=3
Switch indicator state False, Closed
handle state ('6', False, False)
update switch state 6 False args=(False,) kw={} ncanvase=3
Switch indicator state False, Closed
handle state ('9', False, False)
update switch state 9 False args=(False,) kw={} ncanvase=3
Switch indicator state False, Closed
handle state ('8', False, False)
update switch state 8 False args=(False,) kw={} ncanvase=3
load indicator states
Switch indicator state True, Open
handle state ('11', True, False)
update switch state 11 True args=(False,) kw={} ncanvase=3
Switch indicator state True, Open
handle state ('10', True, False)
update switch state 10 True args=(False,) kw={} ncanvase=3
Switch indicator state False, Closed
handle state ('1', False, False)
update switch state 1 False args=(False,) kw={} ncanvase=3
Switch indicator state True, Open
handle state ('3', True, False)
update switch state 3 True args=(False,) kw={} ncanvase=3
Switch indicator state False, Closed
handle state ('2', False, False)
update switch state 2 False args=(False,) kw={} ncanvase=3
Switch indicator state True, Open
handle state ('5', True, False)
update switch state 5 True args=(False,) kw={} ncanvase=3
Switch indicator state False, Closed
handle state ('4', False, False)
update switch state 4 False args=(False,) kw={} ncanvase=3
Switch indicator state False, Closed
handle state ('7', False, False)
update switch state 7 False args=(False,) kw={} ncanvase=3
Switch indicator state False, Closed
handle state ('6', False, False)
update switch state 6 False args=(False,) kw={} ncanvase=3
Switch indicator state False, Closed
handle state ('9', False, False)
update switch state 9 False args=(False,) kw={} ncanvase=3
Switch indicator state False, Closed
handle state ('8', False, False)
update switch state 8 False args=(False,) kw={} ncanvase=3
09:39:32 -- collecting point 25
load indicator states
Switch indicator state True, Open
handle state ('11', True, False)
update switch state 11 True args=(False,) kw={} ncanvase=3
Switch indicator state True, Open
handle state ('10', True, False)
update switch state 10 True args=(False,) kw={} ncanvase=3
Switch indicator state False, Closed
handle state ('1', False, False)
update switch state 1 False args=(False,) kw={} ncanvase=3
Switch indicator state True, Open
handle state ('3', True, False)
update switch state 3 True args=(False,) kw={} ncanvase=3
Switch indicator state False, Closed
handle state ('2', False, False)
update switch state 2 False args=(False,) kw={} ncanvase=3
Switch indicator state True, Open
handle state ('5', True, False)
update switch state 5 True args=(False,) kw={} ncanvase=3
Switch indicator state False, Closed
handle state ('4', False, False)
update switch state 4 False args=(False,) kw={} ncanvase=3
Switch indicator state False, Closed
handle state ('7', False, False)
update switch state 7 False args=(False,) kw={} ncanvase=3
Switch indicator state False, Closed
handle state ('6', False, False)
update switch state 6 False args=(False,) kw={} ncanvase=3
Switch indicator state False, Closed
handle state ('9', False, False)
update switch state 9 False args=(False,) kw={} ncanvase=3
Switch indicator state False, Closed
handle state ('8', False, False)
update switch state 8 False args=(False,) kw={} ncanvase=3
load indicator states
Switch indicator state True, Open
handle state ('11', True, False)
update switch state 11 True args=(False,) kw={} ncanvase=3
Switch indicator state True, Open
handle state ('10', True, False)
update switch state 10 True args=(False,) kw={} ncanvase=3
Switch indicator state False, Closed
handle state ('1', False, False)
update switch state 1 False args=(False,) kw={} ncanvase=3
Switch indicator state True, Open
handle state ('3', True, False)
update switch state 3 True args=(False,) kw={} ncanvase=3
Switch indicator state False, Closed
handle state ('2', False, False)
update switch state 2 False args=(False,) kw={} ncanvase=3
Switch indicator state True, Open
handle state ('5', True, False)
update switch state 5 True args=(False,) kw={} ncanvase=3
Switch indicator state False, Closed
handle state ('4', False, False)
update switch state 4 False args=(False,) kw={} ncanvase=3
Switch indicator state False, Closed
handle state ('7', False, False)
update switch state 7 False args=(False,) kw={} ncanvase=3
Switch indicator state False, Closed
handle state ('6', False, False)
update switch state 6 False args=(False,) kw={} ncanvase=3
Switch indicator state False, Closed
handle state ('9', False, False)
update switch state 9 False args=(False,) kw={} ncanvase=3
Switch indicator state False, Closed
handle state ('8', False, False)
update switch state 8 False args=(False,) kw={} ncanvase=3
09:39:57 -- collecting point 50
load indicator states
Switch indicator state True, Open
handle state ('11', True, False)
update switch state 11 True args=(False,) kw={} ncanvase=3
Switch indicator state True, Open
handle state ('10', True, False)
update switch state 10 True args=(False,) kw={} ncanvase=3
Switch indicator state False, Closed
handle state ('1', False, False)
update switch state 1 False args=(False,) kw={} ncanvase=3
Switch indicator state True, Open
handle state ('3', True, False)
update switch state 3 True args=(False,) kw={} ncanvase=3
Switch indicator state False, Closed
handle state ('2', False, False)
update switch state 2 False args=(False,) kw={} ncanvase=3
Switch indicator state True, Open
handle state ('5', True, False)
update switch state 5 True args=(False,) kw={} ncanvase=3
Switch indicator state False, Closed
handle state ('4', False, False)
update switch state 4 False args=(False,) kw={} ncanvase=3
Switch indicator state False, Closed
handle state ('7', False, False)
update switch state 7 False args=(False,) kw={} ncanvase=3
Switch indicator state False, Closed
handle state ('6', False, False)
update switch state 6 False args=(False,) kw={} ncanvase=3
Switch indicator state False, Closed
handle state ('9', False, False)
update switch state 9 False args=(False,) kw={} ncanvase=3
Switch indicator state False, Closed
handle state ('8', False, False)
update switch state 8 False args=(False,) kw={} ncanvase=3
load indicator states
Switch indicator state True, Open
handle state ('11', True, False)
update switch state 11 True args=(False,) kw={} ncanvase=3
Switch indicator state True, Open
handle state ('10', True, False)
update switch state 10 True args=(False,) kw={} ncanvase=3
Switch indicator state False, Closed
handle state ('1', False, False)
update switch state 1 False args=(False,) kw={} ncanvase=3
Switch indicator state True, Open
handle state ('3', True, False)
update switch state 3 True args=(False,) kw={} ncanvase=3
Switch indicator state False, Closed
handle state ('2', False, False)
update switch state 2 False args=(False,) kw={} ncanvase=3
Switch indicator state True, Open
handle state ('5', True, False)
update switch state 5 True args=(False,) kw={} ncanvase=3
Switch indicator state False, Closed
handle state ('4', False, False)
update switch state 4 False args=(False,) kw={} ncanvase=3
Switch indicator state False, Closed
handle state ('7', False, False)
update switch state 7 False args=(False,) kw={} ncanvase=3
Switch indicator state False, Closed
handle state ('6', False, False)
update switch state 6 False args=(False,) kw={} ncanvase=3
Switch indicator state False, Closed
handle state ('9', False, False)
update switch state 9 False args=(False,) kw={} ncanvase=3
Switch indicator state False, Closed
handle state ('8', False, False)
update switch state 8 False args=(False,) kw={} ncanvase=3
load indicator states
Switch indicator state True, Open
handle state ('11', True, False)
update switch state 11 True args=(False,) kw={} ncanvase=3
Switch indicator state True, Open
handle state ('10', True, False)
update switch state 10 True args=(False,) kw={} ncanvase=3
Switch indicator state False, Closed
handle state ('1', False, False)
update switch state 1 False args=(False,) kw={} ncanvase=3
Switch indicator state True, Open
handle state ('3', True, False)
update switch state 3 True args=(False,) kw={} ncanvase=3
Switch indicator state False, Closed
handle state ('2', False, False)
update switch state 2 False args=(False,) kw={} ncanvase=3
Switch indicator state True, Open
handle state ('5', True, False)
update switch state 5 True args=(False,) kw={} ncanvase=3
Switch indicator state False, Closed
handle state ('4', False, False)
update switch state 4 False args=(False,) kw={} ncanvase=3
Switch indicator state False, Closed
handle state ('7', False, False)
update switch state 7 False args=(False,) kw={} ncanvase=3
Switch indicator state False, Closed
handle state ('6', False, False)
update switch state 6 False args=(False,) kw={} ncanvase=3
Switch indicator state False, Closed
handle state ('9', False, False)
update switch state 9 False args=(False,) kw={} ncanvase=3
Switch indicator state False, Closed
handle state ('8', False, False)
update switch state 8 False args=(False,) kw={} ncanvase=3
09:40:22 -- collecting point 75
load indicator states
Switch indicator state True, Open
handle state ('11', True, False)
update switch state 11 True args=(False,) kw={} ncanvase=3
Switch indicator state True, Open
handle state ('10', True, False)
update switch state 10 True args=(False,) kw={} ncanvase=3
Switch indicator state False, Closed
handle state ('1', False, False)
update switch state 1 False args=(False,) kw={} ncanvase=3
Switch indicator state True, Open
handle state ('3', True, False)
update switch state 3 True args=(False,) kw={} ncanvase=3
Switch indicator state False, Closed
handle state ('2', False, False)
update switch state 2 False args=(False,) kw={} ncanvase=3
Switch indicator state True, Open
handle state ('5', True, False)
update switch state 5 True args=(False,) kw={} ncanvase=3
Switch indicator state False, Closed
handle state ('4', False, False)
update switch state 4 False args=(False,) kw={} ncanvase=3
Switch indicator state False, Closed
handle state ('7', False, False)
update switch state 7 False args=(False,) kw={} ncanvase=3
Switch indicator state False, Closed
handle state ('6', False, False)
update switch state 6 False args=(False,) kw={} ncanvase=3
Switch indicator state False, Closed
handle state ('9', False, False)
update switch state 9 False args=(False,) kw={} ncanvase=3
Switch indicator state False, Closed
handle state ('8', False, False)
update switch state 8 False args=(False,) kw={} ncanvase=3
load indicator states
Switch indicator state True, Open
handle state ('11', True, False)
update switch state 11 True args=(False,) kw={} ncanvase=3
Switch indicator state True, Open
handle state ('10', True, False)
update switch state 10 True args=(False,) kw={} ncanvase=3
Switch indicator state False, Closed
handle state ('1', False, False)
update switch state 1 False args=(False,) kw={} ncanvase=3
Switch indicator state True, Open
handle state ('3', True, False)
update switch state 3 True args=(False,) kw={} ncanvase=3
Switch indicator state False, Closed
handle state ('2', False, False)
update switch state 2 False args=(False,) kw={} ncanvase=3
Switch indicator state True, Open
handle state ('5', True, False)
update switch state 5 True args=(False,) kw={} ncanvase=3
Switch indicator state False, Closed
handle state ('4', False, False)
update switch state 4 False args=(False,) kw={} ncanvase=3
Switch indicator state False, Closed
handle state ('7', False, False)
update switch state 7 False args=(False,) kw={} ncanvase=3
Switch indicator state False, Closed
handle state ('6', False, False)
update switch state 6 False args=(False,) kw={} ncanvase=3
Switch indicator state False, Closed
handle state ('9', False, False)
update switch state 9 False args=(False,) kw={} ncanvase=3
Switch indicator state False, Closed
handle state ('8', False, False)
update switch state 8 False args=(False,) kw={} ncanvase=3
09:40:47 -- collecting point 100
load indicator states
Switch indicator state True, Open
handle state ('11', True, False)
update switch state 11 True args=(False,) kw={} ncanvase=3
Switch indicator state True, Open
handle state ('10', True, False)
update switch state 10 True args=(False,) kw={} ncanvase=3
Switch indicator state False, Closed
handle state ('1', False, False)
update switch state 1 False args=(False,) kw={} ncanvase=3
Switch indicator state True, Open
handle state ('3', True, False)
update switch state 3 True args=(False,) kw={} ncanvase=3
Switch indicator state False, Closed
handle state ('2', False, False)
update switch state 2 False args=(False,) kw={} ncanvase=3
Switch indicator state True, Open
handle state ('5', True, False)
update switch state 5 True args=(False,) kw={} ncanvase=3
Switch indicator state False, Closed
handle state ('4', False, False)
update switch state 4 False args=(False,) kw={} ncanvase=3
Switch indicator state False, Closed
handle state ('7', False, False)
update switch state 7 False args=(False,) kw={} ncanvase=3
Switch indicator state False, Closed
handle state ('6', False, False)
update switch state 6 False args=(False,) kw={} ncanvase=3
Switch indicator state False, Closed
handle state ('9', False, False)
update switch state 9 False args=(False,) kw={} ncanvase=3
Switch indicator state False, Closed
handle state ('8', False, False)
update switch state 8 False args=(False,) kw={} ncanvase=3
load indicator states
Switch indicator state True, Open
handle state ('11', True, False)
update switch state 11 True args=(False,) kw={} ncanvase=3
Switch indicator state True, Open
handle state ('10', True, False)
update switch state 10 True args=(False,) kw={} ncanvase=3
Switch indicator state False, Closed
handle state ('1', False, False)
update switch state 1 False args=(False,) kw={} ncanvase=3
Switch indicator state True, Open
handle state ('3', True, False)
update switch state 3 True args=(False,) kw={} ncanvase=3
Switch indicator state False, Closed
handle state ('2', False, False)
update switch state 2 False args=(False,) kw={} ncanvase=3
Switch indicator state True, Open
handle state ('5', True, False)
update switch state 5 True args=(False,) kw={} ncanvase=3
Switch indicator state False, Closed
handle state ('4', False, False)
update switch state 4 False args=(False,) kw={} ncanvase=3
Switch indicator state False, Closed
handle state ('7', False, False)
update switch state 7 False args=(False,) kw={} ncanvase=3
Switch indicator state False, Closed
handle state ('6', False, False)
update switch state 6 False args=(False,) kw={} ncanvase=3
Switch indicator state False, Closed
handle state ('9', False, False)
update switch state 9 False args=(False,) kw={} ncanvase=3
Switch indicator state False, Closed
handle state ('8', False, False)
update switch state 8 False args=(False,) kw={} ncanvase=3
waiting for write to finish
measurement finished
estimated time: 120.000 actual time: :120.386
flush and close file /Users/labuser/Pychron/data/isotopes/ad/033308-2e7e-4268-9172-8244d4eb9514.h5
baselines () {'detector': 'H2', 'mass': 39.59, 'ncounts': 60}
%%%%%%%%%%%%%%%%%%%%%%%%%%%%%%%% Baseline
build tables- baseline [Detector(H2), Detector(H1), Detector(AX), Detector(L1), Detector(L2(CDD))]
add group baseline table H2
add group baseline table H1
add group baseline table AX
add group baseline table L1
add group baseline table L2(CDD)
flush and close file /Users/labuser/Pychron/data/isotopes/ad/033308-2e7e-4268-9172-8244d4eb9514.h5
detector Detector(H2)
POSITION 39.59 H2
Mapping mass to dac mass func: "parabolic"
H2 map mass coeffs = [  2.53589168e-02  -1.84786063e+00   3.71388843e+01]
H2 map mass to dac 39.59 >> 3.7288390071
GetHighVoltage ===>> 9900
positioning 39.59 (3.7288390071) on H2
setting magnet DAC
current  : 3.791890
requested: 3.728839
Delta Dac: 0.063051
SetMagnetDAC 3.7288390071 ===>> OK
Magnet settling time: 0.500
Magnet settling complete
set_dac. change=True
Delaying 4s for detectors to settle
load indicator states
Switch indicator state True, Open
handle state ('11', True, False)
update switch state 11 True args=(False,) kw={} ncanvase=3
Switch indicator state True, Open
handle state ('10', True, False)
update switch state 10 True args=(False,) kw={} ncanvase=3
Switch indicator state False, Closed
handle state ('1', False, False)
update switch state 1 False args=(False,) kw={} ncanvase=3
Switch indicator state True, Open
handle state ('3', True, False)
update switch state 3 True args=(False,) kw={} ncanvase=3
Switch indicator state False, Closed
handle state ('2', False, False)
update switch state 2 False args=(False,) kw={} ncanvase=3
Switch indicator state True, Open
handle state ('5', True, False)
update switch state 5 True args=(False,) kw={} ncanvase=3
Switch indicator state False, Closed
handle state ('4', False, False)
update switch state 4 False args=(False,) kw={} ncanvase=3
Switch indicator state False, Closed
handle state ('7', False, False)
update switch state 7 False args=(False,) kw={} ncanvase=3
Switch indicator state False, Closed
handle state ('6', False, False)
update switch state 6 False args=(False,) kw={} ncanvase=3
Switch indicator state False, Closed
handle state ('9', False, False)
update switch state 9 False args=(False,) kw={} ncanvase=3
Switch indicator state False, Closed
handle state ('8', False, False)
update switch state 8 False args=(False,) kw={} ncanvase=3
Join finished
measuring baseline. ncounts=60
"baseline" increment series count="2" fit count="1" regressing="True"
starting measurement
load indicator states
Switch indicator state True, Open
handle state ('11', True, False)
update switch state 11 True args=(False,) kw={} ncanvase=3
Switch indicator state True, Open
handle state ('10', True, False)
update switch state 10 True args=(False,) kw={} ncanvase=3
Switch indicator state False, Closed
handle state ('1', False, False)
update switch state 1 False args=(False,) kw={} ncanvase=3
Switch indicator state True, Open
handle state ('3', True, False)
update switch state 3 True args=(False,) kw={} ncanvase=3
Switch indicator state False, Closed
handle state ('2', False, False)
update switch state 2 False args=(False,) kw={} ncanvase=3
Switch indicator state True, Open
handle state ('5', True, False)
update switch state 5 True args=(False,) kw={} ncanvase=3
Switch indicator state False, Closed
handle state ('4', False, False)
update switch state 4 False args=(False,) kw={} ncanvase=3
Switch indicator state False, Closed
handle state ('7', False, False)
update switch state 7 False args=(False,) kw={} ncanvase=3
Switch indicator state False, Closed
handle state ('6', False, False)
update switch state 6 False args=(False,) kw={} ncanvase=3
Switch indicator state False, Closed
handle state ('9', False, False)
update switch state 9 False args=(False,) kw={} ncanvase=3
Switch indicator state False, Closed
handle state ('8', False, False)
update switch state 8 False args=(False,) kw={} ncanvase=3
load indicator states
Switch indicator state True, Open
handle state ('11', True, False)
update switch state 11 True args=(False,) kw={} ncanvase=3
Switch indicator state True, Open
handle state ('10', True, False)
update switch state 10 True args=(False,) kw={} ncanvase=3
Switch indicator state False, Closed
handle state ('1', False, False)
update switch state 1 False args=(False,) kw={} ncanvase=3
Switch indicator state True, Open
handle state ('3', True, False)
update switch state 3 True args=(False,) kw={} ncanvase=3
Switch indicator state False, Closed
handle state ('2', False, False)
update switch state 2 False args=(False,) kw={} ncanvase=3
Switch indicator state True, Open
handle state ('5', True, False)
update switch state 5 True args=(False,) kw={} ncanvase=3
Switch indicator state False, Closed
handle state ('4', False, False)
update switch state 4 False args=(False,) kw={} ncanvase=3
Switch indicator state False, Closed
handle state ('7', False, False)
update switch state 7 False args=(False,) kw={} ncanvase=3
Switch indicator state False, Closed
handle state ('6', False, False)
update switch state 6 False args=(False,) kw={} ncanvase=3
Switch indicator state False, Closed
handle state ('9', False, False)
update switch state 9 False args=(False,) kw={} ncanvase=3
Switch indicator state False, Closed
handle state ('8', False, False)
update switch state 8 False args=(False,) kw={} ncanvase=3
09:41:37 -- collecting point 25
load indicator states
Switch indicator state True, Open
handle state ('11', True, False)
update switch state 11 True args=(False,) kw={} ncanvase=3
Switch indicator state True, Open
handle state ('10', True, False)
update switch state 10 True args=(False,) kw={} ncanvase=3
Switch indicator state False, Closed
handle state ('1', False, False)
update switch state 1 False args=(False,) kw={} ncanvase=3
Switch indicator state True, Open
handle state ('3', True, False)
update switch state 3 True args=(False,) kw={} ncanvase=3
Switch indicator state False, Closed
handle state ('2', False, False)
update switch state 2 False args=(False,) kw={} ncanvase=3
Switch indicator state True, Open
handle state ('5', True, False)
update switch state 5 True args=(False,) kw={} ncanvase=3
Switch indicator state False, Closed
handle state ('4', False, False)
update switch state 4 False args=(False,) kw={} ncanvase=3
Switch indicator state False, Closed
handle state ('7', False, False)
update switch state 7 False args=(False,) kw={} ncanvase=3
Switch indicator state False, Closed
handle state ('6', False, False)
update switch state 6 False args=(False,) kw={} ncanvase=3
Switch indicator state False, Closed
handle state ('9', False, False)
update switch state 9 False args=(False,) kw={} ncanvase=3
Switch indicator state False, Closed
handle state ('8', False, False)
update switch state 8 False args=(False,) kw={} ncanvase=3
load indicator states
Switch indicator state True, Open
handle state ('11', True, False)
update switch state 11 True args=(False,) kw={} ncanvase=3
Switch indicator state True, Open
handle state ('10', True, False)
update switch state 10 True args=(False,) kw={} ncanvase=3
Switch indicator state False, Closed
handle state ('1', False, False)
update switch state 1 False args=(False,) kw={} ncanvase=3
Switch indicator state True, Open
handle state ('3', True, False)
update switch state 3 True args=(False,) kw={} ncanvase=3
Switch indicator state False, Closed
handle state ('2', False, False)
update switch state 2 False args=(False,) kw={} ncanvase=3
Switch indicator state True, Open
handle state ('5', True, False)
update switch state 5 True args=(False,) kw={} ncanvase=3
Switch indicator state False, Closed
handle state ('4', False, False)
update switch state 4 False args=(False,) kw={} ncanvase=3
Switch indicator state False, Closed
handle state ('7', False, False)
update switch state 7 False args=(False,) kw={} ncanvase=3
Switch indicator state False, Closed
handle state ('6', False, False)
update switch state 6 False args=(False,) kw={} ncanvase=3
Switch indicator state False, Closed
handle state ('9', False, False)
update switch state 9 False args=(False,) kw={} ncanvase=3
Switch indicator state False, Closed
handle state ('8', False, False)
update switch state 8 False args=(False,) kw={} ncanvase=3
09:42:02 -- collecting point 50
load indicator states
Switch indicator state True, Open
handle state ('11', True, False)
update switch state 11 True args=(False,) kw={} ncanvase=3
Switch indicator state True, Open
handle state ('10', True, False)
update switch state 10 True args=(False,) kw={} ncanvase=3
Switch indicator state False, Closed
handle state ('1', False, False)
update switch state 1 False args=(False,) kw={} ncanvase=3
Switch indicator state True, Open
handle state ('3', True, False)
update switch state 3 True args=(False,) kw={} ncanvase=3
Switch indicator state False, Closed
handle state ('2', False, False)
update switch state 2 False args=(False,) kw={} ncanvase=3
Switch indicator state True, Open
handle state ('5', True, False)
update switch state 5 True args=(False,) kw={} ncanvase=3
Switch indicator state False, Closed
handle state ('4', False, False)
update switch state 4 False args=(False,) kw={} ncanvase=3
Switch indicator state False, Closed
handle state ('7', False, False)
update switch state 7 False args=(False,) kw={} ncanvase=3
Switch indicator state False, Closed
handle state ('6', False, False)
update switch state 6 False args=(False,) kw={} ncanvase=3
Switch indicator state False, Closed
handle state ('9', False, False)
update switch state 9 False args=(False,) kw={} ncanvase=3
Switch indicator state False, Closed
handle state ('8', False, False)
update switch state 8 False args=(False,) kw={} ncanvase=3
load indicator states
Switch indicator state True, Open
handle state ('11', True, False)
update switch state 11 True args=(False,) kw={} ncanvase=3
waiting for write to finish
Switch indicator state True, Open
handle state ('10', True, False)
update switch state 10 True args=(False,) kw={} ncanvase=3
Switch indicator state False, Closed
handle state ('1', False, False)
update switch state 1 False args=(False,) kw={} ncanvase=3
measurement finished
estimated time: 60.000 actual time: :60.288
flush and close file /Users/labuser/Pychron/data/isotopes/ad/033308-2e7e-4268-9172-8244d4eb9514.h5
Switch indicator state True, Open
peak_center () {'detector': 'H2', 'isotope': 'Ar40'}
handle state ('3', True, False)
peak center: mean=5839.60409067 threshold=3
update switch state 3 True args=(False,) kw={} ncanvase=3
peak center started
setup peak center. detector=['H2'], isotope=Ar40
VersionedUnpickler [<apptools.sweet_pickle.versioned_unpickler.VersionedUnpickler object at 0x12d8bd950>] using Updater [<apptools.sweet_pickle.updater.Updater object at 0x1332baa70>]
VersionedUnpickler [<apptools.sweet_pickle.versioned_unpickler.VersionedUnpickler object at 0x12d8bd950>] using Updater [<apptools.sweet_pickle.updater.Updater object at 0x1332baa70>]
setting integration time = 0.262144
SetIntegrationTime 0.262144 ===>> OK
Mapping mass to dac mass func: "parabolic"
H2 map mass coeffs = [  2.53589168e-02  -1.84786063e+00   3.71388843e+01]
H2 map mass to dac 39.962 >> 3.79189
Switch indicator state False, Closed
handle state ('2', False, False)
update switch state 2 False args=(False,) kw={} ncanvase=3
GetHighVoltage ===>> 9900
do peak center. <pychron.spectrometer.jobs.peak_center.PeakCenter object at 0x1342eb170>
doing pc
starting peak center. center dac= 3.79189 step_width=5e-05
width = 5e-05
get scan parameters. half-width=0.0025,window=0.0025, i=0, scalar=1
Switch indicator state True, Open
handle state ('5', True, False)
Scan parameters center=3.79189 width=0.00500 (3.78939 - 3.79439)
update switch state 5 True args=(False,) kw={} ncanvase=3
Moving to starting dac 3.78939
setting magnet DAC
current  : 3.728839
requested: 3.789390
Delta Dac: 0.060551
SetMagnetDAC 3.78939 ===>> OK
Magnet settling time: 0.500
Switch indicator state False, Closed
handle state ('4', False, False)
update switch state 4 False args=(False,) kw={} ncanvase=3
Switch indicator state False, Closed
handle state ('7', False, False)
update switch state 7 False args=(False,) kw={} ncanvase=3
Switch indicator state False, Closed
handle state ('6', False, False)
update switch state 6 False args=(False,) kw={} ncanvase=3
Switch indicator state False, Closed
handle state ('9', False, False)
update switch state 9 False args=(False,) kw={} ncanvase=3
Switch indicator state False, Closed
handle state ('8', False, False)
update switch state 8 False args=(False,) kw={} ncanvase=3
Magnet settling complete
set_dac. change=True
Wait until signal near baseline. tol= -0.0177537031836. timeout= 10
Peak center baseline intensity achieved
_do_sweep sm= 3.78939, em= 3.79439, stm= 5e-05
calculated step values: start=3.78939, end=3.79439, width=5e-05, nsteps=101.0
setting magnet DAC
current  : 3.789390
requested: 3.789390
Delta Dac: 0.000000
set_dac. change=False
setting magnet DAC
current  : 3.789390
requested: 3.789441
Delta Dac: 0.000051
Magnet settling time: 0.524
Magnet settling complete
set_dac. change=True
setting magnet DAC
current  : 3.789441
requested: 3.789491
Delta Dac: 0.000051
Magnet settling time: 0.524
Magnet settling complete
set_dac. change=True
setting magnet DAC
current  : 3.789491
requested: 3.789542
Delta Dac: 0.000051
Magnet settling time: 0.524
Magnet settling complete
set_dac. change=True
setting magnet DAC
current  : 3.789542
requested: 3.789592
Delta Dac: 0.000051
Magnet settling time: 0.524
Magnet settling complete
set_dac. change=True
setting magnet DAC
current  : 3.789592
requested: 3.789643
Delta Dac: 0.000051
Magnet settling time: 0.524
Magnet settling complete
set_dac. change=True
setting magnet DAC
current  : 3.789643
requested: 3.789693
Delta Dac: 0.000051
Magnet settling time: 0.524
Magnet settling complete
set_dac. change=True
setting magnet DAC
current  : 3.789693
requested: 3.789744
Delta Dac: 0.000051
Magnet settling time: 0.524
Magnet settling complete
set_dac. change=True
setting magnet DAC
current  : 3.789744
requested: 3.789794
Delta Dac: 0.000051
Magnet settling time: 0.524
Magnet settling complete
set_dac. change=True
setting magnet DAC
current  : 3.789794
requested: 3.789845
Delta Dac: 0.000051
Magnet settling time: 0.524
load indicator states
Switch indicator state True, Open
handle state ('11', True, False)
update switch state 11 True args=(False,) kw={} ncanvase=3
Switch indicator state True, Open
handle state ('10', True, False)
update switch state 10 True args=(False,) kw={} ncanvase=3
Magnet settling complete
set_dac. change=True
Switch indicator state False, Closed
handle state ('1', False, False)
update switch state 1 False args=(False,) kw={} ncanvase=3
setting magnet DAC
current  : 3.789845
requested: 3.789895
Delta Dac: 0.000051
Switch indicator state True, Open
handle state ('3', True, False)
update switch state 3 True args=(False,) kw={} ncanvase=3
Magnet settling time: 0.524
Switch indicator state False, Closed
handle state ('2', False, False)
update switch state 2 False args=(False,) kw={} ncanvase=3
Switch indicator state True, Open
handle state ('5', True, False)
update switch state 5 True args=(False,) kw={} ncanvase=3
Switch indicator state False, Closed
handle state ('4', False, False)
update switch state 4 False args=(False,) kw={} ncanvase=3
Switch indicator state False, Closed
handle state ('7', False, False)
update switch state 7 False args=(False,) kw={} ncanvase=3
Switch indicator state False, Closed
handle state ('6', False, False)
update switch state 6 False args=(False,) kw={} ncanvase=3
Switch indicator state False, Closed
handle state ('9', False, False)
update switch state 9 False args=(False,) kw={} ncanvase=3
Switch indicator state False, Closed
handle state ('8', False, False)
update switch state 8 False args=(False,) kw={} ncanvase=3
Magnet settling complete
set_dac. change=True
setting magnet DAC
current  : 3.789895
requested: 3.789946
Delta Dac: 0.000051
Magnet settling time: 0.524
Magnet settling complete
set_dac. change=True
setting magnet DAC
current  : 3.789946
requested: 3.789996
Delta Dac: 0.000051
Magnet settling time: 0.524
Magnet settling complete
set_dac. change=True
setting magnet DAC
current  : 3.789996
requested: 3.790047
Delta Dac: 0.000051
Magnet settling time: 0.524
Magnet settling complete
set_dac. change=True
setting magnet DAC
current  : 3.790047
requested: 3.790097
Delta Dac: 0.000051
Magnet settling time: 0.524
Magnet settling complete
set_dac. change=True
setting magnet DAC
current  : 3.790097
requested: 3.790148
Delta Dac: 0.000051
Magnet settling time: 0.524
Magnet settling complete
set_dac. change=True
setting magnet DAC
current  : 3.790148
requested: 3.790198
Delta Dac: 0.000051
Magnet settling time: 0.524
Magnet settling complete
set_dac. change=True
setting magnet DAC
current  : 3.790198
requested: 3.790249
Delta Dac: 0.000051
Magnet settling time: 0.524
Magnet settling complete
set_dac. change=True
setting magnet DAC
current  : 3.790249
requested: 3.790299
Delta Dac: 0.000051
Magnet settling time: 0.524
Magnet settling complete
set_dac. change=True
setting magnet DAC
current  : 3.790299
requested: 3.790350
Delta Dac: 0.000051
Magnet settling time: 0.524
Magnet settling complete
set_dac. change=True
setting magnet DAC
current  : 3.790350
requested: 3.790400
Delta Dac: 0.000051
Magnet settling time: 0.524
Magnet settling complete
set_dac. change=True
setting magnet DAC
current  : 3.790400
requested: 3.790451
Delta Dac: 0.000051
Magnet settling time: 0.524
Magnet settling complete
set_dac. change=True
setting magnet DAC
current  : 3.790451
requested: 3.790501
Delta Dac: 0.000051
Magnet settling time: 0.524
Magnet settling complete
set_dac. change=True
setting magnet DAC
current  : 3.790501
requested: 3.790552
Delta Dac: 0.000051
Magnet settling time: 0.524
Magnet settling complete
set_dac. change=True
setting magnet DAC
current  : 3.790552
requested: 3.790602
Delta Dac: 0.000051
Magnet settling time: 0.524
Magnet settling complete
set_dac. change=True
setting magnet DAC
current  : 3.790602
requested: 3.790653
Delta Dac: 0.000051
Magnet settling time: 0.524
Magnet settling complete
set_dac. change=True
setting magnet DAC
current  : 3.790653
requested: 3.790703
Delta Dac: 0.000051
Magnet settling time: 0.524
Magnet settling complete
set_dac. change=True
setting magnet DAC
current  : 3.790703
requested: 3.790754
Delta Dac: 0.000051
Magnet settling time: 0.524
load indicator states
Switch indicator state True, Open
handle state ('11', True, False)
update switch state 11 True args=(False,) kw={} ncanvase=3
Switch indicator state True, Open
handle state ('10', True, False)
update switch state 10 True args=(False,) kw={} ncanvase=3
Switch indicator state False, Closed
handle state ('1', False, False)
update switch state 1 False args=(False,) kw={} ncanvase=3
Switch indicator state True, Open
handle state ('3', True, False)
update switch state 3 True args=(False,) kw={} ncanvase=3
Magnet settling complete
set_dac. change=True
setting magnet DAC
current  : 3.790754
requested: 3.790804
Delta Dac: 0.000051
Switch indicator state False, Closed
handle state ('2', False, False)
update switch state 2 False args=(False,) kw={} ncanvase=3
Magnet settling time: 0.524
Switch indicator state True, Open
handle state ('5', True, False)
update switch state 5 True args=(False,) kw={} ncanvase=3
Switch indicator state False, Closed
handle state ('4', False, False)
update switch state 4 False args=(False,) kw={} ncanvase=3
Switch indicator state False, Closed
handle state ('7', False, False)
update switch state 7 False args=(False,) kw={} ncanvase=3
Switch indicator state False, Closed
handle state ('6', False, False)
update switch state 6 False args=(False,) kw={} ncanvase=3
Switch indicator state False, Closed
handle state ('9', False, False)
update switch state 9 False args=(False,) kw={} ncanvase=3
Switch indicator state False, Closed
handle state ('8', False, False)
update switch state 8 False args=(False,) kw={} ncanvase=3
Magnet settling complete
set_dac. change=True
setting magnet DAC
current  : 3.790804
requested: 3.790855
Delta Dac: 0.000051
Magnet settling time: 0.524
Magnet settling complete
set_dac. change=True
setting magnet DAC
current  : 3.790855
requested: 3.790905
Delta Dac: 0.000051
Magnet settling time: 0.524
Magnet settling complete
set_dac. change=True
setting magnet DAC
current  : 3.790905
requested: 3.790956
Delta Dac: 0.000051
Magnet settling time: 0.524
Magnet settling complete
set_dac. change=True
setting magnet DAC
current  : 3.790956
requested: 3.791006
Delta Dac: 0.000051
Magnet settling time: 0.524
Magnet settling complete
set_dac. change=True
setting magnet DAC
current  : 3.791006
requested: 3.791057
Delta Dac: 0.000051
Magnet settling time: 0.524
Magnet settling complete
set_dac. change=True
setting magnet DAC
current  : 3.791057
requested: 3.791107
Delta Dac: 0.000051
Magnet settling time: 0.524
Magnet settling complete
set_dac. change=True
setting magnet DAC
current  : 3.791107
requested: 3.791158
Delta Dac: 0.000051
Magnet settling time: 0.524
Magnet settling complete
set_dac. change=True
setting magnet DAC
current  : 3.791158
requested: 3.791208
Delta Dac: 0.000051
Magnet settling time: 0.524
Magnet settling complete
set_dac. change=True
setting magnet DAC
current  : 3.791208
requested: 3.791259
Delta Dac: 0.000051
Magnet settling time: 0.524
Magnet settling complete
set_dac. change=True
setting magnet DAC
current  : 3.791259
requested: 3.791309
Delta Dac: 0.000051
Magnet settling time: 0.524
Magnet settling complete
set_dac. change=True
setting magnet DAC
current  : 3.791309
requested: 3.791360
Delta Dac: 0.000051
Magnet settling time: 0.524
Magnet settling complete
set_dac. change=True
setting magnet DAC
current  : 3.791360
requested: 3.791410
Delta Dac: 0.000051
Magnet settling time: 0.524
Magnet settling complete
set_dac. change=True
setting magnet DAC
current  : 3.791410
requested: 3.791461
Delta Dac: 0.000051
Magnet settling time: 0.524
Magnet settling complete
set_dac. change=True
setting magnet DAC
current  : 3.791461
requested: 3.791511
Delta Dac: 0.000051
Magnet settling time: 0.524
Magnet settling complete
set_dac. change=True
setting magnet DAC
current  : 3.791511
requested: 3.791562
Delta Dac: 0.000051
Magnet settling time: 0.524
Magnet settling complete
set_dac. change=True
setting magnet DAC
current  : 3.791562
requested: 3.791612
Delta Dac: 0.000051
Magnet settling time: 0.524
Magnet settling complete
set_dac. change=True
setting magnet DAC
current  : 3.791612
requested: 3.791663
Delta Dac: 0.000051
Magnet settling time: 0.524
load indicator states
Switch indicator state True, Open
handle state ('11', True, False)
update switch state 11 True args=(False,) kw={} ncanvase=3
Switch indicator state True, Open
handle state ('10', True, False)
update switch state 10 True args=(False,) kw={} ncanvase=3
Switch indicator state False, Closed
handle state ('1', False, False)
update switch state 1 False args=(False,) kw={} ncanvase=3
Switch indicator state True, Open
handle state ('3', True, False)
update switch state 3 True args=(False,) kw={} ncanvase=3
Magnet settling complete
set_dac. change=True
setting magnet DAC
current  : 3.791663
requested: 3.791713
Delta Dac: 0.000051
Switch indicator state False, Closed
handle state ('2', False, False)
update switch state 2 False args=(False,) kw={} ncanvase=3
Magnet settling time: 0.524
Switch indicator state True, Open
handle state ('5', True, False)
update switch state 5 True args=(False,) kw={} ncanvase=3
Switch indicator state False, Closed
handle state ('4', False, False)
update switch state 4 False args=(False,) kw={} ncanvase=3
Switch indicator state False, Closed
handle state ('7', False, False)
update switch state 7 False args=(False,) kw={} ncanvase=3
Switch indicator state False, Closed
handle state ('6', False, False)
update switch state 6 False args=(False,) kw={} ncanvase=3
Switch indicator state False, Closed
handle state ('9', False, False)
update switch state 9 False args=(False,) kw={} ncanvase=3
Switch indicator state False, Closed
handle state ('8', False, False)
update switch state 8 False args=(False,) kw={} ncanvase=3
Magnet settling complete
set_dac. change=True
setting magnet DAC
current  : 3.791713
requested: 3.791764
Delta Dac: 0.000051
Magnet settling time: 0.524
Magnet settling complete
set_dac. change=True
setting magnet DAC
current  : 3.791764
requested: 3.791814
Delta Dac: 0.000051
Magnet settling time: 0.524
Magnet settling complete
set_dac. change=True
setting magnet DAC
current  : 3.791814
requested: 3.791865
Delta Dac: 0.000051
Magnet settling time: 0.524
Magnet settling complete
set_dac. change=True
setting magnet DAC
current  : 3.791865
requested: 3.791915
Delta Dac: 0.000051
Magnet settling time: 0.524
Magnet settling complete
set_dac. change=True
setting magnet DAC
current  : 3.791915
requested: 3.791966
Delta Dac: 0.000051
Magnet settling time: 0.524
Magnet settling complete
set_dac. change=True
setting magnet DAC
current  : 3.791966
requested: 3.792016
Delta Dac: 0.000051
Magnet settling time: 0.524
Magnet settling complete
set_dac. change=True
setting magnet DAC
current  : 3.792016
requested: 3.792067
Delta Dac: 0.000051
Magnet settling time: 0.524
Magnet settling complete
set_dac. change=True
setting magnet DAC
current  : 3.792067
requested: 3.792117
Delta Dac: 0.000051
Magnet settling time: 0.524
Magnet settling complete
set_dac. change=True
setting magnet DAC
current  : 3.792117
requested: 3.792168
Delta Dac: 0.000051
Magnet settling time: 0.524
Magnet settling complete
set_dac. change=True
setting magnet DAC
current  : 3.792168
requested: 3.792218
Delta Dac: 0.000051
Magnet settling time: 0.524
Magnet settling complete
set_dac. change=True
setting magnet DAC
current  : 3.792218
requested: 3.792269
Delta Dac: 0.000051
Magnet settling time: 0.524
Magnet settling complete
set_dac. change=True
setting magnet DAC
current  : 3.792269
requested: 3.792319
Delta Dac: 0.000051
Magnet settling time: 0.524
Magnet settling complete
set_dac. change=True
setting magnet DAC
current  : 3.792319
requested: 3.792370
Delta Dac: 0.000051
Magnet settling time: 0.524
Magnet settling complete
set_dac. change=True
setting magnet DAC
current  : 3.792370
requested: 3.792420
Delta Dac: 0.000051
Magnet settling time: 0.524
Magnet settling complete
set_dac. change=True
setting magnet DAC
current  : 3.792420
requested: 3.792471
Delta Dac: 0.000051
Magnet settling time: 0.524
Magnet settling complete
set_dac. change=True
setting magnet DAC
current  : 3.792471
requested: 3.792521
Delta Dac: 0.000051
Magnet settling time: 0.524
Magnet settling complete
set_dac. change=True
setting magnet DAC
current  : 3.792521
requested: 3.792572
Delta Dac: 0.000051
Magnet settling time: 0.524
load indicator states
Switch indicator state True, Open
handle state ('11', True, False)
update switch state 11 True args=(False,) kw={} ncanvase=3
Switch indicator state True, Open
handle state ('10', True, False)
update switch state 10 True args=(False,) kw={} ncanvase=3
Magnet settling complete
set_dac. change=True
Switch indicator state False, Closed
handle state ('1', False, False)
setting magnet DAC
update switch state 1 False args=(False,) kw={} ncanvase=3
current  : 3.792572
requested: 3.792622
Delta Dac: 0.000051
Magnet settling time: 0.524
Switch indicator state True, Open
handle state ('3', True, False)
update switch state 3 True args=(False,) kw={} ncanvase=3
Switch indicator state False, Closed
handle state ('2', False, False)
update switch state 2 False args=(False,) kw={} ncanvase=3
Switch indicator state True, Open
handle state ('5', True, False)
update switch state 5 True args=(False,) kw={} ncanvase=3
Switch indicator state False, Closed
handle state ('4', False, False)
update switch state 4 False args=(False,) kw={} ncanvase=3
Switch indicator state False, Closed
handle state ('7', False, False)
update switch state 7 False args=(False,) kw={} ncanvase=3
Switch indicator state False, Closed
handle state ('6', False, False)
update switch state 6 False args=(False,) kw={} ncanvase=3
Switch indicator state False, Closed
handle state ('9', False, False)
update switch state 9 False args=(False,) kw={} ncanvase=3
Switch indicator state False, Closed
handle state ('8', False, False)
update switch state 8 False args=(False,) kw={} ncanvase=3
Magnet settling complete
set_dac. change=True
setting magnet DAC
current  : 3.792622
requested: 3.792673
Delta Dac: 0.000051
Magnet settling time: 0.524
Magnet settling complete
set_dac. change=True
setting magnet DAC
current  : 3.792673
requested: 3.792723
Delta Dac: 0.000051
Magnet settling time: 0.524
Magnet settling complete
set_dac. change=True
setting magnet DAC
current  : 3.792723
requested: 3.792774
Delta Dac: 0.000051
Magnet settling time: 0.524
Magnet settling complete
set_dac. change=True
setting magnet DAC
current  : 3.792774
requested: 3.792824
Delta Dac: 0.000051
Magnet settling time: 0.524
Magnet settling complete
set_dac. change=True
setting magnet DAC
current  : 3.792824
requested: 3.792875
Delta Dac: 0.000051
Magnet settling time: 0.524
Magnet settling complete
set_dac. change=True
setting magnet DAC
current  : 3.792875
requested: 3.792925
Delta Dac: 0.000051
Magnet settling time: 0.524
Magnet settling complete
set_dac. change=True
setting magnet DAC
current  : 3.792925
requested: 3.792976
Delta Dac: 0.000051
Magnet settling time: 0.524
Magnet settling complete
set_dac. change=True
setting magnet DAC
current  : 3.792976
requested: 3.793026
Delta Dac: 0.000051
Magnet settling time: 0.524
Magnet settling complete
set_dac. change=True
setting magnet DAC
current  : 3.793026
requested: 3.793077
Delta Dac: 0.000051
Magnet settling time: 0.524
Magnet settling complete
set_dac. change=True
setting magnet DAC
current  : 3.793077
requested: 3.793127
Delta Dac: 0.000051
Magnet settling time: 0.524
Magnet settling complete
set_dac. change=True
setting magnet DAC
current  : 3.793127
requested: 3.793178
Delta Dac: 0.000051
Magnet settling time: 0.524
Magnet settling complete
set_dac. change=True
setting magnet DAC
current  : 3.793178
requested: 3.793228
Delta Dac: 0.000051
Magnet settling time: 0.524
Magnet settling complete
set_dac. change=True
setting magnet DAC
current  : 3.793228
requested: 3.793279
Delta Dac: 0.000051
Magnet settling time: 0.524
Magnet settling complete
set_dac. change=True
setting magnet DAC
current  : 3.793279
requested: 3.793329
Delta Dac: 0.000051
Magnet settling time: 0.524
Magnet settling complete
set_dac. change=True
setting magnet DAC
current  : 3.793329
requested: 3.793380
Delta Dac: 0.000051
Magnet settling time: 0.524
Magnet settling complete
set_dac. change=True
setting magnet DAC
current  : 3.793380
requested: 3.793430
Delta Dac: 0.000051
Magnet settling time: 0.524
Magnet settling complete
set_dac. change=True
setting magnet DAC
current  : 3.793430
requested: 3.793481
Delta Dac: 0.000051
Magnet settling time: 0.524
load indicator states
Switch indicator state True, Open
handle state ('11', True, False)
update switch state 11 True args=(False,) kw={} ncanvase=3
Magnet settling complete
set_dac. change=True
setting magnet DAC
current  : 3.793481
requested: 3.793531
Delta Dac: 0.000051
Switch indicator state True, Open
handle state ('10', True, False)
update switch state 10 True args=(False,) kw={} ncanvase=3
Magnet settling time: 0.524
Switch indicator state False, Closed
handle state ('1', False, False)
update switch state 1 False args=(False,) kw={} ncanvase=3
Switch indicator state True, Open
handle state ('3', True, False)
update switch state 3 True args=(False,) kw={} ncanvase=3
Switch indicator state False, Closed
handle state ('2', False, False)
update switch state 2 False args=(False,) kw={} ncanvase=3
Switch indicator state True, Open
handle state ('5', True, False)
update switch state 5 True args=(False,) kw={} ncanvase=3
Switch indicator state False, Closed
handle state ('4', False, False)
update switch state 4 False args=(False,) kw={} ncanvase=3
Switch indicator state False, Closed
handle state ('7', False, False)
update switch state 7 False args=(False,) kw={} ncanvase=3
Switch indicator state False, Closed
handle state ('6', False, False)
update switch state 6 False args=(False,) kw={} ncanvase=3
Switch indicator state False, Closed
handle state ('9', False, False)
update switch state 9 False args=(False,) kw={} ncanvase=3
Switch indicator state False, Closed
handle state ('8', False, False)
update switch state 8 False args=(False,) kw={} ncanvase=3
Magnet settling complete
set_dac. change=True
setting magnet DAC
current  : 3.793531
requested: 3.793582
Delta Dac: 0.000051
Magnet settling time: 0.524
Magnet settling complete
set_dac. change=True
setting magnet DAC
current  : 3.793582
requested: 3.793632
Delta Dac: 0.000051
Magnet settling time: 0.524
Magnet settling complete
set_dac. change=True
setting magnet DAC
current  : 3.793632
requested: 3.793683
Delta Dac: 0.000051
Magnet settling time: 0.524
Magnet settling complete
set_dac. change=True
setting magnet DAC
current  : 3.793683
requested: 3.793733
Delta Dac: 0.000051
Magnet settling time: 0.524
Magnet settling complete
set_dac. change=True
setting magnet DAC
current  : 3.793733
requested: 3.793784
Delta Dac: 0.000051
Magnet settling time: 0.524
Magnet settling complete
set_dac. change=True
setting magnet DAC
current  : 3.793784
requested: 3.793834
Delta Dac: 0.000051
Magnet settling time: 0.524
Magnet settling complete
set_dac. change=True
setting magnet DAC
current  : 3.793834
requested: 3.793885
Delta Dac: 0.000051
Magnet settling time: 0.524
Magnet settling complete
set_dac. change=True
setting magnet DAC
current  : 3.793885
requested: 3.793935
Delta Dac: 0.000051
Magnet settling time: 0.524
Magnet settling complete
set_dac. change=True
setting magnet DAC
current  : 3.793935
requested: 3.793986
Delta Dac: 0.000051
Magnet settling time: 0.524
Magnet settling complete
set_dac. change=True
setting magnet DAC
current  : 3.793986
requested: 3.794036
Delta Dac: 0.000051
Magnet settling time: 0.524
Magnet settling complete
set_dac. change=True
setting magnet DAC
current  : 3.794036
requested: 3.794087
Delta Dac: 0.000051
Magnet settling time: 0.524
Magnet settling complete
set_dac. change=True
setting magnet DAC
current  : 3.794087
requested: 3.794137
Delta Dac: 0.000051
Magnet settling time: 0.524
Magnet settling complete
set_dac. change=True
setting magnet DAC
current  : 3.794137
requested: 3.794188
Delta Dac: 0.000051
Magnet settling time: 0.524
Magnet settling complete
set_dac. change=True
setting magnet DAC
current  : 3.794188
requested: 3.794238
Delta Dac: 0.000051
Magnet settling time: 0.524
Magnet settling complete
set_dac. change=True
setting magnet DAC
current  : 3.794238
requested: 3.794289
Delta Dac: 0.000051
Magnet settling time: 0.524
Magnet settling complete
set_dac. change=True
setting magnet DAC
current  : 3.794289
requested: 3.794339
Delta Dac: 0.000051
Magnet settling time: 0.524
Magnet settling complete
set_dac. change=True
setting magnet DAC
current  : 3.794339
requested: 3.794390
Delta Dac: 0.000051
Magnet settling time: 0.524
Magnet settling complete
set_dac. change=True
result of _do_sweep=True
load indicator states
Switch indicator state True, Open
handle state ('11', True, False)
update switch state 11 True args=(False,) kw={} ncanvase=3
Switch indicator state True, Open
handle state ('10', True, False)
update switch state 10 True args=(False,) kw={} ncanvase=3
result of _calculate_peak_center=([3.7905272745490932, 3.7919701603206364, 3.7934130460921796], [1073.4425114593205, 5790.3483310350994, 1052.7345405234007], 3.7917948096192338, 5790.3483310350994)
Switch indicator state False, Closed
handle state ('1', False, False)
update switch state 1 False args=(False,) kw={} ncanvase=3
new center pos Detector(H2) (Ar40) @ 3.79197016032
GetHighVoltage ===>> 9900
dac uncorrected for HV and deflection 3.79197016032
update mftable H2 Ar40 3.79197016032 message=automated run peakcenter
get initial guess parabolic
get initial guess parabolic
get initial guess parabolic
get initial guess parabolic
get initial guess parabolic
dump mftable to /Users/labuser/Pychron/setupfiles/spectrometer/mftables/mftable.csv
setting magnet DAC
current  : 3.794390
requested: 3.791970
Delta Dac: 0.002420
Switch indicator state True, Open
handle state ('3', True, False)
update switch state 3 True args=(False,) kw={} ncanvase=3
SetMagnetDAC 3.79197016032 ===>> OK
Magnet settling time: 0.500
Switch indicator state False, Closed
handle state ('2', False, False)
update switch state 2 False args=(False,) kw={} ncanvase=3
Switch indicator state True, Open
handle state ('5', True, False)
update switch state 5 True args=(False,) kw={} ncanvase=3
Switch indicator state False, Closed
handle state ('4', False, False)
update switch state 4 False args=(False,) kw={} ncanvase=3
Switch indicator state False, Closed
handle state ('7', False, False)
update switch state 7 False args=(False,) kw={} ncanvase=3
Switch indicator state False, Closed
handle state ('6', False, False)
update switch state 6 False args=(False,) kw={} ncanvase=3
Switch indicator state False, Closed
handle state ('9', False, False)
update switch state 9 False args=(False,) kw={} ncanvase=3
Switch indicator state False, Closed
handle state ('8', False, False)
update switch state 8 False args=(False,) kw={} ncanvase=3
sweep finished
Magnet settling complete
set_dac. change=True
setting integration time = 1.048576
SetIntegrationTime 1.048576 ===>> OK
flush and close file /Users/labuser/Pychron/data/isotopes/ad/033308-2e7e-4268-9172-8244d4eb9514.h5
executed snippet estimated_duration=286.88, duration=284.544179916
helix_air.py completed successfully
Measurement Finished
09:43:16 -- ******* Measurement Finished *******
Post Measurement Started helix_pump_ms.py
09:43:16 -- ******* Post Measurement Started helix_pump_ms.py *******
testing...
no interpolation path defined
executed snippet estimated_duration=0, duration=3.50475311279e-05
open ('1',) {}
open name=1 desc=---
check software interlocks 1
interlocks []
actuate state mode=None-script, software_lock=False
doing actuation None-script open_channel True
Open Valve Ion Pump Set ===>> OK
change switch state (True, True)
update switch state 1 True args=() kw={} ncanvase=3
09:43:16 -- OPEN   VALVE-1 (MSIonPump)
-------------------------- open 1 () result=[(True, True)]
action=open, ok=True, locked=[False]
executed snippet estimated_duration=0, duration=0.274721860886
helix_pump_ms.py completed successfully
setting _ms_pumptime
Post Measurement Finished
09:43:16 -- ******* Post Measurement Finished *******
$$$$$$$$$$$$$$$$$$$$ state at run end measurement
state changed from measurement to success
post measurement save measured=True aborted=False
Set filtering
setting fod for Ar40= {'filter_outliers': True, 'std_devs': 2, 'iterations': 1}
setting fod for H2= {'filter_outliers': True, 'std_devs': 2, 'iterations': 1}
setting fod for Ar36= {'filter_outliers': True, 'std_devs': 2, 'iterations': 1}
setting fod for L2(CDD)= {'filter_outliers': True, 'std_devs': 2, 'iterations': 1}
setting fod for Ar37= {'filter_outliers': True, 'std_devs': 2, 'iterations': 1}
setting fod for L1= {'filter_outliers': True, 'std_devs': 2, 'iterations': 1}
setting fod for Ar38= {'filter_outliers': True, 'std_devs': 2, 'iterations': 1}
setting fod for AX= {'filter_outliers': True, 'std_devs': 2, 'iterations': 1}
setting fod for Ar39= {'filter_outliers': True, 'std_devs': 2, 'iterations': 1}
setting fod for H1= {'filter_outliers': True, 'std_devs': 2, 'iterations': 1}
persistence save...
persistence save - db
post measurement save
5146858800 connecting to database sqlite:////Users/labuser/Pychron/.appdata/local_lab.db
connected to db sqlite:////Users/labuser/Pychron/.appdata/local_lab.db
create new session 5146858800
close session 5146858800
No database instance. Not saving post measurement to isotopedb database
$$$$$$$$$$$$$$$ auto_save_detector_ic=False
persistence save - dvc
================= post measurement started
create new session 4947786352
close session 4947786352
---------------- Experiment Queue saving disabled
DVC saving peakcenter
Smart pull ahead: 0 behind: 0
Up-to-date with origin
add to repo msg=modified - 89bc375cd845c070619816cb57227db1a8e33785.json
add to repo msg=modified - -H-14.json
add to repo msg=modified - -H-14.dat.json
add to repo msg=modified - -H-14.blan.json
add to repo msg=modified - -H-14.inte.json
add to repo msg=modified - -H-14.icfa.json
add to repo msg=modified - -H-14.base.json
not at valid file /Users/labuser/Pychron/data/.dvc/repositories/Helix_air170/a-01/tags/-H-14.tags.json
add to repo msg=modified - -H-14.peak.json
add to repo msg=modified - -H-14.extr.json
not at valid file /Users/labuser/Pychron/data/.dvc/repositories/Helix_air170/a-01/monitor/-H-14.moni.json
commit message=<COLLECTION>
add to repo msg=modified - -H-14.inte.json
add to repo msg=modified - -H-14.base.json
commit message=<ISOEVO> default collection fits
add to repo msg=modified - -H-14.blan.json
commit message=<BLANKS> preceding ba-01-H-09
add to repo msg=modified - -H-14.icfa.json
commit message=<ICFactor> default
push repository <pychron.git_archive.repo_manager.GitRepoManager object at 0x12ca84ad0>
pushing to remote=origin, url=https://github.com
no changes to meta repo
create new session 4947786352
add association Helix_air170
get identifier "a-01-H"
setting analysis irradiation position=<pychron.dvc.dvc_orm.IrradiationPositionTbl object at 0x133123550>
close session 4947786352
================= post measurement finished
09:43:23 -- ******* Post Run Check *******
loading queue conditionals post_run_actions
loading system conditionals post_run_actions
loading conditionals from /Users/labuser/Pychron/setupfiles/spectrometer/default_conditionals.yaml
loading queue conditionals post_run_terminations
loading system conditionals post_run_terminations
loading conditionals from /Users/labuser/Pychron/setupfiles/spectrometer/default_conditionals.yaml
09:43:23 -- ******* Post Run Check Passed *******
09:43:23 -- Automated run a-01-H-14 success duration: 330.701 s
----------------- finish -----------------
----------------- stop -----------------
retroactive repository identifiers disabled
finish run. runs completed=2
update duration runid=a-01-H-14, duration=330.70107913, md5=060fae79
loading script "helix_air.py"
loading script "helix_pump_ms.py"
loading script "helix_air.py"
loading script "helix_pump_prep.py"
testing...
no interpolation path defined
executed snippet estimated_duration=286.88, duration=0.0002760887146
script duration name:air seconds:287.0
loading script "helix_air.py"
loading script "helix_pump_ms.py"
loading script "helix_air.py"
loading script "helix_pump_prep.py"
testing...
no interpolation path defined
executed snippet estimated_duration=0, duration=2.69412994385e-05
air in script context. using previous estimated duration
script duration name:air seconds:287.0
loading script "helix_air.py"
loading script "helix_pump_ms.py"
loading script "helix_air.py"
loading script "helix_pump_prep.py"
testing...
no interpolation path defined
executed snippet estimated_duration=4.0, duration=0.000136852264404
Script duration 574.0
Run total estimated duration= 575.000
script duration name:air seconds:287.0
pump_ms in script context. using previous estimated duration
script duration name:air seconds:287.0
pump_prep in script context. using previous estimated duration
Script duration 574.0
Run total estimated duration= 575.000
script duration name:air seconds:287.0
script duration name:air seconds:287.0
Script duration 574.0
Run total estimated duration= 575.000
script duration name:air seconds:287.0
script duration name:air seconds:287.0
Script duration 574.0
Run total estimated duration= 575.000
script duration name:air seconds:287.0
script duration name:air seconds:287.0
Script duration 574.0
Run total estimated duration= 575.000
script duration name:air seconds:287.0
script duration name:air seconds:287.0
Script duration 574.0
Run total estimated duration= 575.000
script duration name:air seconds:287.0
script duration name:air seconds:287.0
Script duration 574.0
Run total estimated duration= 575.000
script duration name:air seconds:287.0
script duration name:air seconds:287.0
Script duration 574.0
Run total estimated duration= 575.000
script duration name:air seconds:287.0
script duration name:air seconds:287.0
Script duration 574.0
Run total estimated duration= 575.000
script duration name:air seconds:287.0
script duration name:air seconds:287.0
Script duration 574.0
Run total estimated duration= 575.000
script duration name:air seconds:287.0
script duration name:air seconds:287.0
Script duration 574.0
Run total estimated duration= 575.000
script duration name:air seconds:287.0
script duration name:air seconds:287.0
Script duration 574.0
Run total estimated duration= 575.000
script duration name:air seconds:287.0
script duration name:air seconds:287.0
Script duration 574.0
Run total estimated duration= 575.000
script duration name:air seconds:287.0
script duration name:air seconds:287.0
Script duration 574.0
Run total estimated duration= 575.000
script duration name:air seconds:287.0
script duration name:air seconds:287.0
Script duration 574.0
Run total estimated duration= 575.000
script duration name:air seconds:287.0
script duration name:air seconds:287.0
Script duration 574.0
Run total estimated duration= 575.000
script duration name:air seconds:287.0
script duration name:air seconds:287.0
Script duration 574.0
Run total estimated duration= 575.000
script duration name:air seconds:287.0
script duration name:air seconds:287.0
Script duration 574.0
Run total estimated duration= 575.000
script duration name:air seconds:287.0
script duration name:air seconds:287.0
Script duration 574.0
Run total estimated duration= 575.000
script duration name:air seconds:287.0
script duration name:air seconds:287.0
Script duration 574.0
Run total estimated duration= 575.000
script duration name:air seconds:287.0
script duration name:air seconds:287.0
Script duration 574.0
Run total estimated duration= 575.000
script duration name:air seconds:287.0
script duration name:air seconds:287.0
Script duration 574.0
Run total estimated duration= 575.000
script duration name:air seconds:287.0
script duration name:air seconds:287.0
Script duration 574.0
Run total estimated duration= 575.000
script duration name:air seconds:287.0
script duration name:air seconds:287.0
Script duration 574.0
Run total estimated duration= 575.000
script duration name:air seconds:287.0
script duration name:air seconds:287.0
Script duration 574.0
Run total estimated duration= 575.000
script duration name:air seconds:287.0
script duration name:air seconds:287.0
Script duration 574.0
Run total estimated duration= 575.000
script duration name:air seconds:287.0
script duration name:air seconds:287.0
Script duration 574.0
Run total estimated duration= 575.000
script duration name:air seconds:287.0
script duration name:air seconds:287.0
Script duration 574.0
Run total estimated duration= 575.000
script duration name:air seconds:287.0
script duration name:air seconds:287.0
Script duration 574.0
Run total estimated duration= 575.000
script duration name:air seconds:287.0
script duration name:air seconds:287.0
Script duration 574.0
Run total estimated duration= 575.000
script duration name:air seconds:287.0
script duration name:air seconds:287.0
Script duration 574.0
Run total estimated duration= 575.000
script duration name:air seconds:287.0
script duration name:air seconds:287.0
Script duration 574.0
Run total estimated duration= 575.000
script duration name:air seconds:287.0
script duration name:air seconds:287.0
Script duration 574.0
Run total estimated duration= 575.000
script duration name:air seconds:287.0
script duration name:air seconds:287.0
Script duration 574.0
Run total estimated duration= 575.000
script duration name:air seconds:287.0
script duration name:air seconds:287.0
Script duration 574.0
Run total estimated duration= 575.000
nruns=35 before=5.0, run_dur=20125.0, btw=1020.0
write rem/ex queues
/Users/labuser/Pychron/experiments/rem/Air.rem.txt
/Users/labuser/Pychron/experiments/rem/Air.ex.txt
doing event level: 3
